# JRE version: OpenJDK Runtime Environment (8.0_76-b03) (build 1.8.0_76-release-b03)
# Java VM: OpenJDK 64-Bit Server VM (25.76-b03 mixed mode windows-amd64 compressed oops)
Heap:
 PSYoungGen      total 66048K, used 42782K [0x00000000eab00000, 0x00000000ef200000, 0x0000000100000000)
  eden space 59392K, 72% used [0x00000000eab00000,0x00000000ed4c79f8,0x00000000ee500000)
  from space 6656K, 0% used [0x00000000eeb80000,0x00000000eeb80000,0x00000000ef200000)
  to   space 6656K, 0% used [0x00000000ee500000,0x00000000ee500000,0x00000000eeb80000)
 ParOldGen       total 69632K, used 34757K [0x00000000c0000000, 0x00000000c4400000, 0x00000000eab00000)
  object space 69632K, 49% used [0x00000000c0000000,0x00000000c21f15f8,0x00000000c4400000)
 Metaspace       used 6099K, capacity 7152K, committed 7296K, reserved 1056768K
  class space    used 572K, capacity 616K, committed 640K, reserved 1048576K
GC Heap History (10 events):
Event: 7.871 GC heap before
{Heap before GC invocations=5 (full 0):
 PSYoungGen      total 31744K, used 31730K [0x00000000eab00000, 0x00000000ecc00000, 0x0000000100000000)
  eden space 29696K, 100% used [0x00000000eab00000,0x00000000ec800000,0x00000000ec800000)
  from space 2048K, 99% used [0x00000000eca00000,0x00000000ecbfcb48,0x00000000ecc00000)
  to   space 2048K, 0% used [0x00000000ec800000,0x00000000ec800000,0x00000000eca00000)
 ParOldGen       total 38400K, used 10183K [0x00000000c0000000, 0x00000000c2580000, 0x00000000eab00000)
  object space 38400K, 26% used [0x00000000c0000000,0x00000000c09f1d30,0x00000000c2580000)
 Metaspace       used 6006K, capacity 7088K, committed 7296K, reserved 1056768K
  class space    used 571K, capacity 616K, committed 640K, reserved 1048576K
Event: 7.930 GC heap after
Heap after GC invocations=5 (full 0):
 PSYoungGen      total 31744K, used 2025K [0x00000000eab00000, 0x00000000ef200000, 0x0000000100000000)
  eden space 29696K, 0% used [0x00000000eab00000,0x00000000eab00000,0x00000000ec800000)
  from space 2048K, 98% used [0x00000000ec800000,0x00000000ec9fa588,0x00000000eca00000)
  to   space 6656K, 0% used [0x00000000eeb80000,0x00000000eeb80000,0x00000000ef200000)
 ParOldGen       total 38400K, used 14911K [0x00000000c0000000, 0x00000000c2580000, 0x00000000eab00000)
  object space 38400K, 38% used [0x00000000c0000000,0x00000000c0e8fc88,0x00000000c2580000)
 Metaspace       used 6006K, capacity 7088K, committed 7296K, reserved 1056768K
  class space    used 571K, capacity 616K, committed 640K, reserved 1048576K
}
Event: 9.902 GC heap before
{Heap before GC invocations=6 (full 0):
 PSYoungGen      total 31744K, used 31721K [0x00000000eab00000, 0x00000000ef200000, 0x0000000100000000)
  eden space 29696K, 100% used [0x00000000eab00000,0x00000000ec800000,0x00000000ec800000)
  from space 2048K, 98% used [0x00000000ec800000,0x00000000ec9fa588,0x00000000eca00000)
  to   space 6656K, 0% used [0x00000000eeb80000,0x00000000eeb80000,0x00000000ef200000)
 ParOldGen       total 38400K, used 14911K [0x00000000c0000000, 0x00000000c2580000, 0x00000000eab00000)
  object space 38400K, 38% used [0x00000000c0000000,0x00000000c0e8fc88,0x00000000c2580000)
 Metaspace       used 6022K, capacity 7088K, committed 7296K, reserved 1056768K
  class space    used 571K, capacity 616K, committed 640K, reserved 1048576K
Event: 9.989 GC heap after
Heap after GC invocations=6 (full 0):
 PSYoungGen      total 66048K, used 6068K [0x00000000eab00000, 0x00000000ef200000, 0x0000000100000000)
  eden space 59392K, 0% used [0x00000000eab00000,0x00000000eab00000,0x00000000ee500000)
  from space 6656K, 91% used [0x00000000eeb80000,0x00000000ef16d3d0,0x00000000ef200000)
  to   space 6656K, 0% used [0x00000000ee500000,0x00000000ee500000,0x00000000eeb80000)
 ParOldGen       total 38400K, used 14911K [0x00000000c0000000, 0x00000000c2580000, 0x00000000eab00000)
  object space 38400K, 38% used [0x00000000c0000000,0x00000000c0e8fc88,0x00000000c2580000)
 Metaspace       used 6022K, capacity 7088K, committed 7296K, reserved 1056768K
  class space    used 571K, capacity 616K, committed 640K, reserved 1048576K
}
Event: 13.076 GC heap before
{Heap before GC invocations=7 (full 0):
 PSYoungGen      total 66048K, used 65460K [0x00000000eab00000, 0x00000000ef200000, 0x0000000100000000)
  eden space 59392K, 100% used [0x00000000eab00000,0x00000000ee500000,0x00000000ee500000)
  from space 6656K, 91% used [0x00000000eeb80000,0x00000000ef16d3d0,0x00000000ef200000)
  to   space 6656K, 0% used [0x00000000ee500000,0x00000000ee500000,0x00000000eeb80000)
 ParOldGen       total 38400K, used 14911K [0x00000000c0000000, 0x00000000c2580000, 0x00000000eab00000)
  object space 38400K, 38% used [0x00000000c0000000,0x00000000c0e8fc88,0x00000000c2580000)
 Metaspace       used 6044K, capacity 7088K, committed 7296K, reserved 1056768K
  class space    used 571K, capacity 616K, committed 640K, reserved 1048576K
Event: 13.189 GC heap after
Heap after GC invocations=7 (full 0):
 PSYoungGen      total 66048K, used 6632K [0x00000000eab00000, 0x00000000ef200000, 0x0000000100000000)
  eden space 59392K, 0% used [0x00000000eab00000,0x00000000eab00000,0x00000000ee500000)
  from space 6656K, 99% used [0x00000000ee500000,0x00000000eeb7a2a0,0x00000000eeb80000)
  to   space 6656K, 0% used [0x00000000eeb80000,0x00000000eeb80000,0x00000000ef200000)
 ParOldGen       total 38400K, used 22768K [0x00000000c0000000, 0x00000000c2580000, 0x00000000eab00000)
  object space 38400K, 59% used [0x00000000c0000000,0x00000000c163c268,0x00000000c2580000)
 Metaspace       used 6044K, capacity 7088K, committed 7296K, reserved 1056768K
  class space    used 571K, capacity 616K, committed 640K, reserved 1048576K
}
Event: 16.127 GC heap before
{Heap before GC invocations=8 (full 0):
 PSYoungGen      total 66048K, used 66024K [0x00000000eab00000, 0x00000000ef200000, 0x0000000100000000)
  eden space 59392K, 100% used [0x00000000eab00000,0x00000000ee500000,0x00000000ee500000)
  from space 6656K, 99% used [0x00000000ee500000,0x00000000eeb7a2a0,0x00000000eeb80000)
  to   space 6656K, 0% used [0x00000000eeb80000,0x00000000eeb80000,0x00000000ef200000)
 ParOldGen       total 38400K, used 22768K [0x00000000c0000000, 0x00000000c2580000, 0x00000000eab00000)
  object space 38400K, 59% used [0x00000000c0000000,0x00000000c163c268,0x00000000c2580000)
 Metaspace       used 6077K, capacity 7088K, committed 7296K, reserved 1056768K
  class space    used 571K, capacity 616K, committed 640K, reserved 1048576K
Event: 16.261 GC heap after
Heap after GC invocations=8 (full 0):
 PSYoungGen      total 66048K, used 6632K [0x00000000eab00000, 0x00000000ef200000, 0x0000000100000000)
  eden space 59392K, 0% used [0x00000000eab00000,0x00000000eab00000,0x00000000ee500000)
  from space 6656K, 99% used [0x00000000eeb80000,0x00000000ef1fa138,0x00000000ef200000)
  to   space 6656K, 0% used [0x00000000ee500000,0x00000000ee500000,0x00000000eeb80000)
 ParOldGen       total 38400K, used 32407K [0x00000000c0000000, 0x00000000c2580000, 0x00000000eab00000)
  object space 38400K, 84% used [0x00000000c0000000,0x00000000c1fa5c88,0x00000000c2580000)
 Metaspace       used 6077K, capacity 7088K, committed 7296K, reserved 1056768K
  class space    used 571K, capacity 616K, committed 640K, reserved 1048576K
}
Event: 16.261 GC heap before
{Heap before GC invocations=9 (full 1):
 PSYoungGen      total 66048K, used 6632K [0x00000000eab00000, 0x00000000ef200000, 0x0000000100000000)
  eden space 59392K, 0% used [0x00000000eab00000,0x00000000eab00000,0x00000000ee500000)
  from space 6656K, 99% used [0x00000000eeb80000,0x00000000ef1fa138,0x00000000ef200000)
  to   space 6656K, 0% used [0x00000000ee500000,0x00000000ee500000,0x00000000eeb80000)
 ParOldGen       total 38400K, used 32407K [0x00000000c0000000, 0x00000000c2580000, 0x00000000eab00000)
  object space 38400K, 84% used [0x00000000c0000000,0x00000000c1fa5c88,0x00000000c2580000)
 Metaspace       used 6077K, capacity 7088K, committed 7296K, reserved 1056768K
  class space    used 571K, capacity 616K, committed 640K, reserved 1048576K
Event: 17.929 GC heap after
Heap after GC invocations=9 (full 1):
 PSYoungGen      total 66048K, used 0K [0x00000000eab00000, 0x00000000ef200000, 0x0000000100000000)
  eden space 59392K, 0% used [0x00000000eab00000,0x00000000eab00000,0x00000000ee500000)
  from space 6656K, 0% used [0x00000000eeb80000,0x00000000eeb80000,0x00000000ef200000)
  to   space 6656K, 0% used [0x00000000ee500000,0x00000000ee500000,0x00000000eeb80000)
 ParOldGen       total 69632K, used 34757K [0x00000000c0000000, 0x00000000c4400000, 0x00000000eab00000)
  object space 69632K, 49% used [0x00000000c0000000,0x00000000c21f15f8,0x00000000c4400000)
 Metaspace       used 6077K, capacity 7088K, committed 7296K, reserved 1056768K
  class space    used 571K, capacity 616K, committed 640K, reserved 1048576K
}

