# JRE version: OpenJDK Runtime Environment (8.0_76-b03) (build 1.8.0_76-release-b03)
# Java VM: OpenJDK 64-Bit Server VM (25.76-b03 mixed mode windows-amd64 compressed oops)
Heap:
 PSYoungGen      total 227328K, used 10403K [0x00000000eab00000, 0x00000000fbb80000, 0x0000000100000000)
  eden space 186880K, 5% used [0x00000000eab00000,0x00000000eb528ef0,0x00000000f6180000)
  from space 40448K, 0% used [0x00000000f9300000,0x00000000f9300000,0x00000000fba80000)
  to   space 46080K, 0% used [0x00000000f6180000,0x00000000f6180000,0x00000000f8e80000)
 ParOldGen       total 331264K, used 140074K [0x00000000c0000000, 0x00000000d4380000, 0x00000000eab00000)
  object space 331264K, 42% used [0x00000000c0000000,0x00000000c88ca920,0x00000000d4380000)
 Metaspace       used 6739K, capacity 7664K, committed 7808K, reserved 1056768K
  class space    used 595K, capacity 616K, committed 640K, reserved 1048576K
GC Heap History (10 events):
Event: 57.750 GC heap before
{Heap before GC invocations=18 (full 3):
 PSYoungGen      total 227328K, used 223820K [0x00000000eab00000, 0x00000000fbb80000, 0x0000000100000000)
  eden space 186880K, 100% used [0x00000000eab00000,0x00000000f6180000,0x00000000f6180000)
  from space 40448K, 91% used [0x00000000f9300000,0x00000000fb713048,0x00000000fba80000)
  to   space 46080K, 0% used [0x00000000f6180000,0x00000000f6180000,0x00000000f8e80000)
 ParOldGen       total 214528K, used 128540K [0x00000000c0000000, 0x00000000cd180000, 0x00000000eab00000)
  object space 214528K, 59% used [0x00000000c0000000,0x00000000c7d87200,0x00000000cd180000)
 Metaspace       used 6220K, capacity 7216K, committed 7296K, reserved 1056768K
  class space    used 573K, capacity 616K, committed 640K, reserved 1048576K
Event: 58.131 GC heap after
Heap after GC invocations=18 (full 3):
 PSYoungGen      total 232960K, used 46077K [0x00000000eab00000, 0x00000000fbb80000, 0x0000000100000000)
  eden space 186880K, 0% used [0x00000000eab00000,0x00000000eab00000,0x00000000f6180000)
  from space 46080K, 99% used [0x00000000f6180000,0x00000000f8e7f530,0x00000000f8e80000)
  to   space 40448K, 0% used [0x00000000f9300000,0x00000000f9300000,0x00000000fba80000)
 ParOldGen       total 214528K, used 148533K [0x00000000c0000000, 0x00000000cd180000, 0x00000000eab00000)
  object space 214528K, 69% used [0x00000000c0000000,0x00000000c910d6e8,0x00000000cd180000)
 Metaspace       used 6220K, capacity 7216K, committed 7296K, reserved 1056768K
  class space    used 573K, capacity 616K, committed 640K, reserved 1048576K
}
Event: 61.795 GC heap before
{Heap before GC invocations=19 (full 3):
 PSYoungGen      total 232960K, used 232957K [0x00000000eab00000, 0x00000000fbb80000, 0x0000000100000000)
  eden space 186880K, 100% used [0x00000000eab00000,0x00000000f6180000,0x00000000f6180000)
  from space 46080K, 99% used [0x00000000f6180000,0x00000000f8e7f530,0x00000000f8e80000)
  to   space 40448K, 0% used [0x00000000f9300000,0x00000000f9300000,0x00000000fba80000)
 ParOldGen       total 214528K, used 148533K [0x00000000c0000000, 0x00000000cd180000, 0x00000000eab00000)
  object space 214528K, 69% used [0x00000000c0000000,0x00000000c910d6e8,0x00000000cd180000)
 Metaspace       used 6233K, capacity 7216K, committed 7296K, reserved 1056768K
  class space    used 574K, capacity 616K, committed 640K, reserved 1048576K
Event: 62.570 GC heap after
Heap after GC invocations=19 (full 3):
 PSYoungGen      total 227328K, used 40417K [0x00000000eab00000, 0x00000000fbb80000, 0x0000000100000000)
  eden space 186880K, 0% used [0x00000000eab00000,0x00000000eab00000,0x00000000f6180000)
  from space 40448K, 99% used [0x00000000f9300000,0x00000000fba78520,0x00000000fba80000)
  to   space 46080K, 0% used [0x00000000f6180000,0x00000000f6180000,0x00000000f8e80000)
 ParOldGen       total 214528K, used 183693K [0x00000000c0000000, 0x00000000cd180000, 0x00000000eab00000)
  object space 214528K, 85% used [0x00000000c0000000,0x00000000cb363510,0x00000000cd180000)
 Metaspace       used 6233K, capacity 7216K, committed 7296K, reserved 1056768K
  class space    used 574K, capacity 616K, committed 640K, reserved 1048576K
}
Event: 62.570 GC heap before
{Heap before GC invocations=20 (full 4):
 PSYoungGen      total 227328K, used 40417K [0x00000000eab00000, 0x00000000fbb80000, 0x0000000100000000)
  eden space 186880K, 0% used [0x00000000eab00000,0x00000000eab00000,0x00000000f6180000)
  from space 40448K, 99% used [0x00000000f9300000,0x00000000fba78520,0x00000000fba80000)
  to   space 46080K, 0% used [0x00000000f6180000,0x00000000f6180000,0x00000000f8e80000)
 ParOldGen       total 214528K, used 183693K [0x00000000c0000000, 0x00000000cd180000, 0x00000000eab00000)
  object space 214528K, 85% used [0x00000000c0000000,0x00000000cb363510,0x00000000cd180000)
 Metaspace       used 6233K, capacity 7216K, committed 7296K, reserved 1056768K
  class space    used 574K, capacity 616K, committed 640K, reserved 1048576K
Event: 70.416 GC heap after
Heap after GC invocations=20 (full 4):
 PSYoungGen      total 227328K, used 6104K [0x00000000eab00000, 0x00000000fbb80000, 0x0000000100000000)
  eden space 186880K, 0% used [0x00000000eab00000,0x00000000eab00000,0x00000000f6180000)
  from space 40448K, 15% used [0x00000000f9300000,0x00000000f98f6108,0x00000000fba80000)
  to   space 46080K, 0% used [0x00000000f6180000,0x00000000f6180000,0x00000000f8e80000)
 ParOldGen       total 214528K, used 214289K [0x00000000c0000000, 0x00000000cd180000, 0x00000000eab00000)
  object space 214528K, 99% used [0x00000000c0000000,0x00000000cd144610,0x00000000cd180000)
 Metaspace       used 6233K, capacity 7216K, committed 7296K, reserved 1056768K
  class space    used 574K, capacity 616K, committed 640K, reserved 1048576K
}
Event: 72.263 GC heap before
{Heap before GC invocations=21 (full 5):
 PSYoungGen      total 227328K, used 192984K [0x00000000eab00000, 0x00000000fbb80000, 0x0000000100000000)
  eden space 186880K, 100% used [0x00000000eab00000,0x00000000f6180000,0x00000000f6180000)
  from space 40448K, 15% used [0x00000000f9300000,0x00000000f98f6108,0x00000000fba80000)
  to   space 46080K, 0% used [0x00000000f6180000,0x00000000f6180000,0x00000000f8e80000)
 ParOldGen       total 214528K, used 214289K [0x00000000c0000000, 0x00000000cd180000, 0x00000000eab00000)
  object space 214528K, 99% used [0x00000000c0000000,0x00000000cd144610,0x00000000cd180000)
 Metaspace       used 6233K, capacity 7216K, committed 7296K, reserved 1056768K
  class space    used 574K, capacity 616K, committed 640K, reserved 1048576K
Event: 77.746 GC heap after
Heap after GC invocations=21 (full 5):
 PSYoungGen      total 227328K, used 22734K [0x00000000eab00000, 0x00000000fbb80000, 0x0000000100000000)
  eden space 186880K, 12% used [0x00000000eab00000,0x00000000ec1339b8,0x00000000f6180000)
  from space 40448K, 0% used [0x00000000f9300000,0x00000000f9300000,0x00000000fba80000)
  to   space 46080K, 0% used [0x00000000f6180000,0x00000000f6180000,0x00000000f8e80000)
 ParOldGen       total 214528K, used 214482K [0x00000000c0000000, 0x00000000cd180000, 0x00000000eab00000)
  object space 214528K, 99% used [0x00000000c0000000,0x00000000cd174a68,0x00000000cd180000)
 Metaspace       used 6233K, capacity 7216K, committed 7296K, reserved 1056768K
  class space    used 574K, capacity 616K, committed 640K, reserved 1048576K
}
Event: 88.597 GC heap before
{Heap before GC invocations=22 (full 6):
 PSYoungGen      total 227328K, used 186880K [0x00000000eab00000, 0x00000000fbb80000, 0x0000000100000000)
  eden space 186880K, 100% used [0x00000000eab00000,0x00000000f6180000,0x00000000f6180000)
  from space 40448K, 0% used [0x00000000f9300000,0x00000000f9300000,0x00000000fba80000)
  to   space 46080K, 0% used [0x00000000f6180000,0x00000000f6180000,0x00000000f8e80000)
 ParOldGen       total 214528K, used 214482K [0x00000000c0000000, 0x00000000cd180000, 0x00000000eab00000)
  object space 214528K, 99% used [0x00000000c0000000,0x00000000cd174a68,0x00000000cd180000)
 Metaspace       used 6665K, capacity 7600K, committed 7808K, reserved 1056768K
  class space    used 594K, capacity 616K, committed 640K, reserved 1048576K
Event: 92.974 GC heap after
Heap after GC invocations=22 (full 6):
 PSYoungGen      total 227328K, used 0K [0x00000000eab00000, 0x00000000fbb80000, 0x0000000100000000)
  eden space 186880K, 0% used [0x00000000eab00000,0x00000000eab00000,0x00000000f6180000)
  from space 40448K, 0% used [0x00000000f9300000,0x00000000f9300000,0x00000000fba80000)
  to   space 46080K, 0% used [0x00000000f6180000,0x00000000f6180000,0x00000000f8e80000)
 ParOldGen       total 331264K, used 140074K [0x00000000c0000000, 0x00000000d4380000, 0x00000000eab00000)
  object space 331264K, 42% used [0x00000000c0000000,0x00000000c88ca920,0x00000000d4380000)
 Metaspace       used 6665K, capacity 7600K, committed 7808K, reserved 1056768K
  class space    used 594K, capacity 616K, committed 640K, reserved 1048576K
}

