# JRE version: OpenJDK Runtime Environment (8.0_76-b03) (build 1.8.0_76-release-b03)
# Java VM: OpenJDK 64-Bit Server VM (25.76-b03 mixed mode windows-amd64 compressed oops)
Heap:
 PSYoungGen      total 242176K, used 165398K [0x00000000eab00000, 0x00000000fe380000, 0x0000000100000000)
  eden space 183808K, 83% used [0x00000000eab00000,0x00000000f419ebc0,0x00000000f5e80000)
  from space 58368K, 19% used [0x00000000f5e80000,0x00000000f6966f28,0x00000000f9780000)
  to   space 55296K, 0% used [0x00000000fad80000,0x00000000fad80000,0x00000000fe380000)
 ParOldGen       total 354304K, used 220294K [0x00000000c0000000, 0x00000000d5a00000, 0x00000000eab00000)
  object space 354304K, 62% used [0x00000000c0000000,0x00000000cd721bf0,0x00000000d5a00000)
 Metaspace       used 6298K, capacity 7216K, committed 7296K, reserved 1056768K
  class space    used 578K, capacity 616K, committed 640K, reserved 1048576K
GC Heap History (10 events):
Event: 46.798 GC heap before
{Heap before GC invocations=17 (full 3):
 PSYoungGen      total 207872K, used 38382K [0x00000000eab00000, 0x00000000fbc80000, 0x0000000100000000)
  eden space 169472K, 0% used [0x00000000eab00000,0x00000000eab00000,0x00000000f5080000)
  from space 38400K, 99% used [0x00000000f8080000,0x00000000fa5fba08,0x00000000fa600000)
  to   space 49152K, 0% used [0x00000000f5080000,0x00000000f5080000,0x00000000f8080000)
 ParOldGen       total 132608K, used 122294K [0x00000000c0000000, 0x00000000c8180000, 0x00000000eab00000)
  object space 132608K, 92% used [0x00000000c0000000,0x00000000c776da68,0x00000000c8180000)
 Metaspace       used 6209K, capacity 7216K, committed 7296K, reserved 1056768K
  class space    used 573K, capacity 616K, committed 640K, reserved 1048576K
Event: 50.379 GC heap after
Heap after GC invocations=17 (full 3):
 PSYoungGen      total 207872K, used 25999K [0x00000000eab00000, 0x00000000fbc80000, 0x0000000100000000)
  eden space 169472K, 0% used [0x00000000eab00000,0x00000000eab00000,0x00000000f5080000)
  from space 38400K, 67% used [0x00000000f8080000,0x00000000f99e3f40,0x00000000fa600000)
  to   space 49152K, 0% used [0x00000000f5080000,0x00000000f5080000,0x00000000f8080000)
 ParOldGen       total 220672K, used 132240K [0x00000000c0000000, 0x00000000cd780000, 0x00000000eab00000)
  object space 220672K, 59% used [0x00000000c0000000,0x00000000c8124148,0x00000000cd780000)
 Metaspace       used 6209K, capacity 7216K, committed 7296K, reserved 1056768K
  class space    used 573K, capacity 616K, committed 640K, reserved 1048576K
}
Event: 55.595 GC heap before
{Heap before GC invocations=18 (full 3):
 PSYoungGen      total 207872K, used 195471K [0x00000000eab00000, 0x00000000fbc80000, 0x0000000100000000)
  eden space 169472K, 100% used [0x00000000eab00000,0x00000000f5080000,0x00000000f5080000)
  from space 38400K, 67% used [0x00000000f8080000,0x00000000f99e3f40,0x00000000fa600000)
  to   space 49152K, 0% used [0x00000000f5080000,0x00000000f5080000,0x00000000f8080000)
 ParOldGen       total 220672K, used 132240K [0x00000000c0000000, 0x00000000cd780000, 0x00000000eab00000)
  object space 220672K, 59% used [0x00000000c0000000,0x00000000c8124148,0x00000000cd780000)
 Metaspace       used 6213K, capacity 7216K, committed 7296K, reserved 1056768K
  class space    used 573K, capacity 616K, committed 640K, reserved 1048576K
Event: 55.991 GC heap after
Heap after GC invocations=18 (full 3):
 PSYoungGen      total 218624K, used 27328K [0x00000000eab00000, 0x00000000fc780000, 0x0000000100000000)
  eden space 169472K, 0% used [0x00000000eab00000,0x00000000eab00000,0x00000000f5080000)
  from space 49152K, 55% used [0x00000000f5080000,0x00000000f6b30000,0x00000000f8080000)
  to   space 49152K, 0% used [0x00000000f9780000,0x00000000f9780000,0x00000000fc780000)
 ParOldGen       total 220672K, used 158491K [0x00000000c0000000, 0x00000000cd780000, 0x00000000eab00000)
  object space 220672K, 71% used [0x00000000c0000000,0x00000000c9ac6c38,0x00000000cd780000)
 Metaspace       used 6213K, capacity 7216K, committed 7296K, reserved 1056768K
  class space    used 573K, capacity 616K, committed 640K, reserved 1048576K
}
Event: 59.443 GC heap before
{Heap before GC invocations=19 (full 3):
 PSYoungGen      total 218624K, used 196800K [0x00000000eab00000, 0x00000000fc780000, 0x0000000100000000)
  eden space 169472K, 100% used [0x00000000eab00000,0x00000000f5080000,0x00000000f5080000)
  from space 49152K, 55% used [0x00000000f5080000,0x00000000f6b30000,0x00000000f8080000)
  to   space 49152K, 0% used [0x00000000f9780000,0x00000000f9780000,0x00000000fc780000)
 ParOldGen       total 220672K, used 158491K [0x00000000c0000000, 0x00000000cd780000, 0x00000000eab00000)
  object space 220672K, 71% used [0x00000000c0000000,0x00000000c9ac6c38,0x00000000cd780000)
 Metaspace       used 6226K, capacity 7216K, committed 7296K, reserved 1056768K
  class space    used 573K, capacity 616K, committed 640K, reserved 1048576K
Event: 59.853 GC heap after
Heap after GC invocations=19 (full 3):
 PSYoungGen      total 232960K, used 49120K [0x00000000eab00000, 0x00000000fde80000, 0x0000000100000000)
  eden space 183808K, 0% used [0x00000000eab00000,0x00000000eab00000,0x00000000f5e80000)
  from space 49152K, 99% used [0x00000000f9780000,0x00000000fc7782a0,0x00000000fc780000)
  to   space 58368K, 0% used [0x00000000f5e80000,0x00000000f5e80000,0x00000000f9780000)
 ParOldGen       total 220672K, used 162201K [0x00000000c0000000, 0x00000000cd780000, 0x00000000eab00000)
  object space 220672K, 73% used [0x00000000c0000000,0x00000000c9e664d0,0x00000000cd780000)
 Metaspace       used 6226K, capacity 7216K, committed 7296K, reserved 1056768K
  class space    used 573K, capacity 616K, committed 640K, reserved 1048576K
}
Event: 62.216 GC heap before
{Heap before GC invocations=20 (full 3):
 PSYoungGen      total 232960K, used 232928K [0x00000000eab00000, 0x00000000fde80000, 0x0000000100000000)
  eden space 183808K, 100% used [0x00000000eab00000,0x00000000f5e80000,0x00000000f5e80000)
  from space 49152K, 99% used [0x00000000f9780000,0x00000000fc7782a0,0x00000000fc780000)
  to   space 58368K, 0% used [0x00000000f5e80000,0x00000000f5e80000,0x00000000f9780000)
 ParOldGen       total 220672K, used 162201K [0x00000000c0000000, 0x00000000cd780000, 0x00000000eab00000)
  object space 220672K, 73% used [0x00000000c0000000,0x00000000c9e664d0,0x00000000cd780000)
 Metaspace       used 6226K, capacity 7216K, committed 7296K, reserved 1056768K
  class space    used 573K, capacity 616K, committed 640K, reserved 1048576K
Event: 62.648 GC heap after
Heap after GC invocations=20 (full 3):
 PSYoungGen      total 242176K, used 22584K [0x00000000eab00000, 0x00000000fe380000, 0x0000000100000000)
  eden space 183808K, 0% used [0x00000000eab00000,0x00000000eab00000,0x00000000f5e80000)
  from space 58368K, 38% used [0x00000000f5e80000,0x00000000f748e198,0x00000000f9780000)
  to   space 55296K, 0% used [0x00000000fad80000,0x00000000fad80000,0x00000000fe380000)
 ParOldGen       total 220672K, used 211536K [0x00000000c0000000, 0x00000000cd780000, 0x00000000eab00000)
  object space 220672K, 95% used [0x00000000c0000000,0x00000000cce94048,0x00000000cd780000)
 Metaspace       used 6226K, capacity 7216K, committed 7296K, reserved 1056768K
  class space    used 573K, capacity 616K, committed 640K, reserved 1048576K
}
Event: 62.648 GC heap before
{Heap before GC invocations=21 (full 4):
 PSYoungGen      total 242176K, used 22584K [0x00000000eab00000, 0x00000000fe380000, 0x0000000100000000)
  eden space 183808K, 0% used [0x00000000eab00000,0x00000000eab00000,0x00000000f5e80000)
  from space 58368K, 38% used [0x00000000f5e80000,0x00000000f748e198,0x00000000f9780000)
  to   space 55296K, 0% used [0x00000000fad80000,0x00000000fad80000,0x00000000fe380000)
 ParOldGen       total 220672K, used 211536K [0x00000000c0000000, 0x00000000cd780000, 0x00000000eab00000)
  object space 220672K, 95% used [0x00000000c0000000,0x00000000cce94048,0x00000000cd780000)
 Metaspace       used 6226K, capacity 7216K, committed 7296K, reserved 1056768K
  class space    used 573K, capacity 616K, committed 640K, reserved 1048576K
Event: 68.592 GC heap after
Heap after GC invocations=21 (full 4):
 PSYoungGen      total 242176K, used 11163K [0x00000000eab00000, 0x00000000fe380000, 0x0000000100000000)
  eden space 183808K, 0% used [0x00000000eab00000,0x00000000eab00000,0x00000000f5e80000)
  from space 58368K, 19% used [0x00000000f5e80000,0x00000000f6966f28,0x00000000f9780000)
  to   space 55296K, 0% used [0x00000000fad80000,0x00000000fad80000,0x00000000fe380000)
 ParOldGen       total 354304K, used 220294K [0x00000000c0000000, 0x00000000d5a00000, 0x00000000eab00000)
  object space 354304K, 62% used [0x00000000c0000000,0x00000000cd721bf0,0x00000000d5a00000)
 Metaspace       used 6226K, capacity 7216K, committed 7296K, reserved 1056768K
  class space    used 573K, capacity 616K, committed 640K, reserved 1048576K
}

