# JRE version: OpenJDK Runtime Environment (8.0_76-b03) (build 1.8.0_76-release-b03)
# Java VM: OpenJDK 64-Bit Server VM (25.76-b03 mixed mode windows-amd64 compressed oops)
Heap:
 PSYoungGen      total 243712K, used 149292K [0x00000000eab00000, 0x00000000fec00000, 0x0000000100000000)
  eden space 201728K, 74% used [0x00000000eab00000,0x00000000f3ccb2a0,0x00000000f7000000)
  from space 41984K, 0% used [0x00000000fa580000,0x00000000fa580000,0x00000000fce80000)
  to   space 54784K, 36% used [0x00000000f7000000,0x00000000f8361ec8,0x00000000fa580000)
 ParOldGen       total 219136K, used 218852K [0x00000000c0000000, 0x00000000cd600000, 0x00000000eab00000)
  object space 219136K, 99% used [0x00000000c0000000,0x00000000cd5b9188,0x00000000cd600000)
 Metaspace       used 6635K, capacity 7536K, committed 7808K, reserved 1056768K
  class space    used 594K, capacity 616K, committed 640K, reserved 1048576K
GC Heap History (10 events):
Event: 51.746 GC heap before
{Heap before GC invocations=14 (full 3):
 PSYoungGen      total 197120K, used 172032K [0x00000000eab00000, 0x00000000fa580000, 0x0000000100000000)
  eden space 172032K, 100% used [0x00000000eab00000,0x00000000f5300000,0x00000000f5300000)
  from space 25088K, 0% used [0x00000000f8800000,0x00000000f8800000,0x00000000fa080000)
  to   space 5120K, 0% used [0x00000000fa080000,0x00000000fa080000,0x00000000fa580000)
 ParOldGen       total 217600K, used 134756K [0x00000000c0000000, 0x00000000cd480000, 0x00000000eab00000)
  object space 217600K, 61% used [0x00000000c0000000,0x00000000c83991d8,0x00000000cd480000)
 Metaspace       used 6210K, capacity 7216K, committed 7296K, reserved 1056768K
  class space    used 574K, capacity 616K, committed 640K, reserved 1048576K
Event: 52.024 GC heap after
Heap after GC invocations=14 (full 3):
 PSYoungGen      total 195584K, used 5092K [0x00000000eab00000, 0x00000000fb100000, 0x0000000100000000)
  eden space 190464K, 0% used [0x00000000eab00000,0x00000000eab00000,0x00000000f6500000)
  from space 5120K, 99% used [0x00000000fa080000,0x00000000fa579200,0x00000000fa580000)
  to   space 38912K, 0% used [0x00000000f6500000,0x00000000f6500000,0x00000000f8b00000)
 ParOldGen       total 217600K, used 157595K [0x00000000c0000000, 0x00000000cd480000, 0x00000000eab00000)
  object space 217600K, 72% used [0x00000000c0000000,0x00000000c99e6f30,0x00000000cd480000)
 Metaspace       used 6210K, capacity 7216K, committed 7296K, reserved 1056768K
  class space    used 574K, capacity 616K, committed 640K, reserved 1048576K
}
Event: 57.233 GC heap before
{Heap before GC invocations=15 (full 3):
 PSYoungGen      total 195584K, used 195556K [0x00000000eab00000, 0x00000000fb100000, 0x0000000100000000)
  eden space 190464K, 100% used [0x00000000eab00000,0x00000000f6500000,0x00000000f6500000)
  from space 5120K, 99% used [0x00000000fa080000,0x00000000fa579200,0x00000000fa580000)
  to   space 38912K, 0% used [0x00000000f6500000,0x00000000f6500000,0x00000000f8b00000)
 ParOldGen       total 217600K, used 157595K [0x00000000c0000000, 0x00000000cd480000, 0x00000000eab00000)
  object space 217600K, 72% used [0x00000000c0000000,0x00000000c99e6f30,0x00000000cd480000)
 Metaspace       used 6214K, capacity 7216K, committed 7296K, reserved 1056768K
  class space    used 574K, capacity 616K, committed 640K, reserved 1048576K
Event: 57.694 GC heap after
Heap after GC invocations=15 (full 3):
 PSYoungGen      total 229376K, used 30593K [0x00000000eab00000, 0x00000000fce80000, 0x0000000100000000)
  eden space 190464K, 0% used [0x00000000eab00000,0x00000000eab00000,0x00000000f6500000)
  from space 38912K, 78% used [0x00000000f6500000,0x00000000f82e0738,0x00000000f8b00000)
  to   space 41984K, 0% used [0x00000000fa580000,0x00000000fa580000,0x00000000fce80000)
 ParOldGen       total 217600K, used 162719K [0x00000000c0000000, 0x00000000cd480000, 0x00000000eab00000)
  object space 217600K, 74% used [0x00000000c0000000,0x00000000c9ee7c10,0x00000000cd480000)
 Metaspace       used 6214K, capacity 7216K, committed 7296K, reserved 1056768K
  class space    used 574K, capacity 616K, committed 640K, reserved 1048576K
}
Event: 61.349 GC heap before
{Heap before GC invocations=16 (full 3):
 PSYoungGen      total 229376K, used 221057K [0x00000000eab00000, 0x00000000fce80000, 0x0000000100000000)
  eden space 190464K, 100% used [0x00000000eab00000,0x00000000f6500000,0x00000000f6500000)
  from space 38912K, 78% used [0x00000000f6500000,0x00000000f82e0738,0x00000000f8b00000)
  to   space 41984K, 0% used [0x00000000fa580000,0x00000000fa580000,0x00000000fce80000)
 ParOldGen       total 217600K, used 162719K [0x00000000c0000000, 0x00000000cd480000, 0x00000000eab00000)
  object space 217600K, 74% used [0x00000000c0000000,0x00000000c9ee7c10,0x00000000cd480000)
 Metaspace       used 6227K, capacity 7216K, committed 7296K, reserved 1056768K
  class space    used 574K, capacity 616K, committed 640K, reserved 1048576K
Event: 61.768 GC heap after
Heap after GC invocations=16 (full 3):
 PSYoungGen      total 243712K, used 41953K [0x00000000eab00000, 0x00000000fec00000, 0x0000000100000000)
  eden space 201728K, 0% used [0x00000000eab00000,0x00000000eab00000,0x00000000f7000000)
  from space 41984K, 99% used [0x00000000fa580000,0x00000000fce78520,0x00000000fce80000)
  to   space 54784K, 0% used [0x00000000f7000000,0x00000000f7000000,0x00000000fa580000)
 ParOldGen       total 217600K, used 179788K [0x00000000c0000000, 0x00000000cd480000, 0x00000000eab00000)
  object space 217600K, 82% used [0x00000000c0000000,0x00000000caf930a0,0x00000000cd480000)
 Metaspace       used 6227K, capacity 7216K, committed 7296K, reserved 1056768K
  class space    used 574K, capacity 616K, committed 640K, reserved 1048576K
}
Event: 64.326 GC heap before
{Heap before GC invocations=17 (full 3):
 PSYoungGen      total 243712K, used 243681K [0x00000000eab00000, 0x00000000fec00000, 0x0000000100000000)
  eden space 201728K, 100% used [0x00000000eab00000,0x00000000f7000000,0x00000000f7000000)
  from space 41984K, 99% used [0x00000000fa580000,0x00000000fce78520,0x00000000fce80000)
  to   space 54784K, 0% used [0x00000000f7000000,0x00000000f7000000,0x00000000fa580000)
 ParOldGen       total 217600K, used 179788K [0x00000000c0000000, 0x00000000cd480000, 0x00000000eab00000)
  object space 217600K, 82% used [0x00000000c0000000,0x00000000caf930a0,0x00000000cd480000)
 Metaspace       used 6228K, capacity 7216K, committed 7296K, reserved 1056768K
  class space    used 574K, capacity 616K, committed 640K, reserved 1048576K
Event: 64.891 GC heap after
Heap after GC invocations=17 (full 3):
 PSYoungGen      total 243712K, used 243681K [0x00000000eab00000, 0x00000000fec00000, 0x0000000100000000)
  eden space 201728K, 100% used [0x00000000eab00000,0x00000000f7000000,0x00000000f7000000)
  from space 41984K, 99% used [0x00000000fa580000,0x00000000fce78520,0x00000000fce80000)
  to   space 54784K, 36% used [0x00000000f7000000,0x00000000f839fb28,0x00000000fa580000)
 ParOldGen       total 219136K, used 219135K [0x00000000c0000000, 0x00000000cd600000, 0x00000000eab00000)
  object space 219136K, 99% used [0x00000000c0000000,0x00000000cd5ffda8,0x00000000cd600000)
 Metaspace       used 6228K, capacity 7216K, committed 7296K, reserved 1056768K
  class space    used 574K, capacity 616K, committed 640K, reserved 1048576K
}
Event: 64.891 GC heap before
{Heap before GC invocations=18 (full 4):
 PSYoungGen      total 243712K, used 243681K [0x00000000eab00000, 0x00000000fec00000, 0x0000000100000000)
  eden space 201728K, 100% used [0x00000000eab00000,0x00000000f7000000,0x00000000f7000000)
  from space 41984K, 99% used [0x00000000fa580000,0x00000000fce78520,0x00000000fce80000)
  to   space 54784K, 36% used [0x00000000f7000000,0x00000000f839fb28,0x00000000fa580000)
 ParOldGen       total 219136K, used 219135K [0x00000000c0000000, 0x00000000cd600000, 0x00000000eab00000)
  object space 219136K, 99% used [0x00000000c0000000,0x00000000cd5ffda8,0x00000000cd600000)
 Metaspace       used 6228K, capacity 7216K, committed 7296K, reserved 1056768K
  class space    used 574K, capacity 616K, committed 640K, reserved 1048576K
Event: 70.608 GC heap after
Heap after GC invocations=18 (full 4):
 PSYoungGen      total 243712K, used 0K [0x00000000eab00000, 0x00000000fec00000, 0x0000000100000000)
  eden space 201728K, 0% used [0x00000000eab00000,0x00000000eab00000,0x00000000f7000000)
  from space 41984K, 0% used [0x00000000fa580000,0x00000000fa580000,0x00000000fce80000)
  to   space 54784K, 36% used [0x00000000f7000000,0x00000000f8361ec8,0x00000000fa580000)
 ParOldGen       total 219136K, used 218852K [0x00000000c0000000, 0x00000000cd600000, 0x00000000eab00000)
  object space 219136K, 99% used [0x00000000c0000000,0x00000000cd5b9188,0x00000000cd600000)
 Metaspace       used 6228K, capacity 7216K, committed 7296K, reserved 1056768K
  class space    used 574K, capacity 616K, committed 640K, reserved 1048576K
}

