# JRE version: OpenJDK Runtime Environment (8.0_76-b03) (build 1.8.0_76-release-b03)
# Java VM: OpenJDK 64-Bit Server VM (25.76-b03 mixed mode windows-amd64 compressed oops)
Heap:
 PSYoungGen      total 129024K, used 114176K [0x00000000eab00000, 0x00000000f3b00000, 0x0000000100000000)
  eden space 114176K, 100% used [0x00000000eab00000,0x00000000f1a80000,0x00000000f1a80000)
  from space 14848K, 0% used [0x00000000f1a80000,0x00000000f1a80000,0x00000000f2900000)
  to   space 11264K, 0% used [0x00000000f2900000,0x00000000f2900000,0x00000000f3400000)
 ParOldGen       total 38400K, used 38232K [0x00000000c0000000, 0x00000000c2580000, 0x00000000eab00000)
  object space 38400K, 99% used [0x00000000c0000000,0x00000000c2556238,0x00000000c2580000)
 Metaspace       used 6208K, capacity 7216K, committed 7296K, reserved 1056768K
  class space    used 572K, capacity 616K, committed 640K, reserved 1048576K
GC Heap History (10 events):
Event: 91.543 GC heap before
{Heap before GC invocations=66 (full 57):
 PSYoungGen      total 129024K, used 114176K [0x00000000eab00000, 0x00000000f3b00000, 0x0000000100000000)
  eden space 114176K, 100% used [0x00000000eab00000,0x00000000f1a80000,0x00000000f1a80000)
  from space 14848K, 0% used [0x00000000f1a80000,0x00000000f1a80000,0x00000000f2900000)
  to   space 11264K, 0% used [0x00000000f2900000,0x00000000f2900000,0x00000000f3400000)
 ParOldGen       total 38400K, used 38232K [0x00000000c0000000, 0x00000000c2580000, 0x00000000eab00000)
  object space 38400K, 99% used [0x00000000c0000000,0x00000000c2556238,0x00000000c2580000)
 Metaspace       used 6208K, capacity 7216K, committed 7296K, reserved 1056768K
  class space    used 572K, capacity 616K, committed 640K, reserved 1048576K
Event: 92.466 GC heap after
Heap after GC invocations=66 (full 57):
 PSYoungGen      total 129024K, used 114157K [0x00000000eab00000, 0x00000000f3b00000, 0x0000000100000000)
  eden space 114176K, 99% used [0x00000000eab00000,0x00000000f1a7b640,0x00000000f1a80000)
  from space 14848K, 0% used [0x00000000f1a80000,0x00000000f1a80000,0x00000000f2900000)
  to   space 11264K, 0% used [0x00000000f2900000,0x00000000f2900000,0x00000000f3400000)
 ParOldGen       total 38400K, used 38232K [0x00000000c0000000, 0x00000000c2580000, 0x00000000eab00000)
  object space 38400K, 99% used [0x00000000c0000000,0x00000000c2556238,0x00000000c2580000)
 Metaspace       used 6208K, capacity 7216K, committed 7296K, reserved 1056768K
  class space    used 572K, capacity 616K, committed 640K, reserved 1048576K
}
Event: 92.468 GC heap before
{Heap before GC invocations=67 (full 58):
 PSYoungGen      total 129024K, used 114176K [0x00000000eab00000, 0x00000000f3b00000, 0x0000000100000000)
  eden space 114176K, 100% used [0x00000000eab00000,0x00000000f1a80000,0x00000000f1a80000)
  from space 14848K, 0% used [0x00000000f1a80000,0x00000000f1a80000,0x00000000f2900000)
  to   space 11264K, 0% used [0x00000000f2900000,0x00000000f2900000,0x00000000f3400000)
 ParOldGen       total 38400K, used 38232K [0x00000000c0000000, 0x00000000c2580000, 0x00000000eab00000)
  object space 38400K, 99% used [0x00000000c0000000,0x00000000c2556238,0x00000000c2580000)
 Metaspace       used 6208K, capacity 7216K, committed 7296K, reserved 1056768K
  class space    used 572K, capacity 616K, committed 640K, reserved 1048576K
Event: 93.373 GC heap after
Heap after GC invocations=67 (full 58):
 PSYoungGen      total 129024K, used 114163K [0x00000000eab00000, 0x00000000f3b00000, 0x0000000100000000)
  eden space 114176K, 99% used [0x00000000eab00000,0x00000000f1a7cc10,0x00000000f1a80000)
  from space 14848K, 0% used [0x00000000f1a80000,0x00000000f1a80000,0x00000000f2900000)
  to   space 11264K, 0% used [0x00000000f2900000,0x00000000f2900000,0x00000000f3400000)
 ParOldGen       total 38400K, used 38232K [0x00000000c0000000, 0x00000000c2580000, 0x00000000eab00000)
  object space 38400K, 99% used [0x00000000c0000000,0x00000000c2556238,0x00000000c2580000)
 Metaspace       used 6208K, capacity 7216K, committed 7296K, reserved 1056768K
  class space    used 572K, capacity 616K, committed 640K, reserved 1048576K
}
Event: 93.380 GC heap before
{Heap before GC invocations=68 (full 59):
 PSYoungGen      total 129024K, used 114176K [0x00000000eab00000, 0x00000000f3b00000, 0x0000000100000000)
  eden space 114176K, 100% used [0x00000000eab00000,0x00000000f1a80000,0x00000000f1a80000)
  from space 14848K, 0% used [0x00000000f1a80000,0x00000000f1a80000,0x00000000f2900000)
  to   space 11264K, 0% used [0x00000000f2900000,0x00000000f2900000,0x00000000f3400000)
 ParOldGen       total 38400K, used 38232K [0x00000000c0000000, 0x00000000c2580000, 0x00000000eab00000)
  object space 38400K, 99% used [0x00000000c0000000,0x00000000c2556238,0x00000000c2580000)
 Metaspace       used 6208K, capacity 7216K, committed 7296K, reserved 1056768K
  class space    used 572K, capacity 616K, committed 640K, reserved 1048576K
Event: 94.387 GC heap after
Heap after GC invocations=68 (full 59):
 PSYoungGen      total 129024K, used 114160K [0x00000000eab00000, 0x00000000f3b00000, 0x0000000100000000)
  eden space 114176K, 99% used [0x00000000eab00000,0x00000000f1a7c360,0x00000000f1a80000)
  from space 14848K, 0% used [0x00000000f1a80000,0x00000000f1a80000,0x00000000f2900000)
  to   space 11264K, 0% used [0x00000000f2900000,0x00000000f2900000,0x00000000f3400000)
 ParOldGen       total 38400K, used 38232K [0x00000000c0000000, 0x00000000c2580000, 0x00000000eab00000)
  object space 38400K, 99% used [0x00000000c0000000,0x00000000c2556238,0x00000000c2580000)
 Metaspace       used 6208K, capacity 7216K, committed 7296K, reserved 1056768K
  class space    used 572K, capacity 616K, committed 640K, reserved 1048576K
}
Event: 94.390 GC heap before
{Heap before GC invocations=69 (full 60):
 PSYoungGen      total 129024K, used 114176K [0x00000000eab00000, 0x00000000f3b00000, 0x0000000100000000)
  eden space 114176K, 100% used [0x00000000eab00000,0x00000000f1a80000,0x00000000f1a80000)
  from space 14848K, 0% used [0x00000000f1a80000,0x00000000f1a80000,0x00000000f2900000)
  to   space 11264K, 0% used [0x00000000f2900000,0x00000000f2900000,0x00000000f3400000)
 ParOldGen       total 38400K, used 38232K [0x00000000c0000000, 0x00000000c2580000, 0x00000000eab00000)
  object space 38400K, 99% used [0x00000000c0000000,0x00000000c2556238,0x00000000c2580000)
 Metaspace       used 6208K, capacity 7216K, committed 7296K, reserved 1056768K
  class space    used 572K, capacity 616K, committed 640K, reserved 1048576K
Event: 95.854 GC heap after
Heap after GC invocations=69 (full 60):
 PSYoungGen      total 129024K, used 114166K [0x00000000eab00000, 0x00000000f3b00000, 0x0000000100000000)
  eden space 114176K, 99% used [0x00000000eab00000,0x00000000f1a7d8b0,0x00000000f1a80000)
  from space 14848K, 0% used [0x00000000f1a80000,0x00000000f1a80000,0x00000000f2900000)
  to   space 11264K, 0% used [0x00000000f2900000,0x00000000f2900000,0x00000000f3400000)
 ParOldGen       total 38400K, used 38232K [0x00000000c0000000, 0x00000000c2580000, 0x00000000eab00000)
  object space 38400K, 99% used [0x00000000c0000000,0x00000000c2556238,0x00000000c2580000)
 Metaspace       used 6208K, capacity 7216K, committed 7296K, reserved 1056768K
  class space    used 572K, capacity 616K, committed 640K, reserved 1048576K
}
Event: 95.856 GC heap before
{Heap before GC invocations=70 (full 61):
 PSYoungGen      total 129024K, used 114176K [0x00000000eab00000, 0x00000000f3b00000, 0x0000000100000000)
  eden space 114176K, 100% used [0x00000000eab00000,0x00000000f1a80000,0x00000000f1a80000)
  from space 14848K, 0% used [0x00000000f1a80000,0x00000000f1a80000,0x00000000f2900000)
  to   space 11264K, 0% used [0x00000000f2900000,0x00000000f2900000,0x00000000f3400000)
 ParOldGen       total 38400K, used 38232K [0x00000000c0000000, 0x00000000c2580000, 0x00000000eab00000)
  object space 38400K, 99% used [0x00000000c0000000,0x00000000c2556238,0x00000000c2580000)
 Metaspace       used 6208K, capacity 7216K, committed 7296K, reserved 1056768K
  class space    used 572K, capacity 616K, committed 640K, reserved 1048576K
Event: 96.928 GC heap after
Heap after GC invocations=70 (full 61):
 PSYoungGen      total 129024K, used 114166K [0x00000000eab00000, 0x00000000f3b00000, 0x0000000100000000)
  eden space 114176K, 99% used [0x00000000eab00000,0x00000000f1a7daf0,0x00000000f1a80000)
  from space 14848K, 0% used [0x00000000f1a80000,0x00000000f1a80000,0x00000000f2900000)
  to   space 11264K, 0% used [0x00000000f2900000,0x00000000f2900000,0x00000000f3400000)
 ParOldGen       total 38400K, used 38232K [0x00000000c0000000, 0x00000000c2580000, 0x00000000eab00000)
  object space 38400K, 99% used [0x00000000c0000000,0x00000000c2556238,0x00000000c2580000)
 Metaspace       used 6208K, capacity 7216K, committed 7296K, reserved 1056768K
  class space    used 572K, capacity 616K, committed 640K, reserved 1048576K
}

