# JRE version: OpenJDK Runtime Environment (8.0_76-b03) (build 1.8.0_76-release-b03)
# Java VM: OpenJDK 64-Bit Server VM (25.76-b03 mixed mode windows-amd64 compressed oops)
Heap:
 PSYoungGen      total 209920K, used 28418K [0x00000000eab00000, 0x00000000fbf00000, 0x0000000100000000)
  eden space 171520K, 1% used [0x00000000eab00000,0x00000000eae597a0,0x00000000f5280000)
  from space 38400K, 65% used [0x00000000f8300000,0x00000000f9b673a8,0x00000000fa880000)
  to   space 49664K, 0% used [0x00000000f5280000,0x00000000f5280000,0x00000000f8300000)
 ParOldGen       total 133632K, used 133620K [0x00000000c0000000, 0x00000000c8280000, 0x00000000eab00000)
  object space 133632K, 99% used [0x00000000c0000000,0x00000000c827d0c0,0x00000000c8280000)
 Metaspace       used 6206K, capacity 7216K, committed 7296K, reserved 1056768K
  class space    used 573K, capacity 616K, committed 640K, reserved 1048576K
GC Heap History (10 events):
Event: 46.856 GC heap before
{Heap before GC invocations=13 (full 2):
 PSYoungGen      total 185856K, used 20161K [0x00000000eab00000, 0x00000000f8480000, 0x0000000100000000)
  eden space 165376K, 0% used [0x00000000eab00000,0x00000000eab00000,0x00000000f4c80000)
  from space 20480K, 98% used [0x00000000f5380000,0x00000000f6730660,0x00000000f6780000)
  to   space 28672K, 0% used [0x00000000f6880000,0x00000000f6880000,0x00000000f8480000)
 ParOldGen       total 73216K, used 65437K [0x00000000c0000000, 0x00000000c4780000, 0x00000000eab00000)
  object space 73216K, 89% used [0x00000000c0000000,0x00000000c3fe74e0,0x00000000c4780000)
 Metaspace       used 6187K, capacity 7216K, committed 7296K, reserved 1056768K
  class space    used 573K, capacity 616K, committed 640K, reserved 1048576K
Event: 49.346 GC heap after
Heap after GC invocations=13 (full 2):
 PSYoungGen      total 185856K, used 10245K [0x00000000eab00000, 0x00000000f8480000, 0x0000000100000000)
  eden space 165376K, 0% used [0x00000000eab00000,0x00000000eab00000,0x00000000f4c80000)
  from space 20480K, 50% used [0x00000000f5380000,0x00000000f5d81670,0x00000000f6780000)
  to   space 28672K, 0% used [0x00000000f6880000,0x00000000f6880000,0x00000000f8480000)
 ParOldGen       total 133632K, used 72732K [0x00000000c0000000, 0x00000000c8280000, 0x00000000eab00000)
  object space 133632K, 54% used [0x00000000c0000000,0x00000000c4707250,0x00000000c8280000)
 Metaspace       used 6187K, capacity 7216K, committed 7296K, reserved 1056768K
  class space    used 573K, capacity 616K, committed 640K, reserved 1048576K
}
Event: 58.783 GC heap before
{Heap before GC invocations=14 (full 2):
 PSYoungGen      total 185856K, used 175621K [0x00000000eab00000, 0x00000000f8480000, 0x0000000100000000)
  eden space 165376K, 100% used [0x00000000eab00000,0x00000000f4c80000,0x00000000f4c80000)
  from space 20480K, 50% used [0x00000000f5380000,0x00000000f5d81670,0x00000000f6780000)
  to   space 28672K, 0% used [0x00000000f6880000,0x00000000f6880000,0x00000000f8480000)
 ParOldGen       total 133632K, used 72732K [0x00000000c0000000, 0x00000000c8280000, 0x00000000eab00000)
  object space 133632K, 54% used [0x00000000c0000000,0x00000000c4707250,0x00000000c8280000)
 Metaspace       used 6197K, capacity 7216K, committed 7296K, reserved 1056768K
  class space    used 573K, capacity 616K, committed 640K, reserved 1048576K
Event: 59.050 GC heap after
Heap after GC invocations=14 (full 2):
 PSYoungGen      total 186880K, used 28648K [0x00000000eab00000, 0x00000000fa780000, 0x0000000100000000)
  eden space 158208K, 0% used [0x00000000eab00000,0x00000000eab00000,0x00000000f4580000)
  from space 28672K, 99% used [0x00000000f6880000,0x00000000f847a0f8,0x00000000f8480000)
  to   space 35840K, 0% used [0x00000000f4580000,0x00000000f4580000,0x00000000f6880000)
 ParOldGen       total 133632K, used 80527K [0x00000000c0000000, 0x00000000c8280000, 0x00000000eab00000)
  object space 133632K, 60% used [0x00000000c0000000,0x00000000c4ea3c38,0x00000000c8280000)
 Metaspace       used 6197K, capacity 7216K, committed 7296K, reserved 1056768K
  class space    used 573K, capacity 616K, committed 640K, reserved 1048576K
}
Event: 66.041 GC heap before
{Heap before GC invocations=15 (full 2):
 PSYoungGen      total 186880K, used 186856K [0x00000000eab00000, 0x00000000fa780000, 0x0000000100000000)
  eden space 158208K, 100% used [0x00000000eab00000,0x00000000f4580000,0x00000000f4580000)
  from space 28672K, 99% used [0x00000000f6880000,0x00000000f847a0f8,0x00000000f8480000)
  to   space 35840K, 0% used [0x00000000f4580000,0x00000000f4580000,0x00000000f6880000)
 ParOldGen       total 133632K, used 80527K [0x00000000c0000000, 0x00000000c8280000, 0x00000000eab00000)
  object space 133632K, 60% used [0x00000000c0000000,0x00000000c4ea3c38,0x00000000c8280000)
 Metaspace       used 6202K, capacity 7216K, committed 7296K, reserved 1056768K
  class space    used 573K, capacity 616K, committed 640K, reserved 1048576K
Event: 66.665 GC heap after
Heap after GC invocations=15 (full 2):
 PSYoungGen      total 194048K, used 27443K [0x00000000eab00000, 0x00000000fa880000, 0x0000000100000000)
  eden space 158208K, 0% used [0x00000000eab00000,0x00000000eab00000,0x00000000f4580000)
  from space 35840K, 76% used [0x00000000f4580000,0x00000000f604ceb0,0x00000000f6880000)
  to   space 38400K, 0% used [0x00000000f8300000,0x00000000f8300000,0x00000000fa880000)
 ParOldGen       total 133632K, used 109292K [0x00000000c0000000, 0x00000000c8280000, 0x00000000eab00000)
  object space 133632K, 81% used [0x00000000c0000000,0x00000000c6abb2c0,0x00000000c8280000)
 Metaspace       used 6202K, capacity 7216K, committed 7296K, reserved 1056768K
  class space    used 573K, capacity 616K, committed 640K, reserved 1048576K
}
Event: 71.844 GC heap before
{Heap before GC invocations=16 (full 2):
 PSYoungGen      total 194048K, used 185651K [0x00000000eab00000, 0x00000000fa880000, 0x0000000100000000)
  eden space 158208K, 100% used [0x00000000eab00000,0x00000000f4580000,0x00000000f4580000)
  from space 35840K, 76% used [0x00000000f4580000,0x00000000f604ceb0,0x00000000f6880000)
  to   space 38400K, 0% used [0x00000000f8300000,0x00000000f8300000,0x00000000fa880000)
 ParOldGen       total 133632K, used 109292K [0x00000000c0000000, 0x00000000c8280000, 0x00000000eab00000)
  object space 133632K, 81% used [0x00000000c0000000,0x00000000c6abb2c0,0x00000000c8280000)
 Metaspace       used 6206K, capacity 7216K, committed 7296K, reserved 1056768K
  class space    used 573K, capacity 616K, committed 640K, reserved 1048576K
Event: 72.153 GC heap after
Heap after GC invocations=16 (full 2):
 PSYoungGen      total 209920K, used 38393K [0x00000000eab00000, 0x00000000fbf00000, 0x0000000100000000)
  eden space 171520K, 0% used [0x00000000eab00000,0x00000000eab00000,0x00000000f5280000)
  from space 38400K, 99% used [0x00000000f8300000,0x00000000fa87e728,0x00000000fa880000)
  to   space 49664K, 0% used [0x00000000f5280000,0x00000000f5280000,0x00000000f8300000)
 ParOldGen       total 133632K, used 122615K [0x00000000c0000000, 0x00000000c8280000, 0x00000000eab00000)
  object space 133632K, 91% used [0x00000000c0000000,0x00000000c77bdf68,0x00000000c8280000)
 Metaspace       used 6206K, capacity 7216K, committed 7296K, reserved 1056768K
  class space    used 573K, capacity 616K, committed 640K, reserved 1048576K
}
Event: 72.153 GC heap before
{Heap before GC invocations=17 (full 3):
 PSYoungGen      total 209920K, used 38393K [0x00000000eab00000, 0x00000000fbf00000, 0x0000000100000000)
  eden space 171520K, 0% used [0x00000000eab00000,0x00000000eab00000,0x00000000f5280000)
  from space 38400K, 99% used [0x00000000f8300000,0x00000000fa87e728,0x00000000fa880000)
  to   space 49664K, 0% used [0x00000000f5280000,0x00000000f5280000,0x00000000f8300000)
 ParOldGen       total 133632K, used 122615K [0x00000000c0000000, 0x00000000c8280000, 0x00000000eab00000)
  object space 133632K, 91% used [0x00000000c0000000,0x00000000c77bdf68,0x00000000c8280000)
 Metaspace       used 6206K, capacity 7216K, committed 7296K, reserved 1056768K
  class space    used 573K, capacity 616K, committed 640K, reserved 1048576K
Event: 78.710 GC heap after
Heap after GC invocations=17 (full 3):
 PSYoungGen      total 209920K, used 24988K [0x00000000eab00000, 0x00000000fbf00000, 0x0000000100000000)
  eden space 171520K, 0% used [0x00000000eab00000,0x00000000eab00000,0x00000000f5280000)
  from space 38400K, 65% used [0x00000000f8300000,0x00000000f9b673a8,0x00000000fa880000)
  to   space 49664K, 0% used [0x00000000f5280000,0x00000000f5280000,0x00000000f8300000)
 ParOldGen       total 133632K, used 133620K [0x00000000c0000000, 0x00000000c8280000, 0x00000000eab00000)
  object space 133632K, 99% used [0x00000000c0000000,0x00000000c827d0c0,0x00000000c8280000)
 Metaspace       used 6206K, capacity 7216K, committed 7296K, reserved 1056768K
  class space    used 573K, capacity 616K, committed 640K, reserved 1048576K
}

