# JRE version: OpenJDK Runtime Environment (8.0_76-b03) (build 1.8.0_76-release-b03)
# Java VM: OpenJDK 64-Bit Server VM (25.76-b03 mixed mode windows-amd64 compressed oops)
Heap:
 PSYoungGen      total 197120K, used 7892K [0x00000000eab00000, 0x00000000f8e00000, 0x0000000100000000)
  eden space 168960K, 1% used [0x00000000eab00000,0x00000000eae4c8e0,0x00000000f5000000)
  from space 28160K, 16% used [0x00000000f5000000,0x00000000f54688e8,0x00000000f6b80000)
  to   space 30208K, 0% used [0x00000000f7080000,0x00000000f7080000,0x00000000f8e00000)
 ParOldGen       total 133632K, used 133232K [0x00000000c0000000, 0x00000000c8280000, 0x00000000eab00000)
  object space 133632K, 99% used [0x00000000c0000000,0x00000000c821c260,0x00000000c8280000)
 Metaspace       used 6234K, capacity 7216K, committed 7296K, reserved 1056768K
  class space    used 573K, capacity 616K, committed 640K, reserved 1048576K
GC Heap History (10 events):
Event: 64.090 GC heap before
{Heap before GC invocations=12 (full 1):
 PSYoungGen      total 158208K, used 158177K [0x00000000eab00000, 0x00000000f8700000, 0x0000000100000000)
  eden space 135680K, 100% used [0x00000000eab00000,0x00000000f2f80000,0x00000000f2f80000)
  from space 22528K, 99% used [0x00000000f7100000,0x00000000f86f8580,0x00000000f8700000)
  to   space 28160K, 0% used [0x00000000f5000000,0x00000000f5000000,0x00000000f6b80000)
 ParOldGen       total 72704K, used 44135K [0x00000000c0000000, 0x00000000c4700000, 0x00000000eab00000)
  object space 72704K, 60% used [0x00000000c0000000,0x00000000c2b19f18,0x00000000c4700000)
 Metaspace       used 6226K, capacity 7216K, committed 7296K, reserved 1056768K
  class space    used 573K, capacity 616K, committed 640K, reserved 1048576K
Event: 64.726 GC heap after
Heap after GC invocations=12 (full 1):
 PSYoungGen      total 197120K, used 21368K [0x00000000eab00000, 0x00000000f8e00000, 0x0000000100000000)
  eden space 168960K, 0% used [0x00000000eab00000,0x00000000eab00000,0x00000000f5000000)
  from space 28160K, 75% used [0x00000000f5000000,0x00000000f64de128,0x00000000f6b80000)
  to   space 30208K, 0% used [0x00000000f7080000,0x00000000f7080000,0x00000000f8e00000)
 ParOldGen       total 72704K, used 66609K [0x00000000c0000000, 0x00000000c4700000, 0x00000000eab00000)
  object space 72704K, 91% used [0x00000000c0000000,0x00000000c410c640,0x00000000c4700000)
 Metaspace       used 6226K, capacity 7216K, committed 7296K, reserved 1056768K
  class space    used 573K, capacity 616K, committed 640K, reserved 1048576K
}
Event: 64.726 GC heap before
{Heap before GC invocations=13 (full 2):
 PSYoungGen      total 197120K, used 21368K [0x00000000eab00000, 0x00000000f8e00000, 0x0000000100000000)
  eden space 168960K, 0% used [0x00000000eab00000,0x00000000eab00000,0x00000000f5000000)
  from space 28160K, 75% used [0x00000000f5000000,0x00000000f64de128,0x00000000f6b80000)
  to   space 30208K, 0% used [0x00000000f7080000,0x00000000f7080000,0x00000000f8e00000)
 ParOldGen       total 72704K, used 66609K [0x00000000c0000000, 0x00000000c4700000, 0x00000000eab00000)
  object space 72704K, 91% used [0x00000000c0000000,0x00000000c410c640,0x00000000c4700000)
 Metaspace       used 6226K, capacity 7216K, committed 7296K, reserved 1056768K
  class space    used 573K, capacity 616K, committed 640K, reserved 1048576K
Event: 70.148 GC heap after
Heap after GC invocations=13 (full 2):
 PSYoungGen      total 197120K, used 12997K [0x00000000eab00000, 0x00000000f8e00000, 0x0000000100000000)
  eden space 168960K, 0% used [0x00000000eab00000,0x00000000eab00000,0x00000000f5000000)
  from space 28160K, 46% used [0x00000000f5000000,0x00000000f5cb17d0,0x00000000f6b80000)
  to   space 30208K, 0% used [0x00000000f7080000,0x00000000f7080000,0x00000000f8e00000)
 ParOldGen       total 133632K, used 72598K [0x00000000c0000000, 0x00000000c8280000, 0x00000000eab00000)
  object space 133632K, 54% used [0x00000000c0000000,0x00000000c46e5b90,0x00000000c8280000)
 Metaspace       used 6226K, capacity 7216K, committed 7296K, reserved 1056768K
  class space    used 573K, capacity 616K, committed 640K, reserved 1048576K
}
Event: 76.403 GC heap before
{Heap before GC invocations=14 (full 2):
 PSYoungGen      total 197120K, used 181957K [0x00000000eab00000, 0x00000000f8e00000, 0x0000000100000000)
  eden space 168960K, 100% used [0x00000000eab00000,0x00000000f5000000,0x00000000f5000000)
  from space 28160K, 46% used [0x00000000f5000000,0x00000000f5cb17d0,0x00000000f6b80000)
  to   space 30208K, 0% used [0x00000000f7080000,0x00000000f7080000,0x00000000f8e00000)
 ParOldGen       total 133632K, used 72598K [0x00000000c0000000, 0x00000000c8280000, 0x00000000eab00000)
  object space 133632K, 54% used [0x00000000c0000000,0x00000000c46e5b90,0x00000000c8280000)
 Metaspace       used 6231K, capacity 7216K, committed 7296K, reserved 1056768K
  class space    used 573K, capacity 616K, committed 640K, reserved 1048576K
Event: 76.772 GC heap after
Heap after GC invocations=14 (full 2):
 PSYoungGen      total 199168K, used 30204K [0x00000000eab00000, 0x00000000f8e00000, 0x0000000100000000)
  eden space 168960K, 0% used [0x00000000eab00000,0x00000000eab00000,0x00000000f5000000)
  from space 30208K, 99% used [0x00000000f7080000,0x00000000f8dff1e0,0x00000000f8e00000)
  to   space 28160K, 0% used [0x00000000f5000000,0x00000000f5000000,0x00000000f6b80000)
 ParOldGen       total 133632K, used 81599K [0x00000000c0000000, 0x00000000c8280000, 0x00000000eab00000)
  object space 133632K, 61% used [0x00000000c0000000,0x00000000c4faff80,0x00000000c8280000)
 Metaspace       used 6231K, capacity 7216K, committed 7296K, reserved 1056768K
  class space    used 573K, capacity 616K, committed 640K, reserved 1048576K
}
Event: 84.879 GC heap before
{Heap before GC invocations=15 (full 2):
 PSYoungGen      total 199168K, used 199164K [0x00000000eab00000, 0x00000000f8e00000, 0x0000000100000000)
  eden space 168960K, 100% used [0x00000000eab00000,0x00000000f5000000,0x00000000f5000000)
  from space 30208K, 99% used [0x00000000f7080000,0x00000000f8dff1e0,0x00000000f8e00000)
  to   space 28160K, 0% used [0x00000000f5000000,0x00000000f5000000,0x00000000f6b80000)
 ParOldGen       total 133632K, used 81599K [0x00000000c0000000, 0x00000000c8280000, 0x00000000eab00000)
  object space 133632K, 61% used [0x00000000c0000000,0x00000000c4faff80,0x00000000c8280000)
 Metaspace       used 6234K, capacity 7216K, committed 7296K, reserved 1056768K
  class space    used 573K, capacity 616K, committed 640K, reserved 1048576K
Event: 85.495 GC heap after
Heap after GC invocations=15 (full 2):
 PSYoungGen      total 197120K, used 27776K [0x00000000eab00000, 0x00000000f8e00000, 0x0000000100000000)
  eden space 168960K, 0% used [0x00000000eab00000,0x00000000eab00000,0x00000000f5000000)
  from space 28160K, 98% used [0x00000000f5000000,0x00000000f6b20010,0x00000000f6b80000)
  to   space 30208K, 0% used [0x00000000f7080000,0x00000000f7080000,0x00000000f8e00000)
 ParOldGen       total 133632K, used 111966K [0x00000000c0000000, 0x00000000c8280000, 0x00000000eab00000)
  object space 133632K, 83% used [0x00000000c0000000,0x00000000c6d579d0,0x00000000c8280000)
 Metaspace       used 6234K, capacity 7216K, committed 7296K, reserved 1056768K
  class space    used 573K, capacity 616K, committed 640K, reserved 1048576K
}
Event: 85.495 GC heap before
{Heap before GC invocations=16 (full 3):
 PSYoungGen      total 197120K, used 27776K [0x00000000eab00000, 0x00000000f8e00000, 0x0000000100000000)
  eden space 168960K, 0% used [0x00000000eab00000,0x00000000eab00000,0x00000000f5000000)
  from space 28160K, 98% used [0x00000000f5000000,0x00000000f6b20010,0x00000000f6b80000)
  to   space 30208K, 0% used [0x00000000f7080000,0x00000000f7080000,0x00000000f8e00000)
 ParOldGen       total 133632K, used 111966K [0x00000000c0000000, 0x00000000c8280000, 0x00000000eab00000)
  object space 133632K, 83% used [0x00000000c0000000,0x00000000c6d579d0,0x00000000c8280000)
 Metaspace       used 6234K, capacity 7216K, committed 7296K, reserved 1056768K
  class space    used 573K, capacity 616K, committed 640K, reserved 1048576K
Event: 90.891 GC heap after
Heap after GC invocations=16 (full 3):
 PSYoungGen      total 197120K, used 4514K [0x00000000eab00000, 0x00000000f8e00000, 0x0000000100000000)
  eden space 168960K, 0% used [0x00000000eab00000,0x00000000eab00000,0x00000000f5000000)
  from space 28160K, 16% used [0x00000000f5000000,0x00000000f54688e8,0x00000000f6b80000)
  to   space 30208K, 0% used [0x00000000f7080000,0x00000000f7080000,0x00000000f8e00000)
 ParOldGen       total 133632K, used 133232K [0x00000000c0000000, 0x00000000c8280000, 0x00000000eab00000)
  object space 133632K, 99% used [0x00000000c0000000,0x00000000c821c260,0x00000000c8280000)
 Metaspace       used 6234K, capacity 7216K, committed 7296K, reserved 1056768K
  class space    used 573K, capacity 616K, committed 640K, reserved 1048576K
}

