# JRE version: OpenJDK Runtime Environment (8.0_76-b03) (build 1.8.0_76-release-b03)
# Java VM: OpenJDK 64-Bit Server VM (25.76-b03 mixed mode windows-amd64 compressed oops)
Heap:
 PSYoungGen      total 193536K, used 25542K [0x00000000eab00000, 0x00000000fa400000, 0x0000000100000000)
  eden space 156160K, 1% used [0x00000000eab00000,0x00000000eae0cbb0,0x00000000f4380000)
  from space 37376K, 59% used [0x00000000f7f80000,0x00000000f9564d08,0x00000000fa400000)
  to   space 34816K, 0% used [0x00000000f4380000,0x00000000f4380000,0x00000000f6580000)
 ParOldGen       total 134144K, used 133822K [0x00000000c0000000, 0x00000000c8300000, 0x00000000eab00000)
  object space 134144K, 99% used [0x00000000c0000000,0x00000000c82afb18,0x00000000c8300000)
 Metaspace       used 6208K, capacity 7216K, committed 7296K, reserved 1056768K
  class space    used 574K, capacity 616K, committed 640K, reserved 1048576K
GC Heap History (10 events):
Event: 37.538 GC heap before
{Heap before GC invocations=13 (full 2):
 PSYoungGen      total 172544K, used 19437K [0x00000000eab00000, 0x00000000f7780000, 0x0000000100000000)
  eden space 153088K, 0% used [0x00000000eab00000,0x00000000eab00000,0x00000000f4080000)
  from space 19456K, 99% used [0x00000000f5280000,0x00000000f657b640,0x00000000f6580000)
  to   space 18432K, 0% used [0x00000000f6580000,0x00000000f6580000,0x00000000f7780000)
 ParOldGen       total 73216K, used 65781K [0x00000000c0000000, 0x00000000c4780000, 0x00000000eab00000)
  object space 73216K, 89% used [0x00000000c0000000,0x00000000c403d7d0,0x00000000c4780000)
 Metaspace       used 6184K, capacity 7152K, committed 7296K, reserved 1056768K
  class space    used 573K, capacity 616K, committed 640K, reserved 1048576K
Event: 39.427 GC heap after
Heap after GC invocations=13 (full 2):
 PSYoungGen      total 172544K, used 9554K [0x00000000eab00000, 0x00000000f7780000, 0x0000000100000000)
  eden space 153088K, 0% used [0x00000000eab00000,0x00000000eab00000,0x00000000f4080000)
  from space 19456K, 49% used [0x00000000f5280000,0x00000000f5bd4b48,0x00000000f6580000)
  to   space 18432K, 0% used [0x00000000f6580000,0x00000000f6580000,0x00000000f7780000)
 ParOldGen       total 134144K, used 72999K [0x00000000c0000000, 0x00000000c8300000, 0x00000000eab00000)
  object space 134144K, 54% used [0x00000000c0000000,0x00000000c4749fa0,0x00000000c8300000)
 Metaspace       used 6184K, capacity 7152K, committed 7296K, reserved 1056768K
  class space    used 573K, capacity 616K, committed 640K, reserved 1048576K
}
Event: 44.055 GC heap before
{Heap before GC invocations=14 (full 2):
 PSYoungGen      total 172544K, used 162642K [0x00000000eab00000, 0x00000000f7780000, 0x0000000100000000)
  eden space 153088K, 100% used [0x00000000eab00000,0x00000000f4080000,0x00000000f4080000)
  from space 19456K, 49% used [0x00000000f5280000,0x00000000f5bd4b48,0x00000000f6580000)
  to   space 18432K, 0% used [0x00000000f6580000,0x00000000f6580000,0x00000000f7780000)
 ParOldGen       total 134144K, used 72999K [0x00000000c0000000, 0x00000000c8300000, 0x00000000eab00000)
  object space 134144K, 54% used [0x00000000c0000000,0x00000000c4749fa0,0x00000000c8300000)
 Metaspace       used 6199K, capacity 7216K, committed 7296K, reserved 1056768K
  class space    used 574K, capacity 616K, committed 640K, reserved 1048576K
Event: 44.583 GC heap after
Heap after GC invocations=14 (full 2):
 PSYoungGen      total 174592K, used 18417K [0x00000000eab00000, 0x00000000f9c80000, 0x0000000100000000)
  eden space 156160K, 0% used [0x00000000eab00000,0x00000000eab00000,0x00000000f4380000)
  from space 18432K, 99% used [0x00000000f6580000,0x00000000f777c670,0x00000000f7780000)
  to   space 34816K, 0% used [0x00000000f4380000,0x00000000f4380000,0x00000000f6580000)
 ParOldGen       total 134144K, used 88605K [0x00000000c0000000, 0x00000000c8300000, 0x00000000eab00000)
  object space 134144K, 66% used [0x00000000c0000000,0x00000000c5687590,0x00000000c8300000)
 Metaspace       used 6199K, capacity 7216K, committed 7296K, reserved 1056768K
  class space    used 574K, capacity 616K, committed 640K, reserved 1048576K
}
Event: 50.160 GC heap before
{Heap before GC invocations=15 (full 2):
 PSYoungGen      total 174592K, used 174577K [0x00000000eab00000, 0x00000000f9c80000, 0x0000000100000000)
  eden space 156160K, 100% used [0x00000000eab00000,0x00000000f4380000,0x00000000f4380000)
  from space 18432K, 99% used [0x00000000f6580000,0x00000000f777c670,0x00000000f7780000)
  to   space 34816K, 0% used [0x00000000f4380000,0x00000000f4380000,0x00000000f6580000)
 ParOldGen       total 134144K, used 88605K [0x00000000c0000000, 0x00000000c8300000, 0x00000000eab00000)
  object space 134144K, 66% used [0x00000000c0000000,0x00000000c5687590,0x00000000c8300000)
 Metaspace       used 6204K, capacity 7216K, committed 7296K, reserved 1056768K
  class space    used 574K, capacity 616K, committed 640K, reserved 1048576K
Event: 50.362 GC heap after
Heap after GC invocations=15 (full 2):
 PSYoungGen      total 190976K, used 26867K [0x00000000eab00000, 0x00000000fa400000, 0x0000000100000000)
  eden space 156160K, 0% used [0x00000000eab00000,0x00000000eab00000,0x00000000f4380000)
  from space 34816K, 77% used [0x00000000f4380000,0x00000000f5dbceb0,0x00000000f6580000)
  to   space 37376K, 0% used [0x00000000f7f80000,0x00000000f7f80000,0x00000000fa400000)
 ParOldGen       total 134144K, used 107177K [0x00000000c0000000, 0x00000000c8300000, 0x00000000eab00000)
  object space 134144K, 79% used [0x00000000c0000000,0x00000000c68aa6f8,0x00000000c8300000)
 Metaspace       used 6204K, capacity 7216K, committed 7296K, reserved 1056768K
  class space    used 574K, capacity 616K, committed 640K, reserved 1048576K
}
Event: 53.558 GC heap before
{Heap before GC invocations=16 (full 2):
 PSYoungGen      total 190976K, used 183027K [0x00000000eab00000, 0x00000000fa400000, 0x0000000100000000)
  eden space 156160K, 100% used [0x00000000eab00000,0x00000000f4380000,0x00000000f4380000)
  from space 34816K, 77% used [0x00000000f4380000,0x00000000f5dbceb0,0x00000000f6580000)
  to   space 37376K, 0% used [0x00000000f7f80000,0x00000000f7f80000,0x00000000fa400000)
 ParOldGen       total 134144K, used 107177K [0x00000000c0000000, 0x00000000c8300000, 0x00000000eab00000)
  object space 134144K, 79% used [0x00000000c0000000,0x00000000c68aa6f8,0x00000000c8300000)
 Metaspace       used 6208K, capacity 7216K, committed 7296K, reserved 1056768K
  class space    used 574K, capacity 616K, committed 640K, reserved 1048576K
Event: 53.918 GC heap after
Heap after GC invocations=16 (full 2):
 PSYoungGen      total 193536K, used 37361K [0x00000000eab00000, 0x00000000fa400000, 0x0000000100000000)
  eden space 156160K, 0% used [0x00000000eab00000,0x00000000eab00000,0x00000000f4380000)
  from space 37376K, 99% used [0x00000000f7f80000,0x00000000fa3fc580,0x00000000fa400000)
  to   space 34816K, 0% used [0x00000000f4380000,0x00000000f4380000,0x00000000f6580000)
 ParOldGen       total 134144K, used 120352K [0x00000000c0000000, 0x00000000c8300000, 0x00000000eab00000)
  object space 134144K, 89% used [0x00000000c0000000,0x00000000c75881c0,0x00000000c8300000)
 Metaspace       used 6208K, capacity 7216K, committed 7296K, reserved 1056768K
  class space    used 574K, capacity 616K, committed 640K, reserved 1048576K
}
Event: 53.918 GC heap before
{Heap before GC invocations=17 (full 3):
 PSYoungGen      total 193536K, used 37361K [0x00000000eab00000, 0x00000000fa400000, 0x0000000100000000)
  eden space 156160K, 0% used [0x00000000eab00000,0x00000000eab00000,0x00000000f4380000)
  from space 37376K, 99% used [0x00000000f7f80000,0x00000000fa3fc580,0x00000000fa400000)
  to   space 34816K, 0% used [0x00000000f4380000,0x00000000f4380000,0x00000000f6580000)
 ParOldGen       total 134144K, used 120352K [0x00000000c0000000, 0x00000000c8300000, 0x00000000eab00000)
  object space 134144K, 89% used [0x00000000c0000000,0x00000000c75881c0,0x00000000c8300000)
 Metaspace       used 6208K, capacity 7216K, committed 7296K, reserved 1056768K
  class space    used 574K, capacity 616K, committed 640K, reserved 1048576K
Event: 60.298 GC heap after
Heap after GC invocations=17 (full 3):
 PSYoungGen      total 193536K, used 22419K [0x00000000eab00000, 0x00000000fa400000, 0x0000000100000000)
  eden space 156160K, 0% used [0x00000000eab00000,0x00000000eab00000,0x00000000f4380000)
  from space 37376K, 59% used [0x00000000f7f80000,0x00000000f9564d08,0x00000000fa400000)
  to   space 34816K, 0% used [0x00000000f4380000,0x00000000f4380000,0x00000000f6580000)
 ParOldGen       total 134144K, used 133822K [0x00000000c0000000, 0x00000000c8300000, 0x00000000eab00000)
  object space 134144K, 99% used [0x00000000c0000000,0x00000000c82afb18,0x00000000c8300000)
 Metaspace       used 6208K, capacity 7216K, committed 7296K, reserved 1056768K
  class space    used 574K, capacity 616K, committed 640K, reserved 1048576K
}

