# JRE version: OpenJDK Runtime Environment (8.0_76-b03) (build 1.8.0_76-release-b03)
# Java VM: OpenJDK 64-Bit Server VM (25.76-b03 mixed mode windows-amd64 compressed oops)
Heap:
 PSYoungGen      total 206336K, used 45697K [0x00000000eab00000, 0x00000000fbb00000, 0x0000000100000000)
  eden space 167936K, 15% used [0x00000000eab00000,0x00000000ec536a10,0x00000000f4f00000)
  from space 38400K, 49% used [0x00000000f7f00000,0x00000000f9169ac8,0x00000000fa480000)
  to   space 49152K, 0% used [0x00000000f4f00000,0x00000000f4f00000,0x00000000f7f00000)
 ParOldGen       total 232448K, used 139479K [0x00000000c0000000, 0x00000000ce300000, 0x00000000eab00000)
  object space 232448K, 60% used [0x00000000c0000000,0x00000000c8835c70,0x00000000ce300000)
 Metaspace       used 6224K, capacity 7216K, committed 7296K, reserved 1056768K
  class space    used 574K, capacity 616K, committed 640K, reserved 1048576K
GC Heap History (10 events):
Event: 54.570 GC heap before
{Heap before GC invocations=13 (full 2):
 PSYoungGen      total 173056K, used 19990K [0x00000000eab00000, 0x00000000f7a00000, 0x0000000100000000)
  eden space 152576K, 0% used [0x00000000eab00000,0x00000000eab00000,0x00000000f4000000)
  from space 20480K, 97% used [0x00000000f5100000,0x00000000f6485a70,0x00000000f6500000)
  to   space 21504K, 0% used [0x00000000f6500000,0x00000000f6500000,0x00000000f7a00000)
 ParOldGen       total 75776K, used 66987K [0x00000000c0000000, 0x00000000c4a00000, 0x00000000eab00000)
  object space 75776K, 88% used [0x00000000c0000000,0x00000000c416ad68,0x00000000c4a00000)
 Metaspace       used 6204K, capacity 7216K, committed 7296K, reserved 1056768K
  class space    used 574K, capacity 616K, committed 640K, reserved 1048576K
Event: 58.596 GC heap after
Heap after GC invocations=13 (full 2):
 PSYoungGen      total 173056K, used 9128K [0x00000000eab00000, 0x00000000f7a00000, 0x0000000100000000)
  eden space 152576K, 0% used [0x00000000eab00000,0x00000000eab00000,0x00000000f4000000)
  from space 20480K, 44% used [0x00000000f5100000,0x00000000f59ea388,0x00000000f6500000)
  to   space 21504K, 0% used [0x00000000f6500000,0x00000000f6500000,0x00000000f7a00000)
 ParOldGen       total 139776K, used 75685K [0x00000000c0000000, 0x00000000c8880000, 0x00000000eab00000)
  object space 139776K, 54% used [0x00000000c0000000,0x00000000c49e9600,0x00000000c8880000)
 Metaspace       used 6204K, capacity 7216K, committed 7296K, reserved 1056768K
  class space    used 574K, capacity 616K, committed 640K, reserved 1048576K
}
Event: 66.140 GC heap before
{Heap before GC invocations=14 (full 2):
 PSYoungGen      total 173056K, used 161704K [0x00000000eab00000, 0x00000000f7a00000, 0x0000000100000000)
  eden space 152576K, 100% used [0x00000000eab00000,0x00000000f4000000,0x00000000f4000000)
  from space 20480K, 44% used [0x00000000f5100000,0x00000000f59ea388,0x00000000f6500000)
  to   space 21504K, 0% used [0x00000000f6500000,0x00000000f6500000,0x00000000f7a00000)
 ParOldGen       total 139776K, used 75685K [0x00000000c0000000, 0x00000000c8880000, 0x00000000eab00000)
  object space 139776K, 54% used [0x00000000c0000000,0x00000000c49e9600,0x00000000c8880000)
 Metaspace       used 6214K, capacity 7216K, committed 7296K, reserved 1056768K
  class space    used 574K, capacity 616K, committed 640K, reserved 1048576K
Event: 66.479 GC heap after
Heap after GC invocations=14 (full 2):
 PSYoungGen      total 176128K, used 21489K [0x00000000eab00000, 0x00000000f9700000, 0x0000000100000000)
  eden space 154624K, 0% used [0x00000000eab00000,0x00000000eab00000,0x00000000f4200000)
  from space 21504K, 99% used [0x00000000f6500000,0x00000000f79fc670,0x00000000f7a00000)
  to   space 35840K, 0% used [0x00000000f4200000,0x00000000f4200000,0x00000000f6500000)
 ParOldGen       total 139776K, used 87917K [0x00000000c0000000, 0x00000000c8880000, 0x00000000eab00000)
  object space 139776K, 62% used [0x00000000c0000000,0x00000000c55db7a0,0x00000000c8880000)
 Metaspace       used 6214K, capacity 7216K, committed 7296K, reserved 1056768K
  class space    used 574K, capacity 616K, committed 640K, reserved 1048576K
}
Event: 69.502 GC heap before
{Heap before GC invocations=15 (full 2):
 PSYoungGen      total 176128K, used 176113K [0x00000000eab00000, 0x00000000f9700000, 0x0000000100000000)
  eden space 154624K, 100% used [0x00000000eab00000,0x00000000f4200000,0x00000000f4200000)
  from space 21504K, 99% used [0x00000000f6500000,0x00000000f79fc670,0x00000000f7a00000)
  to   space 35840K, 0% used [0x00000000f4200000,0x00000000f4200000,0x00000000f6500000)
 ParOldGen       total 139776K, used 87917K [0x00000000c0000000, 0x00000000c8880000, 0x00000000eab00000)
  object space 139776K, 62% used [0x00000000c0000000,0x00000000c55db7a0,0x00000000c8880000)
 Metaspace       used 6218K, capacity 7216K, committed 7296K, reserved 1056768K
  class space    used 574K, capacity 616K, committed 640K, reserved 1048576K
Event: 69.880 GC heap after
Heap after GC invocations=15 (full 2):
 PSYoungGen      total 190464K, used 27168K [0x00000000eab00000, 0x00000000fa480000, 0x0000000100000000)
  eden space 154624K, 0% used [0x00000000eab00000,0x00000000eab00000,0x00000000f4200000)
  from space 35840K, 75% used [0x00000000f4200000,0x00000000f5c88010,0x00000000f6500000)
  to   space 38400K, 0% used [0x00000000f7f00000,0x00000000f7f00000,0x00000000fa480000)
 ParOldGen       total 139776K, used 109526K [0x00000000c0000000, 0x00000000c8880000, 0x00000000eab00000)
  object space 139776K, 78% used [0x00000000c0000000,0x00000000c6af5930,0x00000000c8880000)
 Metaspace       used 6218K, capacity 7216K, committed 7296K, reserved 1056768K
  class space    used 574K, capacity 616K, committed 640K, reserved 1048576K
}
Event: 73.379 GC heap before
{Heap before GC invocations=16 (full 2):
 PSYoungGen      total 190464K, used 181792K [0x00000000eab00000, 0x00000000fa480000, 0x0000000100000000)
  eden space 154624K, 100% used [0x00000000eab00000,0x00000000f4200000,0x00000000f4200000)
  from space 35840K, 75% used [0x00000000f4200000,0x00000000f5c88010,0x00000000f6500000)
  to   space 38400K, 0% used [0x00000000f7f00000,0x00000000f7f00000,0x00000000fa480000)
 ParOldGen       total 139776K, used 109526K [0x00000000c0000000, 0x00000000c8880000, 0x00000000eab00000)
  object space 139776K, 78% used [0x00000000c0000000,0x00000000c6af5930,0x00000000c8880000)
 Metaspace       used 6222K, capacity 7216K, committed 7296K, reserved 1056768K
  class space    used 574K, capacity 616K, committed 640K, reserved 1048576K
Event: 73.675 GC heap after
Heap after GC invocations=16 (full 2):
 PSYoungGen      total 206336K, used 38393K [0x00000000eab00000, 0x00000000fbb00000, 0x0000000100000000)
  eden space 167936K, 0% used [0x00000000eab00000,0x00000000eab00000,0x00000000f4f00000)
  from space 38400K, 99% used [0x00000000f7f00000,0x00000000fa47e728,0x00000000fa480000)
  to   space 49152K, 0% used [0x00000000f4f00000,0x00000000f4f00000,0x00000000f7f00000)
 ParOldGen       total 139776K, used 122233K [0x00000000c0000000, 0x00000000c8880000, 0x00000000eab00000)
  object space 139776K, 87% used [0x00000000c0000000,0x00000000c775e5c8,0x00000000c8880000)
 Metaspace       used 6222K, capacity 7216K, committed 7296K, reserved 1056768K
  class space    used 574K, capacity 616K, committed 640K, reserved 1048576K
}
Event: 73.675 GC heap before
{Heap before GC invocations=17 (full 3):
 PSYoungGen      total 206336K, used 38393K [0x00000000eab00000, 0x00000000fbb00000, 0x0000000100000000)
  eden space 167936K, 0% used [0x00000000eab00000,0x00000000eab00000,0x00000000f4f00000)
  from space 38400K, 99% used [0x00000000f7f00000,0x00000000fa47e728,0x00000000fa480000)
  to   space 49152K, 0% used [0x00000000f4f00000,0x00000000f4f00000,0x00000000f7f00000)
 ParOldGen       total 139776K, used 122233K [0x00000000c0000000, 0x00000000c8880000, 0x00000000eab00000)
  object space 139776K, 87% used [0x00000000c0000000,0x00000000c775e5c8,0x00000000c8880000)
 Metaspace       used 6222K, capacity 7216K, committed 7296K, reserved 1056768K
  class space    used 574K, capacity 616K, committed 640K, reserved 1048576K
Event: 79.878 GC heap after
Heap after GC invocations=17 (full 3):
 PSYoungGen      total 206336K, used 18854K [0x00000000eab00000, 0x00000000fbb00000, 0x0000000100000000)
  eden space 167936K, 0% used [0x00000000eab00000,0x00000000eab00000,0x00000000f4f00000)
  from space 38400K, 49% used [0x00000000f7f00000,0x00000000f9169ac8,0x00000000fa480000)
  to   space 49152K, 0% used [0x00000000f4f00000,0x00000000f4f00000,0x00000000f7f00000)
 ParOldGen       total 232448K, used 139479K [0x00000000c0000000, 0x00000000ce300000, 0x00000000eab00000)
  object space 232448K, 60% used [0x00000000c0000000,0x00000000c8835c70,0x00000000ce300000)
 Metaspace       used 6222K, capacity 7216K, committed 7296K, reserved 1056768K
  class space    used 574K, capacity 616K, committed 640K, reserved 1048576K
}

