# JRE version: OpenJDK Runtime Environment (8.0_76-b03) (build 1.8.0_76-release-b03)
# Java VM: OpenJDK 64-Bit Server VM (25.76-b03 mixed mode windows-amd64 compressed oops)
Heap:
 PSYoungGen      total 129536K, used 97894K [0x00000000eab00000, 0x00000000f8800000, 0x0000000100000000)
  eden space 113664K, 86% used [0x00000000eab00000,0x00000000f0a99ad8,0x00000000f1a00000)
  from space 15872K, 0% used [0x00000000f1a00000,0x00000000f1a00000,0x00000000f2980000)
  to   space 22016K, 0% used [0x00000000f7280000,0x00000000f7280000,0x00000000f8800000)
 ParOldGen       total 38400K, used 38282K [0x00000000c0000000, 0x00000000c2580000, 0x00000000eab00000)
  object space 38400K, 99% used [0x00000000c0000000,0x00000000c2562958,0x00000000c2580000)
 Metaspace       used 6200K, capacity 7216K, committed 7296K, reserved 1056768K
  class space    used 573K, capacity 616K, committed 640K, reserved 1048576K
GC Heap History (10 events):
Event: 28.200 GC heap before
{Heap before GC invocations=9 (full 0):
 PSYoungGen      total 125440K, used 125418K [0x00000000eab00000, 0x00000000f3d00000, 0x0000000100000000)
  eden space 113664K, 100% used [0x00000000eab00000,0x00000000f1a00000,0x00000000f1a00000)
  from space 11776K, 99% used [0x00000000f2980000,0x00000000f34fabf8,0x00000000f3500000)
  to   space 15872K, 0% used [0x00000000f1a00000,0x00000000f1a00000,0x00000000f2980000)
 ParOldGen       total 38400K, used 28182K [0x00000000c0000000, 0x00000000c2580000, 0x00000000eab00000)
  object space 38400K, 73% used [0x00000000c0000000,0x00000000c1b85b58,0x00000000c2580000)
 Metaspace       used 6178K, capacity 7152K, committed 7296K, reserved 1056768K
  class space    used 573K, capacity 616K, committed 640K, reserved 1048576K
Event: 28.364 GC heap after
Heap after GC invocations=9 (full 0):
 PSYoungGen      total 129536K, used 15856K [0x00000000eab00000, 0x00000000f8800000, 0x0000000100000000)
  eden space 113664K, 0% used [0x00000000eab00000,0x00000000eab00000,0x00000000f1a00000)
  from space 15872K, 99% used [0x00000000f1a00000,0x00000000f297c058,0x00000000f2980000)
  to   space 22016K, 0% used [0x00000000f7280000,0x00000000f7280000,0x00000000f8800000)
 ParOldGen       total 38400K, used 37818K [0x00000000c0000000, 0x00000000c2580000, 0x00000000eab00000)
  object space 38400K, 98% used [0x00000000c0000000,0x00000000c24eebd0,0x00000000c2580000)
 Metaspace       used 6178K, capacity 7152K, committed 7296K, reserved 1056768K
  class space    used 573K, capacity 616K, committed 640K, reserved 1048576K
}
Event: 28.364 GC heap before
{Heap before GC invocations=10 (full 1):
 PSYoungGen      total 129536K, used 15856K [0x00000000eab00000, 0x00000000f8800000, 0x0000000100000000)
  eden space 113664K, 0% used [0x00000000eab00000,0x00000000eab00000,0x00000000f1a00000)
  from space 15872K, 99% used [0x00000000f1a00000,0x00000000f297c058,0x00000000f2980000)
  to   space 22016K, 0% used [0x00000000f7280000,0x00000000f7280000,0x00000000f8800000)
 ParOldGen       total 38400K, used 37818K [0x00000000c0000000, 0x00000000c2580000, 0x00000000eab00000)
  object space 38400K, 98% used [0x00000000c0000000,0x00000000c24eebd0,0x00000000c2580000)
 Metaspace       used 6178K, capacity 7152K, committed 7296K, reserved 1056768K
  class space    used 573K, capacity 616K, committed 640K, reserved 1048576K
Event: 30.919 GC heap after
Heap after GC invocations=10 (full 1):
 PSYoungGen      total 129536K, used 9164K [0x00000000eab00000, 0x00000000f8800000, 0x0000000100000000)
  eden space 113664K, 0% used [0x00000000eab00000,0x00000000eab00000,0x00000000f1a00000)
  from space 15872K, 57% used [0x00000000f1a00000,0x00000000f22f31e0,0x00000000f2980000)
  to   space 22016K, 0% used [0x00000000f7280000,0x00000000f7280000,0x00000000f8800000)
 ParOldGen       total 38400K, used 38067K [0x00000000c0000000, 0x00000000c2580000, 0x00000000eab00000)
  object space 38400K, 99% used [0x00000000c0000000,0x00000000c252cde8,0x00000000c2580000)
 Metaspace       used 6178K, capacity 7152K, committed 7296K, reserved 1056768K
  class space    used 573K, capacity 616K, committed 640K, reserved 1048576K
}
Event: 34.157 GC heap before
{Heap before GC invocations=11 (full 2):
 PSYoungGen      total 129536K, used 122828K [0x00000000eab00000, 0x00000000f8800000, 0x0000000100000000)
  eden space 113664K, 100% used [0x00000000eab00000,0x00000000f1a00000,0x00000000f1a00000)
  from space 15872K, 57% used [0x00000000f1a00000,0x00000000f22f31e0,0x00000000f2980000)
  to   space 22016K, 0% used [0x00000000f7280000,0x00000000f7280000,0x00000000f8800000)
 ParOldGen       total 38400K, used 38067K [0x00000000c0000000, 0x00000000c2580000, 0x00000000eab00000)
  object space 38400K, 99% used [0x00000000c0000000,0x00000000c252cde8,0x00000000c2580000)
 Metaspace       used 6191K, capacity 7152K, committed 7296K, reserved 1056768K
  class space    used 573K, capacity 616K, committed 640K, reserved 1048576K
Event: 36.075 GC heap after
Heap after GC invocations=11 (full 2):
 PSYoungGen      total 129536K, used 26948K [0x00000000eab00000, 0x00000000f8800000, 0x0000000100000000)
  eden space 113664K, 23% used [0x00000000eab00000,0x00000000ec551348,0x00000000f1a00000)
  from space 15872K, 0% used [0x00000000f1a00000,0x00000000f1a00000,0x00000000f2980000)
  to   space 22016K, 0% used [0x00000000f7280000,0x00000000f7280000,0x00000000f8800000)
 ParOldGen       total 38400K, used 38355K [0x00000000c0000000, 0x00000000c2580000, 0x00000000eab00000)
  object space 38400K, 99% used [0x00000000c0000000,0x00000000c2574c38,0x00000000c2580000)
 Metaspace       used 6191K, capacity 7152K, committed 7296K, reserved 1056768K
  class space    used 573K, capacity 616K, committed 640K, reserved 1048576K
}
Event: 37.782 GC heap before
{Heap before GC invocations=12 (full 3):
 PSYoungGen      total 129536K, used 113664K [0x00000000eab00000, 0x00000000f8800000, 0x0000000100000000)
  eden space 113664K, 100% used [0x00000000eab00000,0x00000000f1a00000,0x00000000f1a00000)
  from space 15872K, 0% used [0x00000000f1a00000,0x00000000f1a00000,0x00000000f2980000)
  to   space 22016K, 0% used [0x00000000f7280000,0x00000000f7280000,0x00000000f8800000)
 ParOldGen       total 38400K, used 38355K [0x00000000c0000000, 0x00000000c2580000, 0x00000000eab00000)
  object space 38400K, 99% used [0x00000000c0000000,0x00000000c2574c38,0x00000000c2580000)
 Metaspace       used 6194K, capacity 7216K, committed 7296K, reserved 1056768K
  class space    used 573K, capacity 616K, committed 640K, reserved 1048576K
Event: 39.634 GC heap after
Heap after GC invocations=12 (full 3):
 PSYoungGen      total 129536K, used 38690K [0x00000000eab00000, 0x00000000f8800000, 0x0000000100000000)
  eden space 113664K, 34% used [0x00000000eab00000,0x00000000ed0c8918,0x00000000f1a00000)
  from space 15872K, 0% used [0x00000000f1a00000,0x00000000f1a00000,0x00000000f2980000)
  to   space 22016K, 0% used [0x00000000f7280000,0x00000000f7280000,0x00000000f8800000)
 ParOldGen       total 38400K, used 38282K [0x00000000c0000000, 0x00000000c2580000, 0x00000000eab00000)
  object space 38400K, 99% used [0x00000000c0000000,0x00000000c2562a28,0x00000000c2580000)
 Metaspace       used 6194K, capacity 7216K, committed 7296K, reserved 1056768K
  class space    used 573K, capacity 616K, committed 640K, reserved 1048576K
}
Event: 41.139 GC heap before
{Heap before GC invocations=13 (full 4):
 PSYoungGen      total 129536K, used 113664K [0x00000000eab00000, 0x00000000f8800000, 0x0000000100000000)
  eden space 113664K, 100% used [0x00000000eab00000,0x00000000f1a00000,0x00000000f1a00000)
  from space 15872K, 0% used [0x00000000f1a00000,0x00000000f1a00000,0x00000000f2980000)
  to   space 22016K, 0% used [0x00000000f7280000,0x00000000f7280000,0x00000000f8800000)
 ParOldGen       total 38400K, used 38282K [0x00000000c0000000, 0x00000000c2580000, 0x00000000eab00000)
  object space 38400K, 99% used [0x00000000c0000000,0x00000000c2562a28,0x00000000c2580000)
 Metaspace       used 6199K, capacity 7216K, committed 7296K, reserved 1056768K
  class space    used 573K, capacity 616K, committed 640K, reserved 1048576K
Event: 42.483 GC heap after
Heap after GC invocations=13 (full 4):
 PSYoungGen      total 129536K, used 50190K [0x00000000eab00000, 0x00000000f8800000, 0x0000000100000000)
  eden space 113664K, 44% used [0x00000000eab00000,0x00000000edc03878,0x00000000f1a00000)
  from space 15872K, 0% used [0x00000000f1a00000,0x00000000f1a00000,0x00000000f2980000)
  to   space 22016K, 0% used [0x00000000f7280000,0x00000000f7280000,0x00000000f8800000)
 ParOldGen       total 38400K, used 38282K [0x00000000c0000000, 0x00000000c2580000, 0x00000000eab00000)
  object space 38400K, 99% used [0x00000000c0000000,0x00000000c2562958,0x00000000c2580000)
 Metaspace       used 6199K, capacity 7216K, committed 7296K, reserved 1056768K
  class space    used 573K, capacity 616K, committed 640K, reserved 1048576K
}

