# JRE version: OpenJDK Runtime Environment (8.0_76-b03) (build 1.8.0_76-release-b03)
# Java VM: OpenJDK 64-Bit Server VM (25.76-b03 mixed mode windows-amd64 compressed oops)
Heap:
 PSYoungGen      total 251904K, used 182831K [0x00000000eab00000, 0x0000000100000000, 0x0000000100000000)
  eden space 191488K, 63% used [0x00000000eab00000,0x00000000f228df20,0x00000000f6600000)
  from space 60416K, 99% used [0x00000000f6600000,0x00000000fa0fddb0,0x00000000fa100000)
  to   space 74752K, 0% used [0x00000000fb700000,0x00000000fb700000,0x0000000100000000)
 ParOldGen       total 217088K, used 176572K [0x00000000c0000000, 0x00000000cd400000, 0x00000000eab00000)
  object space 217088K, 81% used [0x00000000c0000000,0x00000000cac6f320,0x00000000cd400000)
 Metaspace       used 6234K, capacity 7216K, committed 7296K, reserved 1056768K
  class space    used 574K, capacity 616K, committed 640K, reserved 1048576K
GC Heap History (10 events):
Event: 38.509 GC heap before
{Heap before GC invocations=16 (full 3):
 PSYoungGen      total 195072K, used 26752K [0x00000000eab00000, 0x00000000fad80000, 0x0000000100000000)
  eden space 158720K, 0% used [0x00000000eab00000,0x00000000eab00000,0x00000000f4600000)
  from space 36352K, 73% used [0x00000000f4600000,0x00000000f6020010,0x00000000f6980000)
  to   space 38400K, 0% used [0x00000000f8800000,0x00000000f8800000,0x00000000fad80000)
 ParOldGen       total 130560K, used 109575K [0x00000000c0000000, 0x00000000c7f80000, 0x00000000eab00000)
  object space 130560K, 83% used [0x00000000c0000000,0x00000000c6b01e78,0x00000000c7f80000)
 Metaspace       used 6207K, capacity 7216K, committed 7296K, reserved 1056768K
  class space    used 573K, capacity 616K, committed 640K, reserved 1048576K
Event: 42.880 GC heap after
Heap after GC invocations=16 (full 3):
 PSYoungGen      total 195072K, used 4073K [0x00000000eab00000, 0x00000000fad80000, 0x0000000100000000)
  eden space 158720K, 0% used [0x00000000eab00000,0x00000000eab00000,0x00000000f4600000)
  from space 36352K, 11% used [0x00000000f4600000,0x00000000f49fa6f0,0x00000000f6980000)
  to   space 38400K, 0% used [0x00000000f8800000,0x00000000f8800000,0x00000000fad80000)
 ParOldGen       total 217088K, used 130420K [0x00000000c0000000, 0x00000000cd400000, 0x00000000eab00000)
  object space 217088K, 60% used [0x00000000c0000000,0x00000000c7f5d3e0,0x00000000cd400000)
 Metaspace       used 6207K, capacity 7216K, committed 7296K, reserved 1056768K
  class space    used 573K, capacity 616K, committed 640K, reserved 1048576K
}
Event: 46.691 GC heap before
{Heap before GC invocations=17 (full 3):
 PSYoungGen      total 195072K, used 162793K [0x00000000eab00000, 0x00000000fad80000, 0x0000000100000000)
  eden space 158720K, 100% used [0x00000000eab00000,0x00000000f4600000,0x00000000f4600000)
  from space 36352K, 11% used [0x00000000f4600000,0x00000000f49fa6f0,0x00000000f6980000)
  to   space 38400K, 0% used [0x00000000f8800000,0x00000000f8800000,0x00000000fad80000)
 ParOldGen       total 217088K, used 130420K [0x00000000c0000000, 0x00000000cd400000, 0x00000000eab00000)
  object space 217088K, 60% used [0x00000000c0000000,0x00000000c7f5d3e0,0x00000000cd400000)
 Metaspace       used 6214K, capacity 7216K, committed 7296K, reserved 1056768K
  class space    used 574K, capacity 616K, committed 640K, reserved 1048576K
Event: 46.941 GC heap after
Heap after GC invocations=17 (full 3):
 PSYoungGen      total 214016K, used 28363K [0x00000000eab00000, 0x00000000faa00000, 0x0000000100000000)
  eden space 179200K, 0% used [0x00000000eab00000,0x00000000eab00000,0x00000000f5a00000)
  from space 34816K, 81% used [0x00000000f8800000,0x00000000fa3b2f70,0x00000000faa00000)
  to   space 40960K, 0% used [0x00000000f5a00000,0x00000000f5a00000,0x00000000f8200000)
 ParOldGen       total 217088K, used 130420K [0x00000000c0000000, 0x00000000cd400000, 0x00000000eab00000)
  object space 217088K, 60% used [0x00000000c0000000,0x00000000c7f5d3e0,0x00000000cd400000)
 Metaspace       used 6214K, capacity 7216K, committed 7296K, reserved 1056768K
  class space    used 574K, capacity 616K, committed 640K, reserved 1048576K
}
Event: 57.980 GC heap before
{Heap before GC invocations=18 (full 3):
 PSYoungGen      total 214016K, used 207563K [0x00000000eab00000, 0x00000000faa00000, 0x0000000100000000)
  eden space 179200K, 100% used [0x00000000eab00000,0x00000000f5a00000,0x00000000f5a00000)
  from space 34816K, 81% used [0x00000000f8800000,0x00000000fa3b2f70,0x00000000faa00000)
  to   space 40960K, 0% used [0x00000000f5a00000,0x00000000f5a00000,0x00000000f8200000)
 ParOldGen       total 217088K, used 130420K [0x00000000c0000000, 0x00000000cd400000, 0x00000000eab00000)
  object space 217088K, 60% used [0x00000000c0000000,0x00000000c7f5d3e0,0x00000000cd400000)
 Metaspace       used 6219K, capacity 7216K, committed 7296K, reserved 1056768K
  class space    used 574K, capacity 616K, committed 640K, reserved 1048576K
Event: 58.174 GC heap after
Heap after GC invocations=18 (full 3):
 PSYoungGen      total 220160K, used 40936K [0x00000000eab00000, 0x00000000fd480000, 0x0000000100000000)
  eden space 179200K, 0% used [0x00000000eab00000,0x00000000eab00000,0x00000000f5a00000)
  from space 40960K, 99% used [0x00000000f5a00000,0x00000000f81fa188,0x00000000f8200000)
  to   space 52736K, 0% used [0x00000000fa100000,0x00000000fa100000,0x00000000fd480000)
 ParOldGen       total 217088K, used 145570K [0x00000000c0000000, 0x00000000cd400000, 0x00000000eab00000)
  object space 217088K, 67% used [0x00000000c0000000,0x00000000c8e289b0,0x00000000cd400000)
 Metaspace       used 6219K, capacity 7216K, committed 7296K, reserved 1056768K
  class space    used 574K, capacity 616K, committed 640K, reserved 1048576K
}
Event: 60.839 GC heap before
{Heap before GC invocations=19 (full 3):
 PSYoungGen      total 220160K, used 220136K [0x00000000eab00000, 0x00000000fd480000, 0x0000000100000000)
  eden space 179200K, 100% used [0x00000000eab00000,0x00000000f5a00000,0x00000000f5a00000)
  from space 40960K, 99% used [0x00000000f5a00000,0x00000000f81fa188,0x00000000f8200000)
  to   space 52736K, 0% used [0x00000000fa100000,0x00000000fa100000,0x00000000fd480000)
 ParOldGen       total 217088K, used 145570K [0x00000000c0000000, 0x00000000cd400000, 0x00000000eab00000)
  object space 217088K, 67% used [0x00000000c0000000,0x00000000c8e289b0,0x00000000cd400000)
 Metaspace       used 6232K, capacity 7216K, committed 7296K, reserved 1056768K
  class space    used 574K, capacity 616K, committed 640K, reserved 1048576K
Event: 61.476 GC heap after
Heap after GC invocations=19 (full 3):
 PSYoungGen      total 244224K, used 50208K [0x00000000eab00000, 0x00000000fef00000, 0x0000000100000000)
  eden space 191488K, 0% used [0x00000000eab00000,0x00000000eab00000,0x00000000f6600000)
  from space 52736K, 95% used [0x00000000fa100000,0x00000000fd208160,0x00000000fd480000)
  to   space 60416K, 0% used [0x00000000f6600000,0x00000000f6600000,0x00000000fa100000)
 ParOldGen       total 217088K, used 165258K [0x00000000c0000000, 0x00000000cd400000, 0x00000000eab00000)
  object space 217088K, 76% used [0x00000000c0000000,0x00000000ca1628d8,0x00000000cd400000)
 Metaspace       used 6232K, capacity 7216K, committed 7296K, reserved 1056768K
  class space    used 574K, capacity 616K, committed 640K, reserved 1048576K
}
Event: 64.630 GC heap before
{Heap before GC invocations=20 (full 3):
 PSYoungGen      total 244224K, used 241696K [0x00000000eab00000, 0x00000000fef00000, 0x0000000100000000)
  eden space 191488K, 100% used [0x00000000eab00000,0x00000000f6600000,0x00000000f6600000)
  from space 52736K, 95% used [0x00000000fa100000,0x00000000fd208160,0x00000000fd480000)
  to   space 60416K, 0% used [0x00000000f6600000,0x00000000f6600000,0x00000000fa100000)
 ParOldGen       total 217088K, used 165258K [0x00000000c0000000, 0x00000000cd400000, 0x00000000eab00000)
  object space 217088K, 76% used [0x00000000c0000000,0x00000000ca1628d8,0x00000000cd400000)
 Metaspace       used 6232K, capacity 7216K, committed 7296K, reserved 1056768K
  class space    used 574K, capacity 616K, committed 640K, reserved 1048576K
Event: 64.994 GC heap after
Heap after GC invocations=20 (full 3):
 PSYoungGen      total 251904K, used 60407K [0x00000000eab00000, 0x0000000100000000, 0x0000000100000000)
  eden space 191488K, 0% used [0x00000000eab00000,0x00000000eab00000,0x00000000f6600000)
  from space 60416K, 99% used [0x00000000f6600000,0x00000000fa0fddb0,0x00000000fa100000)
  to   space 74752K, 0% used [0x00000000fb700000,0x00000000fb700000,0x0000000100000000)
 ParOldGen       total 217088K, used 176572K [0x00000000c0000000, 0x00000000cd400000, 0x00000000eab00000)
  object space 217088K, 81% used [0x00000000c0000000,0x00000000cac6f320,0x00000000cd400000)
 Metaspace       used 6232K, capacity 7216K, committed 7296K, reserved 1056768K
  class space    used 574K, capacity 616K, committed 640K, reserved 1048576K
}

