# JRE version: OpenJDK Runtime Environment (8.0_76-b03) (build 1.8.0_76-release-b03)
# Java VM: OpenJDK 64-Bit Server VM (25.76-b03 mixed mode windows-amd64 compressed oops)
Heap:
 PSYoungGen      total 211456K, used 140113K [0x00000000eab00000, 0x00000000fc400000, 0x0000000100000000)
  eden space 161792K, 55% used [0x00000000eab00000,0x00000000f035c1b8,0x00000000f4900000)
  from space 49664K, 99% used [0x00000000f8180000,0x00000000fb1f83e8,0x00000000fb200000)
  to   space 57856K, 0% used [0x00000000f4900000,0x00000000f4900000,0x00000000f8180000)
 ParOldGen       total 233984K, used 161849K [0x00000000c0000000, 0x00000000ce480000, 0x00000000eab00000)
  object space 233984K, 69% used [0x00000000c0000000,0x00000000c9e0e628,0x00000000ce480000)
 Metaspace       used 6252K, capacity 7216K, committed 7296K, reserved 1056768K
  class space    used 574K, capacity 616K, committed 640K, reserved 1048576K
GC Heap History (10 events):
Event: 197.852 GC heap before
{Heap before GC invocations=15 (full 2):
 PSYoungGen      total 190976K, used 190965K [0x00000000eab00000, 0x00000000f9f00000, 0x0000000100000000)
  eden space 162304K, 100% used [0x00000000eab00000,0x00000000f4980000,0x00000000f4980000)
  from space 28672K, 99% used [0x00000000f6d80000,0x00000000f897d620,0x00000000f8980000)
  to   space 36864K, 0% used [0x00000000f4980000,0x00000000f4980000,0x00000000f6d80000)
 ParOldGen       total 135680K, used 82110K [0x00000000c0000000, 0x00000000c8480000, 0x00000000eab00000)
  object space 135680K, 60% used [0x00000000c0000000,0x00000000c502f890,0x00000000c8480000)
 Metaspace       used 6225K, capacity 7216K, committed 7296K, reserved 1056768K
  class space    used 574K, capacity 616K, committed 640K, reserved 1048576K
Event: 198.155 GC heap after
Heap after GC invocations=15 (full 2):
 PSYoungGen      total 199168K, used 28263K [0x00000000eab00000, 0x00000000f9e80000, 0x0000000100000000)
  eden space 162304K, 0% used [0x00000000eab00000,0x00000000eab00000,0x00000000f4980000)
  from space 36864K, 76% used [0x00000000f4980000,0x00000000f6519cb8,0x00000000f6d80000)
  to   space 39424K, 0% used [0x00000000f7800000,0x00000000f7800000,0x00000000f9e80000)
 ParOldGen       total 135680K, used 110899K [0x00000000c0000000, 0x00000000c8480000, 0x00000000eab00000)
  object space 135680K, 81% used [0x00000000c0000000,0x00000000c6c4cc40,0x00000000c8480000)
 Metaspace       used 6225K, capacity 7216K, committed 7296K, reserved 1056768K
  class space    used 574K, capacity 616K, committed 640K, reserved 1048576K
}
Event: 201.238 GC heap before
{Heap before GC invocations=16 (full 2):
 PSYoungGen      total 199168K, used 190567K [0x00000000eab00000, 0x00000000f9e80000, 0x0000000100000000)
  eden space 162304K, 100% used [0x00000000eab00000,0x00000000f4980000,0x00000000f4980000)
  from space 36864K, 76% used [0x00000000f4980000,0x00000000f6519cb8,0x00000000f6d80000)
  to   space 39424K, 0% used [0x00000000f7800000,0x00000000f7800000,0x00000000f9e80000)
 ParOldGen       total 135680K, used 110899K [0x00000000c0000000, 0x00000000c8480000, 0x00000000eab00000)
  object space 135680K, 81% used [0x00000000c0000000,0x00000000c6c4cc40,0x00000000c8480000)
 Metaspace       used 6233K, capacity 7216K, committed 7296K, reserved 1056768K
  class space    used 574K, capacity 616K, committed 640K, reserved 1048576K
Event: 201.492 GC heap after
Heap after GC invocations=16 (full 2):
 PSYoungGen      total 198656K, used 39398K [0x00000000eab00000, 0x00000000fb600000, 0x0000000100000000)
  eden space 159232K, 0% used [0x00000000eab00000,0x00000000eab00000,0x00000000f4680000)
  from space 39424K, 99% used [0x00000000f7800000,0x00000000f9e79960,0x00000000f9e80000)
  to   space 50688K, 0% used [0x00000000f4680000,0x00000000f4680000,0x00000000f7800000)
 ParOldGen       total 135680K, used 124615K [0x00000000c0000000, 0x00000000c8480000, 0x00000000eab00000)
  object space 135680K, 91% used [0x00000000c0000000,0x00000000c79b1fc0,0x00000000c8480000)
 Metaspace       used 6233K, capacity 7216K, committed 7296K, reserved 1056768K
  class space    used 574K, capacity 616K, committed 640K, reserved 1048576K
}
Event: 201.492 GC heap before
{Heap before GC invocations=17 (full 3):
 PSYoungGen      total 198656K, used 39398K [0x00000000eab00000, 0x00000000fb600000, 0x0000000100000000)
  eden space 159232K, 0% used [0x00000000eab00000,0x00000000eab00000,0x00000000f4680000)
  from space 39424K, 99% used [0x00000000f7800000,0x00000000f9e79960,0x00000000f9e80000)
  to   space 50688K, 0% used [0x00000000f4680000,0x00000000f4680000,0x00000000f7800000)
 ParOldGen       total 135680K, used 124615K [0x00000000c0000000, 0x00000000c8480000, 0x00000000eab00000)
  object space 135680K, 91% used [0x00000000c0000000,0x00000000c79b1fc0,0x00000000c8480000)
 Metaspace       used 6233K, capacity 7216K, committed 7296K, reserved 1056768K
  class space    used 574K, capacity 616K, committed 640K, reserved 1048576K
Event: 206.135 GC heap after
Heap after GC invocations=17 (full 3):
 PSYoungGen      total 198656K, used 25989K [0x00000000eab00000, 0x00000000fb600000, 0x0000000100000000)
  eden space 159232K, 0% used [0x00000000eab00000,0x00000000eab00000,0x00000000f4680000)
  from space 39424K, 65% used [0x00000000f7800000,0x00000000f91617e8,0x00000000f9e80000)
  to   space 50688K, 0% used [0x00000000f4680000,0x00000000f4680000,0x00000000f7800000)
 ParOldGen       total 233984K, used 135568K [0x00000000c0000000, 0x00000000ce480000, 0x00000000eab00000)
  object space 233984K, 57% used [0x00000000c0000000,0x00000000c8464328,0x00000000ce480000)
 Metaspace       used 6233K, capacity 7216K, committed 7296K, reserved 1056768K
  class space    used 574K, capacity 616K, committed 640K, reserved 1048576K
}
Event: 209.223 GC heap before
{Heap before GC invocations=18 (full 3):
 PSYoungGen      total 198656K, used 185221K [0x00000000eab00000, 0x00000000fb600000, 0x0000000100000000)
  eden space 159232K, 100% used [0x00000000eab00000,0x00000000f4680000,0x00000000f4680000)
  from space 39424K, 65% used [0x00000000f7800000,0x00000000f91617e8,0x00000000f9e80000)
  to   space 50688K, 0% used [0x00000000f4680000,0x00000000f4680000,0x00000000f7800000)
 ParOldGen       total 233984K, used 135568K [0x00000000c0000000, 0x00000000ce480000, 0x00000000eab00000)
  object space 233984K, 57% used [0x00000000c0000000,0x00000000c8464328,0x00000000ce480000)
 Metaspace       used 6239K, capacity 7216K, committed 7296K, reserved 1056768K
  class space    used 574K, capacity 616K, committed 640K, reserved 1048576K
Event: 209.612 GC heap after
Heap after GC invocations=18 (full 3):
 PSYoungGen      total 209920K, used 25708K [0x00000000eab00000, 0x00000000fb200000, 0x0000000100000000)
  eden space 159232K, 0% used [0x00000000eab00000,0x00000000eab00000,0x00000000f4680000)
  from space 50688K, 50% used [0x00000000f4680000,0x00000000f5f9b050,0x00000000f7800000)
  to   space 49664K, 0% used [0x00000000f8180000,0x00000000f8180000,0x00000000fb200000)
 ParOldGen       total 233984K, used 161674K [0x00000000c0000000, 0x00000000ce480000, 0x00000000eab00000)
  object space 233984K, 69% used [0x00000000c0000000,0x00000000c9de2b40,0x00000000ce480000)
 Metaspace       used 6239K, capacity 7216K, committed 7296K, reserved 1056768K
  class space    used 574K, capacity 616K, committed 640K, reserved 1048576K
}
Event: 212.214 GC heap before
{Heap before GC invocations=19 (full 3):
 PSYoungGen      total 209920K, used 184940K [0x00000000eab00000, 0x00000000fb200000, 0x0000000100000000)
  eden space 159232K, 100% used [0x00000000eab00000,0x00000000f4680000,0x00000000f4680000)
  from space 50688K, 50% used [0x00000000f4680000,0x00000000f5f9b050,0x00000000f7800000)
  to   space 49664K, 0% used [0x00000000f8180000,0x00000000f8180000,0x00000000fb200000)
 ParOldGen       total 233984K, used 161674K [0x00000000c0000000, 0x00000000ce480000, 0x00000000eab00000)
  object space 233984K, 69% used [0x00000000c0000000,0x00000000c9de2b40,0x00000000ce480000)
 Metaspace       used 6252K, capacity 7216K, committed 7296K, reserved 1056768K
  class space    used 574K, capacity 616K, committed 640K, reserved 1048576K
Event: 212.496 GC heap after
Heap after GC invocations=19 (full 3):
 PSYoungGen      total 211456K, used 49632K [0x00000000eab00000, 0x00000000fc400000, 0x0000000100000000)
  eden space 161792K, 0% used [0x00000000eab00000,0x00000000eab00000,0x00000000f4900000)
  from space 49664K, 99% used [0x00000000f8180000,0x00000000fb1f83e8,0x00000000fb200000)
  to   space 57856K, 0% used [0x00000000f4900000,0x00000000f4900000,0x00000000f8180000)
 ParOldGen       total 233984K, used 161849K [0x00000000c0000000, 0x00000000ce480000, 0x00000000eab00000)
  object space 233984K, 69% used [0x00000000c0000000,0x00000000c9e0e628,0x00000000ce480000)
 Metaspace       used 6252K, capacity 7216K, committed 7296K, reserved 1056768K
  class space    used 574K, capacity 616K, committed 640K, reserved 1048576K
}

