# JRE version: OpenJDK Runtime Environment (8.0_76-b03) (build 1.8.0_76-release-b03)
# Java VM: OpenJDK 64-Bit Server VM (25.76-b03 mixed mode windows-amd64 compressed oops)
Heap:
 PSYoungGen      total 199168K, used 26772K [0x00000000eab00000, 0x00000000f9200000, 0x0000000100000000)
  eden space 171520K, 7% used [0x00000000eab00000,0x00000000eb865138,0x00000000f5280000)
  from space 27648K, 47% used [0x00000000f5280000,0x00000000f5f3ff10,0x00000000f6d80000)
  to   space 29696K, 0% used [0x00000000f7500000,0x00000000f7500000,0x00000000f9200000)
 ParOldGen       total 130560K, used 72408K [0x00000000c0000000, 0x00000000c7f80000, 0x00000000eab00000)
  object space 130560K, 55% used [0x00000000c0000000,0x00000000c46b6020,0x00000000c7f80000)
 Metaspace       used 6192K, capacity 7216K, committed 7296K, reserved 1056768K
  class space    used 572K, capacity 616K, committed 640K, reserved 1048576K
GC Heap History (10 events):
Event: 37.062 GC heap before
{Heap before GC invocations=9 (full 0):
 PSYoungGen      total 125952K, used 125930K [0x00000000eab00000, 0x00000000f3c00000, 0x0000000100000000)
  eden space 114176K, 100% used [0x00000000eab00000,0x00000000f1a80000,0x00000000f1a80000)
  from space 11776K, 99% used [0x00000000f2980000,0x00000000f34fa868,0x00000000f3500000)
  to   space 15360K, 0% used [0x00000000f1a80000,0x00000000f1a80000,0x00000000f2980000)
 ParOldGen       total 38400K, used 28316K [0x00000000c0000000, 0x00000000c2580000, 0x00000000eab00000)
  object space 38400K, 73% used [0x00000000c0000000,0x00000000c1ba7370,0x00000000c2580000)
 Metaspace       used 6143K, capacity 7152K, committed 7296K, reserved 1056768K
  class space    used 572K, capacity 616K, committed 640K, reserved 1048576K
Event: 37.431 GC heap after
Heap after GC invocations=9 (full 0):
 PSYoungGen      total 129536K, used 15351K [0x00000000eab00000, 0x00000000f8880000, 0x0000000100000000)
  eden space 114176K, 0% used [0x00000000eab00000,0x00000000eab00000,0x00000000f1a80000)
  from space 15360K, 99% used [0x00000000f1a80000,0x00000000f297dd88,0x00000000f2980000)
  to   space 22016K, 0% used [0x00000000f7300000,0x00000000f7300000,0x00000000f8880000)
 ParOldGen       total 39424K, used 39288K [0x00000000c0000000, 0x00000000c2680000, 0x00000000eab00000)
  object space 39424K, 99% used [0x00000000c0000000,0x00000000c265e080,0x00000000c2680000)
 Metaspace       used 6143K, capacity 7152K, committed 7296K, reserved 1056768K
  class space    used 572K, capacity 616K, committed 640K, reserved 1048576K
}
Event: 37.431 GC heap before
{Heap before GC invocations=10 (full 1):
 PSYoungGen      total 129536K, used 15351K [0x00000000eab00000, 0x00000000f8880000, 0x0000000100000000)
  eden space 114176K, 0% used [0x00000000eab00000,0x00000000eab00000,0x00000000f1a80000)
  from space 15360K, 99% used [0x00000000f1a80000,0x00000000f297dd88,0x00000000f2980000)
  to   space 22016K, 0% used [0x00000000f7300000,0x00000000f7300000,0x00000000f8880000)
 ParOldGen       total 39424K, used 39288K [0x00000000c0000000, 0x00000000c2680000, 0x00000000eab00000)
  object space 39424K, 99% used [0x00000000c0000000,0x00000000c265e080,0x00000000c2680000)
 Metaspace       used 6143K, capacity 7152K, committed 7296K, reserved 1056768K
  class space    used 572K, capacity 616K, committed 640K, reserved 1048576K
Event: 39.515 GC heap after
Heap after GC invocations=10 (full 1):
 PSYoungGen      total 129536K, used 9158K [0x00000000eab00000, 0x00000000f8880000, 0x0000000100000000)
  eden space 114176K, 0% used [0x00000000eab00000,0x00000000eab00000,0x00000000f1a80000)
  from space 15360K, 59% used [0x00000000f1a80000,0x00000000f2371840,0x00000000f2980000)
  to   space 22016K, 0% used [0x00000000f7300000,0x00000000f7300000,0x00000000f8880000)
 ParOldGen       total 72704K, used 39047K [0x00000000c0000000, 0x00000000c4700000, 0x00000000eab00000)
  object space 72704K, 53% used [0x00000000c0000000,0x00000000c2621d30,0x00000000c4700000)
 Metaspace       used 6143K, capacity 7152K, committed 7296K, reserved 1056768K
  class space    used 572K, capacity 616K, committed 640K, reserved 1048576K
}
Event: 47.416 GC heap before
{Heap before GC invocations=11 (full 1):
 PSYoungGen      total 129536K, used 123334K [0x00000000eab00000, 0x00000000f8880000, 0x0000000100000000)
  eden space 114176K, 100% used [0x00000000eab00000,0x00000000f1a80000,0x00000000f1a80000)
  from space 15360K, 59% used [0x00000000f1a80000,0x00000000f2371840,0x00000000f2980000)
  to   space 22016K, 0% used [0x00000000f7300000,0x00000000f7300000,0x00000000f8880000)
 ParOldGen       total 72704K, used 39047K [0x00000000c0000000, 0x00000000c4700000, 0x00000000eab00000)
  object space 72704K, 53% used [0x00000000c0000000,0x00000000c2621d30,0x00000000c4700000)
 Metaspace       used 6184K, capacity 7152K, committed 7296K, reserved 1056768K
  class space    used 572K, capacity 616K, committed 640K, reserved 1048576K
Event: 47.704 GC heap after
Heap after GC invocations=11 (full 1):
 PSYoungGen      total 162816K, used 22009K [0x00000000eab00000, 0x00000000f8880000, 0x0000000100000000)
  eden space 140800K, 0% used [0x00000000eab00000,0x00000000eab00000,0x00000000f3480000)
  from space 22016K, 99% used [0x00000000f7300000,0x00000000f887e798,0x00000000f8880000)
  to   space 27648K, 0% used [0x00000000f5280000,0x00000000f5280000,0x00000000f6d80000)
 ParOldGen       total 72704K, used 44641K [0x00000000c0000000, 0x00000000c4700000, 0x00000000eab00000)
  object space 72704K, 61% used [0x00000000c0000000,0x00000000c2b98420,0x00000000c4700000)
 Metaspace       used 6184K, capacity 7152K, committed 7296K, reserved 1056768K
  class space    used 572K, capacity 616K, committed 640K, reserved 1048576K
}
Event: 55.829 GC heap before
{Heap before GC invocations=12 (full 1):
 PSYoungGen      total 162816K, used 162809K [0x00000000eab00000, 0x00000000f8880000, 0x0000000100000000)
  eden space 140800K, 100% used [0x00000000eab00000,0x00000000f3480000,0x00000000f3480000)
  from space 22016K, 99% used [0x00000000f7300000,0x00000000f887e798,0x00000000f8880000)
  to   space 27648K, 0% used [0x00000000f5280000,0x00000000f5280000,0x00000000f6d80000)
 ParOldGen       total 72704K, used 44641K [0x00000000c0000000, 0x00000000c4700000, 0x00000000eab00000)
  object space 72704K, 61% used [0x00000000c0000000,0x00000000c2b98420,0x00000000c4700000)
 Metaspace       used 6192K, capacity 7216K, committed 7296K, reserved 1056768K
  class space    used 572K, capacity 616K, committed 640K, reserved 1048576K
Event: 56.309 GC heap after
Heap after GC invocations=12 (full 1):
 PSYoungGen      total 199168K, used 21406K [0x00000000eab00000, 0x00000000f9200000, 0x0000000100000000)
  eden space 171520K, 0% used [0x00000000eab00000,0x00000000eab00000,0x00000000f5280000)
  from space 27648K, 77% used [0x00000000f5280000,0x00000000f6767a60,0x00000000f6d80000)
  to   space 29696K, 0% used [0x00000000f7500000,0x00000000f7500000,0x00000000f9200000)
 ParOldGen       total 72704K, used 66755K [0x00000000c0000000, 0x00000000c4700000, 0x00000000eab00000)
  object space 72704K, 91% used [0x00000000c0000000,0x00000000c4130ce8,0x00000000c4700000)
 Metaspace       used 6192K, capacity 7216K, committed 7296K, reserved 1056768K
  class space    used 572K, capacity 616K, committed 640K, reserved 1048576K
}
Event: 56.309 GC heap before
{Heap before GC invocations=13 (full 2):
 PSYoungGen      total 199168K, used 21406K [0x00000000eab00000, 0x00000000f9200000, 0x0000000100000000)
  eden space 171520K, 0% used [0x00000000eab00000,0x00000000eab00000,0x00000000f5280000)
  from space 27648K, 77% used [0x00000000f5280000,0x00000000f6767a60,0x00000000f6d80000)
  to   space 29696K, 0% used [0x00000000f7500000,0x00000000f7500000,0x00000000f9200000)
 ParOldGen       total 72704K, used 66755K [0x00000000c0000000, 0x00000000c4700000, 0x00000000eab00000)
  object space 72704K, 91% used [0x00000000c0000000,0x00000000c4130ce8,0x00000000c4700000)
 Metaspace       used 6192K, capacity 7216K, committed 7296K, reserved 1056768K
  class space    used 572K, capacity 616K, committed 640K, reserved 1048576K
Event: 59.956 GC heap after
Heap after GC invocations=13 (full 2):
 PSYoungGen      total 199168K, used 13055K [0x00000000eab00000, 0x00000000f9200000, 0x0000000100000000)
  eden space 171520K, 0% used [0x00000000eab00000,0x00000000eab00000,0x00000000f5280000)
  from space 27648K, 47% used [0x00000000f5280000,0x00000000f5f3ff10,0x00000000f6d80000)
  to   space 29696K, 0% used [0x00000000f7500000,0x00000000f7500000,0x00000000f9200000)
 ParOldGen       total 130560K, used 72408K [0x00000000c0000000, 0x00000000c7f80000, 0x00000000eab00000)
  object space 130560K, 55% used [0x00000000c0000000,0x00000000c46b6020,0x00000000c7f80000)
 Metaspace       used 6192K, capacity 7216K, committed 7296K, reserved 1056768K
  class space    used 572K, capacity 616K, committed 640K, reserved 1048576K
}

