# JRE version: OpenJDK Runtime Environment (8.0_76-b03) (build 1.8.0_76-release-b03)
# Java VM: OpenJDK 64-Bit Server VM (25.76-b03 mixed mode windows-amd64 compressed oops)
Heap:
 PSYoungGen      total 199680K, used 23929K [0x00000000eab00000, 0x00000000f9200000, 0x0000000100000000)
  eden space 172032K, 5% used [0x00000000eab00000,0x00000000eb507a90,0x00000000f5300000)
  from space 27648K, 49% used [0x00000000f5300000,0x00000000f6056ad0,0x00000000f6e00000)
  to   space 29696K, 0% used [0x00000000f7500000,0x00000000f7500000,0x00000000f9200000)
 ParOldGen       total 72192K, used 72165K [0x00000000c0000000, 0x00000000c4680000, 0x00000000eab00000)
  object space 72192K, 99% used [0x00000000c0000000,0x00000000c4679720,0x00000000c4680000)
 Metaspace       used 6199K, capacity 7216K, committed 7296K, reserved 1056768K
  class space    used 573K, capacity 616K, committed 640K, reserved 1048576K
GC Heap History (10 events):
Event: 43.227 GC heap before
{Heap before GC invocations=9 (full 0):
 PSYoungGen      total 125440K, used 125420K [0x00000000eab00000, 0x00000000f3d00000, 0x0000000100000000)
  eden space 113664K, 100% used [0x00000000eab00000,0x00000000f1a00000,0x00000000f1a00000)
  from space 11776K, 99% used [0x00000000f2980000,0x00000000f34fb188,0x00000000f3500000)
  to   space 15872K, 0% used [0x00000000f1a00000,0x00000000f1a00000,0x00000000f2980000)
 ParOldGen       total 38400K, used 28462K [0x00000000c0000000, 0x00000000c2580000, 0x00000000eab00000)
  object space 38400K, 74% used [0x00000000c0000000,0x00000000c1bcb8c0,0x00000000c2580000)
 Metaspace       used 6178K, capacity 7152K, committed 7296K, reserved 1056768K
  class space    used 573K, capacity 616K, committed 640K, reserved 1048576K
Event: 43.439 GC heap after
Heap after GC invocations=9 (full 0):
 PSYoungGen      total 129536K, used 15871K [0x00000000eab00000, 0x00000000f8900000, 0x0000000100000000)
  eden space 113664K, 0% used [0x00000000eab00000,0x00000000eab00000,0x00000000f1a00000)
  from space 15872K, 99% used [0x00000000f1a00000,0x00000000f297fe88,0x00000000f2980000)
  to   space 22528K, 0% used [0x00000000f7300000,0x00000000f7300000,0x00000000f8900000)
 ParOldGen       total 38912K, used 38834K [0x00000000c0000000, 0x00000000c2600000, 0x00000000eab00000)
  object space 38912K, 99% used [0x00000000c0000000,0x00000000c25eca78,0x00000000c2600000)
 Metaspace       used 6178K, capacity 7152K, committed 7296K, reserved 1056768K
  class space    used 573K, capacity 616K, committed 640K, reserved 1048576K
}
Event: 43.440 GC heap before
{Heap before GC invocations=10 (full 1):
 PSYoungGen      total 129536K, used 15871K [0x00000000eab00000, 0x00000000f8900000, 0x0000000100000000)
  eden space 113664K, 0% used [0x00000000eab00000,0x00000000eab00000,0x00000000f1a00000)
  from space 15872K, 99% used [0x00000000f1a00000,0x00000000f297fe88,0x00000000f2980000)
  to   space 22528K, 0% used [0x00000000f7300000,0x00000000f7300000,0x00000000f8900000)
 ParOldGen       total 38912K, used 38834K [0x00000000c0000000, 0x00000000c2600000, 0x00000000eab00000)
  object space 38912K, 99% used [0x00000000c0000000,0x00000000c25eca78,0x00000000c2600000)
 Metaspace       used 6178K, capacity 7152K, committed 7296K, reserved 1056768K
  class space    used 573K, capacity 616K, committed 640K, reserved 1048576K
Event: 45.824 GC heap after
Heap after GC invocations=10 (full 1):
 PSYoungGen      total 129536K, used 9706K [0x00000000eab00000, 0x00000000f8900000, 0x0000000100000000)
  eden space 113664K, 0% used [0x00000000eab00000,0x00000000eab00000,0x00000000f1a00000)
  from space 15872K, 61% used [0x00000000f1a00000,0x00000000f237ab20,0x00000000f2980000)
  to   space 22528K, 0% used [0x00000000f7300000,0x00000000f7300000,0x00000000f8900000)
 ParOldGen       total 72192K, used 38572K [0x00000000c0000000, 0x00000000c4680000, 0x00000000eab00000)
  object space 72192K, 53% used [0x00000000c0000000,0x00000000c25ab168,0x00000000c4680000)
 Metaspace       used 6178K, capacity 7152K, committed 7296K, reserved 1056768K
  class space    used 573K, capacity 616K, committed 640K, reserved 1048576K
}
Event: 55.105 GC heap before
{Heap before GC invocations=11 (full 1):
 PSYoungGen      total 129536K, used 123370K [0x00000000eab00000, 0x00000000f8900000, 0x0000000100000000)
  eden space 113664K, 100% used [0x00000000eab00000,0x00000000f1a00000,0x00000000f1a00000)
  from space 15872K, 61% used [0x00000000f1a00000,0x00000000f237ab20,0x00000000f2980000)
  to   space 22528K, 0% used [0x00000000f7300000,0x00000000f7300000,0x00000000f8900000)
 ParOldGen       total 72192K, used 38572K [0x00000000c0000000, 0x00000000c4680000, 0x00000000eab00000)
  object space 72192K, 53% used [0x00000000c0000000,0x00000000c25ab168,0x00000000c4680000)
 Metaspace       used 6192K, capacity 7216K, committed 7296K, reserved 1056768K
  class space    used 573K, capacity 616K, committed 640K, reserved 1048576K
Event: 55.480 GC heap after
Heap after GC invocations=11 (full 1):
 PSYoungGen      total 163328K, used 22500K [0x00000000eab00000, 0x00000000f8900000, 0x0000000100000000)
  eden space 140800K, 0% used [0x00000000eab00000,0x00000000eab00000,0x00000000f3480000)
  from space 22528K, 99% used [0x00000000f7300000,0x00000000f88f9300,0x00000000f8900000)
  to   space 27648K, 0% used [0x00000000f5300000,0x00000000f5300000,0x00000000f6e00000)
 ParOldGen       total 72192K, used 44344K [0x00000000c0000000, 0x00000000c4680000, 0x00000000eab00000)
  object space 72192K, 61% used [0x00000000c0000000,0x00000000c2b4e368,0x00000000c4680000)
 Metaspace       used 6192K, capacity 7216K, committed 7296K, reserved 1056768K
  class space    used 573K, capacity 616K, committed 640K, reserved 1048576K
}
Event: 62.419 GC heap before
{Heap before GC invocations=12 (full 1):
 PSYoungGen      total 163328K, used 163300K [0x00000000eab00000, 0x00000000f8900000, 0x0000000100000000)
  eden space 140800K, 100% used [0x00000000eab00000,0x00000000f3480000,0x00000000f3480000)
  from space 22528K, 99% used [0x00000000f7300000,0x00000000f88f9300,0x00000000f8900000)
  to   space 27648K, 0% used [0x00000000f5300000,0x00000000f5300000,0x00000000f6e00000)
 ParOldGen       total 72192K, used 44344K [0x00000000c0000000, 0x00000000c4680000, 0x00000000eab00000)
  object space 72192K, 61% used [0x00000000c0000000,0x00000000c2b4e368,0x00000000c4680000)
 Metaspace       used 6199K, capacity 7216K, committed 7296K, reserved 1056768K
  class space    used 573K, capacity 616K, committed 640K, reserved 1048576K
Event: 62.824 GC heap after
Heap after GC invocations=12 (full 1):
 PSYoungGen      total 199680K, used 21518K [0x00000000eab00000, 0x00000000f9200000, 0x0000000100000000)
  eden space 172032K, 0% used [0x00000000eab00000,0x00000000eab00000,0x00000000f5300000)
  from space 27648K, 77% used [0x00000000f5300000,0x00000000f68038c0,0x00000000f6e00000)
  to   space 29696K, 0% used [0x00000000f7500000,0x00000000f7500000,0x00000000f9200000)
 ParOldGen       total 72192K, used 66870K [0x00000000c0000000, 0x00000000c4680000, 0x00000000eab00000)
  object space 72192K, 92% used [0x00000000c0000000,0x00000000c414d9a0,0x00000000c4680000)
 Metaspace       used 6199K, capacity 7216K, committed 7296K, reserved 1056768K
  class space    used 573K, capacity 616K, committed 640K, reserved 1048576K
}
Event: 62.824 GC heap before
{Heap before GC invocations=13 (full 2):
 PSYoungGen      total 199680K, used 21518K [0x00000000eab00000, 0x00000000f9200000, 0x0000000100000000)
  eden space 172032K, 0% used [0x00000000eab00000,0x00000000eab00000,0x00000000f5300000)
  from space 27648K, 77% used [0x00000000f5300000,0x00000000f68038c0,0x00000000f6e00000)
  to   space 29696K, 0% used [0x00000000f7500000,0x00000000f7500000,0x00000000f9200000)
 ParOldGen       total 72192K, used 66870K [0x00000000c0000000, 0x00000000c4680000, 0x00000000eab00000)
  object space 72192K, 92% used [0x00000000c0000000,0x00000000c414d9a0,0x00000000c4680000)
 Metaspace       used 6199K, capacity 7216K, committed 7296K, reserved 1056768K
  class space    used 573K, capacity 616K, committed 640K, reserved 1048576K
Event: 65.788 GC heap after
Heap after GC invocations=13 (full 2):
 PSYoungGen      total 199680K, used 13658K [0x00000000eab00000, 0x00000000f9200000, 0x0000000100000000)
  eden space 172032K, 0% used [0x00000000eab00000,0x00000000eab00000,0x00000000f5300000)
  from space 27648K, 49% used [0x00000000f5300000,0x00000000f6056ad0,0x00000000f6e00000)
  to   space 29696K, 0% used [0x00000000f7500000,0x00000000f7500000,0x00000000f9200000)
 ParOldGen       total 72192K, used 72165K [0x00000000c0000000, 0x00000000c4680000, 0x00000000eab00000)
  object space 72192K, 99% used [0x00000000c0000000,0x00000000c4679720,0x00000000c4680000)
 Metaspace       used 6199K, capacity 7216K, committed 7296K, reserved 1056768K
  class space    used 573K, capacity 616K, committed 640K, reserved 1048576K
}

