# JRE version: OpenJDK Runtime Environment (8.0_76-b03) (build 1.8.0_76-release-b03)
# Java VM: OpenJDK 64-Bit Server VM (25.76-b03 mixed mode windows-amd64 compressed oops)
Heap:
 PSYoungGen      total 242176K, used 179573K [0x00000000eab00000, 0x00000000fe100000, 0x0000000100000000)
  eden space 183808K, 94% used [0x00000000eab00000,0x00000000f53bc728,0x00000000f5e80000)
  from space 58368K, 11% used [0x00000000f5e80000,0x00000000f6520fc0,0x00000000f9780000)
  to   space 54784K, 0% used [0x00000000fab80000,0x00000000fab80000,0x00000000fe100000)
 ParOldGen       total 224256K, used 224032K [0x00000000c0000000, 0x00000000cdb00000, 0x00000000eab00000)
  object space 224256K, 99% used [0x00000000c0000000,0x00000000cdac80c8,0x00000000cdb00000)
 Metaspace       used 6566K, capacity 7472K, committed 7552K, reserved 1056768K
  class space    used 592K, capacity 616K, committed 640K, reserved 1048576K
GC Heap History (10 events):
Event: 62.600 GC heap before
{Heap before GC invocations=17 (full 3):
 PSYoungGen      total 207872K, used 37870K [0x00000000eab00000, 0x00000000fbc00000, 0x0000000100000000)
  eden space 169984K, 0% used [0x00000000eab00000,0x00000000eab00000,0x00000000f5100000)
  from space 37888K, 99% used [0x00000000f8080000,0x00000000fa57ba08,0x00000000fa580000)
  to   space 48640K, 0% used [0x00000000f5100000,0x00000000f5100000,0x00000000f8080000)
 ParOldGen       total 134656K, used 121764K [0x00000000c0000000, 0x00000000c8380000, 0x00000000eab00000)
  object space 134656K, 90% used [0x00000000c0000000,0x00000000c76e91d8,0x00000000c8380000)
 Metaspace       used 6205K, capacity 7216K, committed 7296K, reserved 1056768K
  class space    used 574K, capacity 616K, committed 640K, reserved 1048576K
Event: 67.731 GC heap after
Heap after GC invocations=17 (full 3):
 PSYoungGen      total 207872K, used 23393K [0x00000000eab00000, 0x00000000fbc00000, 0x0000000100000000)
  eden space 169984K, 0% used [0x00000000eab00000,0x00000000eab00000,0x00000000f5100000)
  from space 37888K, 61% used [0x00000000f8080000,0x00000000f9758570,0x00000000fa580000)
  to   space 48640K, 0% used [0x00000000f5100000,0x00000000f5100000,0x00000000f8080000)
 ParOldGen       total 224256K, used 134641K [0x00000000c0000000, 0x00000000cdb00000, 0x00000000eab00000)
  object space 224256K, 60% used [0x00000000c0000000,0x00000000c837c6b0,0x00000000cdb00000)
 Metaspace       used 6205K, capacity 7216K, committed 7296K, reserved 1056768K
  class space    used 574K, capacity 616K, committed 640K, reserved 1048576K
}
Event: 73.111 GC heap before
{Heap before GC invocations=18 (full 3):
 PSYoungGen      total 207872K, used 193377K [0x00000000eab00000, 0x00000000fbc00000, 0x0000000100000000)
  eden space 169984K, 100% used [0x00000000eab00000,0x00000000f5100000,0x00000000f5100000)
  from space 37888K, 61% used [0x00000000f8080000,0x00000000f9758570,0x00000000fa580000)
  to   space 48640K, 0% used [0x00000000f5100000,0x00000000f5100000,0x00000000f8080000)
 ParOldGen       total 224256K, used 134641K [0x00000000c0000000, 0x00000000cdb00000, 0x00000000eab00000)
  object space 224256K, 60% used [0x00000000c0000000,0x00000000c837c6b0,0x00000000cdb00000)
 Metaspace       used 6210K, capacity 7216K, committed 7296K, reserved 1056768K
  class space    used 574K, capacity 616K, committed 640K, reserved 1048576K
Event: 73.599 GC heap after
Heap after GC invocations=18 (full 3):
 PSYoungGen      total 218624K, used 27552K [0x00000000eab00000, 0x00000000fc700000, 0x0000000100000000)
  eden space 169984K, 0% used [0x00000000eab00000,0x00000000eab00000,0x00000000f5100000)
  from space 48640K, 56% used [0x00000000f5100000,0x00000000f6be8000,0x00000000f8080000)
  to   space 48640K, 0% used [0x00000000f9780000,0x00000000f9780000,0x00000000fc700000)
 ParOldGen       total 224256K, used 158238K [0x00000000c0000000, 0x00000000cdb00000, 0x00000000eab00000)
  object space 224256K, 70% used [0x00000000c0000000,0x00000000c9a87928,0x00000000cdb00000)
 Metaspace       used 6210K, capacity 7216K, committed 7296K, reserved 1056768K
  class space    used 574K, capacity 616K, committed 640K, reserved 1048576K
}
Event: 77.293 GC heap before
{Heap before GC invocations=19 (full 3):
 PSYoungGen      total 218624K, used 197536K [0x00000000eab00000, 0x00000000fc700000, 0x0000000100000000)
  eden space 169984K, 100% used [0x00000000eab00000,0x00000000f5100000,0x00000000f5100000)
  from space 48640K, 56% used [0x00000000f5100000,0x00000000f6be8000,0x00000000f8080000)
  to   space 48640K, 0% used [0x00000000f9780000,0x00000000f9780000,0x00000000fc700000)
 ParOldGen       total 224256K, used 158238K [0x00000000c0000000, 0x00000000cdb00000, 0x00000000eab00000)
  object space 224256K, 70% used [0x00000000c0000000,0x00000000c9a87928,0x00000000cdb00000)
 Metaspace       used 6224K, capacity 7216K, committed 7296K, reserved 1056768K
  class space    used 574K, capacity 616K, committed 640K, reserved 1048576K
Event: 77.835 GC heap after
Heap after GC invocations=19 (full 3):
 PSYoungGen      total 232448K, used 48618K [0x00000000eab00000, 0x00000000fe100000, 0x0000000100000000)
  eden space 183808K, 0% used [0x00000000eab00000,0x00000000eab00000,0x00000000f5e80000)
  from space 48640K, 99% used [0x00000000f9780000,0x00000000fc6fabc0,0x00000000fc700000)
  to   space 58368K, 0% used [0x00000000f5e80000,0x00000000f5e80000,0x00000000f9780000)
 ParOldGen       total 224256K, used 163101K [0x00000000c0000000, 0x00000000cdb00000, 0x00000000eab00000)
  object space 224256K, 72% used [0x00000000c0000000,0x00000000c9f476d0,0x00000000cdb00000)
 Metaspace       used 6224K, capacity 7216K, committed 7296K, reserved 1056768K
  class space    used 574K, capacity 616K, committed 640K, reserved 1048576K
}
Event: 81.104 GC heap before
{Heap before GC invocations=20 (full 3):
 PSYoungGen      total 232448K, used 232426K [0x00000000eab00000, 0x00000000fe100000, 0x0000000100000000)
  eden space 183808K, 100% used [0x00000000eab00000,0x00000000f5e80000,0x00000000f5e80000)
  from space 48640K, 99% used [0x00000000f9780000,0x00000000fc6fabc0,0x00000000fc700000)
  to   space 58368K, 0% used [0x00000000f5e80000,0x00000000f5e80000,0x00000000f9780000)
 ParOldGen       total 224256K, used 163101K [0x00000000c0000000, 0x00000000cdb00000, 0x00000000eab00000)
  object space 224256K, 72% used [0x00000000c0000000,0x00000000c9f476d0,0x00000000cdb00000)
 Metaspace       used 6224K, capacity 7216K, committed 7296K, reserved 1056768K
  class space    used 574K, capacity 616K, committed 640K, reserved 1048576K
Event: 81.449 GC heap after
Heap after GC invocations=20 (full 3):
 PSYoungGen      total 242176K, used 22840K [0x00000000eab00000, 0x00000000fe100000, 0x0000000100000000)
  eden space 183808K, 0% used [0x00000000eab00000,0x00000000eab00000,0x00000000f5e80000)
  from space 58368K, 39% used [0x00000000f5e80000,0x00000000f74ce198,0x00000000f9780000)
  to   space 54784K, 0% used [0x00000000fab80000,0x00000000fab80000,0x00000000fe100000)
 ParOldGen       total 224256K, used 211627K [0x00000000c0000000, 0x00000000cdb00000, 0x00000000eab00000)
  object space 224256K, 94% used [0x00000000c0000000,0x00000000cceaafb0,0x00000000cdb00000)
 Metaspace       used 6224K, capacity 7216K, committed 7296K, reserved 1056768K
  class space    used 574K, capacity 616K, committed 640K, reserved 1048576K
}
Event: 81.450 GC heap before
{Heap before GC invocations=21 (full 4):
 PSYoungGen      total 242176K, used 22840K [0x00000000eab00000, 0x00000000fe100000, 0x0000000100000000)
  eden space 183808K, 0% used [0x00000000eab00000,0x00000000eab00000,0x00000000f5e80000)
  from space 58368K, 39% used [0x00000000f5e80000,0x00000000f74ce198,0x00000000f9780000)
  to   space 54784K, 0% used [0x00000000fab80000,0x00000000fab80000,0x00000000fe100000)
 ParOldGen       total 224256K, used 211627K [0x00000000c0000000, 0x00000000cdb00000, 0x00000000eab00000)
  object space 224256K, 94% used [0x00000000c0000000,0x00000000cceaafb0,0x00000000cdb00000)
 Metaspace       used 6224K, capacity 7216K, committed 7296K, reserved 1056768K
  class space    used 574K, capacity 616K, committed 640K, reserved 1048576K
Event: 87.051 GC heap after
Heap after GC invocations=21 (full 4):
 PSYoungGen      total 242176K, used 6787K [0x00000000eab00000, 0x00000000fe100000, 0x0000000100000000)
  eden space 183808K, 0% used [0x00000000eab00000,0x00000000eab00000,0x00000000f5e80000)
  from space 58368K, 11% used [0x00000000f5e80000,0x00000000f6520fc0,0x00000000f9780000)
  to   space 54784K, 0% used [0x00000000fab80000,0x00000000fab80000,0x00000000fe100000)
 ParOldGen       total 224256K, used 224032K [0x00000000c0000000, 0x00000000cdb00000, 0x00000000eab00000)
  object space 224256K, 99% used [0x00000000c0000000,0x00000000cdac80c8,0x00000000cdb00000)
 Metaspace       used 6224K, capacity 7216K, committed 7296K, reserved 1056768K
  class space    used 574K, capacity 616K, committed 640K, reserved 1048576K
}

