# JRE version: OpenJDK Runtime Environment (8.0_76-b03) (build 1.8.0_76-release-b03)
# Java VM: OpenJDK 64-Bit Server VM (25.76-b03 mixed mode windows-amd64 compressed oops)
Heap:
 PSYoungGen      total 115712K, used 19588K [0x00000000eab00000, 0x00000000f7280000, 0x0000000100000000)
  eden space 104448K, 7% used [0x00000000eab00000,0x00000000eb326be8,0x00000000f1100000)
  from space 11264K, 99% used [0x00000000f2a00000,0x00000000f34fa5f8,0x00000000f3500000)
  to   space 25600K, 0% used [0x00000000f1100000,0x00000000f1100000,0x00000000f2a00000)
 ParOldGen       total 76288K, used 51444K [0x00000000c0000000, 0x00000000c4a80000, 0x00000000eab00000)
  object space 76288K, 67% used [0x00000000c0000000,0x00000000c323d268,0x00000000c4a80000)
 Metaspace       used 6180K, capacity 7152K, committed 7296K, reserved 1056768K
  class space    used 571K, capacity 616K, committed 640K, reserved 1048576K
GC Heap History (10 events):
Event: 10.631 GC heap before
{Heap before GC invocations=5 (full 0):
 PSYoungGen      total 61440K, used 61430K [0x00000000eab00000, 0x00000000ee900000, 0x0000000100000000)
  eden space 59392K, 100% used [0x00000000eab00000,0x00000000ee500000,0x00000000ee500000)
  from space 2048K, 99% used [0x00000000ee700000,0x00000000ee8fd948,0x00000000ee900000)
  to   space 2048K, 0% used [0x00000000ee500000,0x00000000ee500000,0x00000000ee700000)
 ParOldGen       total 38400K, used 14973K [0x00000000c0000000, 0x00000000c2580000, 0x00000000eab00000)
  object space 38400K, 38% used [0x00000000c0000000,0x00000000c0e9f618,0x00000000c2580000)
 Metaspace       used 6031K, capacity 7088K, committed 7296K, reserved 1056768K
  class space    used 570K, capacity 616K, committed 640K, reserved 1048576K
Event: 10.732 GC heap after
Heap after GC invocations=5 (full 0):
 PSYoungGen      total 61440K, used 2017K [0x00000000eab00000, 0x00000000f3500000, 0x0000000100000000)
  eden space 59392K, 0% used [0x00000000eab00000,0x00000000eab00000,0x00000000ee500000)
  from space 2048K, 98% used [0x00000000ee500000,0x00000000ee6f8628,0x00000000ee700000)
  to   space 11264K, 0% used [0x00000000f2a00000,0x00000000f2a00000,0x00000000f3500000)
 ParOldGen       total 38400K, used 23975K [0x00000000c0000000, 0x00000000c2580000, 0x00000000eab00000)
  object space 38400K, 62% used [0x00000000c0000000,0x00000000c1769e30,0x00000000c2580000)
 Metaspace       used 6031K, capacity 7088K, committed 7296K, reserved 1056768K
  class space    used 570K, capacity 616K, committed 640K, reserved 1048576K
}
Event: 14.637 GC heap before
{Heap before GC invocations=6 (full 0):
 PSYoungGen      total 61440K, used 61409K [0x00000000eab00000, 0x00000000f3500000, 0x0000000100000000)
  eden space 59392K, 100% used [0x00000000eab00000,0x00000000ee500000,0x00000000ee500000)
  from space 2048K, 98% used [0x00000000ee500000,0x00000000ee6f8628,0x00000000ee700000)
  to   space 11264K, 0% used [0x00000000f2a00000,0x00000000f2a00000,0x00000000f3500000)
 ParOldGen       total 38400K, used 23975K [0x00000000c0000000, 0x00000000c2580000, 0x00000000eab00000)
  object space 38400K, 62% used [0x00000000c0000000,0x00000000c1769e30,0x00000000c2580000)
 Metaspace       used 6066K, capacity 7088K, committed 7296K, reserved 1056768K
  class space    used 570K, capacity 616K, committed 640K, reserved 1048576K
Event: 14.744 GC heap after
Heap after GC invocations=6 (full 0):
 PSYoungGen      total 129024K, used 10193K [0x00000000eab00000, 0x00000000f3700000, 0x0000000100000000)
  eden space 117760K, 0% used [0x00000000eab00000,0x00000000eab00000,0x00000000f1e00000)
  from space 11264K, 90% used [0x00000000f2a00000,0x00000000f33f4590,0x00000000f3500000)
  to   space 12288K, 0% used [0x00000000f1e00000,0x00000000f1e00000,0x00000000f2a00000)
 ParOldGen       total 38400K, used 23975K [0x00000000c0000000, 0x00000000c2580000, 0x00000000eab00000)
  object space 38400K, 62% used [0x00000000c0000000,0x00000000c1769e30,0x00000000c2580000)
 Metaspace       used 6066K, capacity 7088K, committed 7296K, reserved 1056768K
  class space    used 570K, capacity 616K, committed 640K, reserved 1048576K
}
Event: 23.639 GC heap before
{Heap before GC invocations=7 (full 0):
 PSYoungGen      total 129024K, used 127953K [0x00000000eab00000, 0x00000000f3700000, 0x0000000100000000)
  eden space 117760K, 100% used [0x00000000eab00000,0x00000000f1e00000,0x00000000f1e00000)
  from space 11264K, 90% used [0x00000000f2a00000,0x00000000f33f4590,0x00000000f3500000)
  to   space 12288K, 0% used [0x00000000f1e00000,0x00000000f1e00000,0x00000000f2a00000)
 ParOldGen       total 38400K, used 23975K [0x00000000c0000000, 0x00000000c2580000, 0x00000000eab00000)
  object space 38400K, 62% used [0x00000000c0000000,0x00000000c1769e30,0x00000000c2580000)
 Metaspace       used 6119K, capacity 7152K, committed 7296K, reserved 1056768K
  class space    used 571K, capacity 616K, committed 640K, reserved 1048576K
Event: 23.862 GC heap after
Heap after GC invocations=7 (full 0):
 PSYoungGen      total 130048K, used 12282K [0x00000000eab00000, 0x00000000f3700000, 0x0000000100000000)
  eden space 117760K, 0% used [0x00000000eab00000,0x00000000eab00000,0x00000000f1e00000)
  from space 12288K, 99% used [0x00000000f1e00000,0x00000000f29fea30,0x00000000f2a00000)
  to   space 11264K, 0% used [0x00000000f2a00000,0x00000000f2a00000,0x00000000f3500000)
 ParOldGen       total 38400K, used 36659K [0x00000000c0000000, 0x00000000c2580000, 0x00000000eab00000)
  object space 38400K, 95% used [0x00000000c0000000,0x00000000c23cce90,0x00000000c2580000)
 Metaspace       used 6119K, capacity 7152K, committed 7296K, reserved 1056768K
  class space    used 571K, capacity 616K, committed 640K, reserved 1048576K
}
Event: 23.863 GC heap before
{Heap before GC invocations=8 (full 1):
 PSYoungGen      total 130048K, used 12282K [0x00000000eab00000, 0x00000000f3700000, 0x0000000100000000)
  eden space 117760K, 0% used [0x00000000eab00000,0x00000000eab00000,0x00000000f1e00000)
  from space 12288K, 99% used [0x00000000f1e00000,0x00000000f29fea30,0x00000000f2a00000)
  to   space 11264K, 0% used [0x00000000f2a00000,0x00000000f2a00000,0x00000000f3500000)
 ParOldGen       total 38400K, used 36659K [0x00000000c0000000, 0x00000000c2580000, 0x00000000eab00000)
  object space 38400K, 95% used [0x00000000c0000000,0x00000000c23cce90,0x00000000c2580000)
 Metaspace       used 6119K, capacity 7152K, committed 7296K, reserved 1056768K
  class space    used 571K, capacity 616K, committed 640K, reserved 1048576K
Event: 25.761 GC heap after
Heap after GC invocations=8 (full 1):
 PSYoungGen      total 130048K, used 5565K [0x00000000eab00000, 0x00000000f3700000, 0x0000000100000000)
  eden space 117760K, 0% used [0x00000000eab00000,0x00000000eab00000,0x00000000f1e00000)
  from space 12288K, 45% used [0x00000000f1e00000,0x00000000f236f6f8,0x00000000f2a00000)
  to   space 11264K, 0% used [0x00000000f2a00000,0x00000000f2a00000,0x00000000f3500000)
 ParOldGen       total 76288K, used 38112K [0x00000000c0000000, 0x00000000c4a80000, 0x00000000eab00000)
  object space 76288K, 49% used [0x00000000c0000000,0x00000000c2538260,0x00000000c4a80000)
 Metaspace       used 6119K, capacity 7152K, committed 7296K, reserved 1056768K
  class space    used 571K, capacity 616K, committed 640K, reserved 1048576K
}
Event: 31.354 GC heap before
{Heap before GC invocations=9 (full 1):
 PSYoungGen      total 130048K, used 123325K [0x00000000eab00000, 0x00000000f3700000, 0x0000000100000000)
  eden space 117760K, 100% used [0x00000000eab00000,0x00000000f1e00000,0x00000000f1e00000)
  from space 12288K, 45% used [0x00000000f1e00000,0x00000000f236f6f8,0x00000000f2a00000)
  to   space 11264K, 0% used [0x00000000f2a00000,0x00000000f2a00000,0x00000000f3500000)
 ParOldGen       total 76288K, used 38112K [0x00000000c0000000, 0x00000000c4a80000, 0x00000000eab00000)
  object space 76288K, 49% used [0x00000000c0000000,0x00000000c2538260,0x00000000c4a80000)
 Metaspace       used 6180K, capacity 7152K, committed 7296K, reserved 1056768K
  class space    used 571K, capacity 616K, committed 640K, reserved 1048576K
Event: 31.731 GC heap after
Heap after GC invocations=9 (full 1):
 PSYoungGen      total 115712K, used 11241K [0x00000000eab00000, 0x00000000f7280000, 0x0000000100000000)
  eden space 104448K, 0% used [0x00000000eab00000,0x00000000eab00000,0x00000000f1100000)
  from space 11264K, 99% used [0x00000000f2a00000,0x00000000f34fa5f8,0x00000000f3500000)
  to   space 25600K, 0% used [0x00000000f1100000,0x00000000f1100000,0x00000000f2a00000)
 ParOldGen       total 76288K, used 51444K [0x00000000c0000000, 0x00000000c4a80000, 0x00000000eab00000)
  object space 76288K, 67% used [0x00000000c0000000,0x00000000c323d268,0x00000000c4a80000)
 Metaspace       used 6180K, capacity 7152K, committed 7296K, reserved 1056768K
  class space    used 571K, capacity 616K, committed 640K, reserved 1048576K
}

