# JRE version: OpenJDK Runtime Environment (8.0_76-b03) (build 1.8.0_76-release-b03)
# Java VM: OpenJDK 64-Bit Server VM (25.76-b03 mixed mode windows-amd64 compressed oops)
Heap:
 PSYoungGen      total 129024K, used 58224K [0x00000000eab00000, 0x00000000f5480000, 0x0000000100000000)
  eden space 110592K, 35% used [0x00000000eab00000,0x00000000ed1df938,0x00000000f1700000)
  from space 18432K, 99% used [0x00000000f3080000,0x00000000f427c9c0,0x00000000f4280000)
  to   space 15360K, 0% used [0x00000000f4580000,0x00000000f4580000,0x00000000f5480000)
 ParOldGen       total 77824K, used 61008K [0x00000000c0000000, 0x00000000c4c00000, 0x00000000eab00000)
  object space 77824K, 78% used [0x00000000c0000000,0x00000000c3b943b0,0x00000000c4c00000)
 Metaspace       used 6195K, capacity 7216K, committed 7296K, reserved 1056768K
  class space    used 573K, capacity 616K, committed 640K, reserved 1048576K
GC Heap History (10 events):
Event: 43.496 GC heap before
{Heap before GC invocations=10 (full 0):
 PSYoungGen      total 66560K, used 66555K [0x00000000eab00000, 0x00000000f1e00000, 0x0000000100000000)
  eden space 57344K, 100% used [0x00000000eab00000,0x00000000ee300000,0x00000000ee300000)
  from space 9216K, 99% used [0x00000000ee300000,0x00000000eebfed18,0x00000000eec00000)
  to   space 12800K, 0% used [0x00000000f1180000,0x00000000f1180000,0x00000000f1e00000)
 ParOldGen       total 38400K, used 25959K [0x00000000c0000000, 0x00000000c2580000, 0x00000000eab00000)
  object space 38400K, 67% used [0x00000000c0000000,0x00000000c1959cd8,0x00000000c2580000)
 Metaspace       used 6160K, capacity 7152K, committed 7296K, reserved 1056768K
  class space    used 573K, capacity 616K, committed 640K, reserved 1048576K
Event: 43.781 GC heap after
Heap after GC invocations=10 (full 0):
 PSYoungGen      total 100864K, used 12789K [0x00000000eab00000, 0x00000000f2600000, 0x0000000100000000)
  eden space 88064K, 0% used [0x00000000eab00000,0x00000000eab00000,0x00000000f0100000)
  from space 12800K, 99% used [0x00000000f1180000,0x00000000f1dfd7a0,0x00000000f1e00000)
  to   space 16896K, 0% used [0x00000000f0100000,0x00000000f0100000,0x00000000f1180000)
 ParOldGen       total 38400K, used 32421K [0x00000000c0000000, 0x00000000c2580000, 0x00000000eab00000)
  object space 38400K, 84% used [0x00000000c0000000,0x00000000c1fa9430,0x00000000c2580000)
 Metaspace       used 6160K, capacity 7152K, committed 7296K, reserved 1056768K
  class space    used 573K, capacity 616K, committed 640K, reserved 1048576K
}
Event: 53.507 GC heap before
{Heap before GC invocations=11 (full 0):
 PSYoungGen      total 100864K, used 100853K [0x00000000eab00000, 0x00000000f2600000, 0x0000000100000000)
  eden space 88064K, 100% used [0x00000000eab00000,0x00000000f0100000,0x00000000f0100000)
  from space 12800K, 99% used [0x00000000f1180000,0x00000000f1dfd7a0,0x00000000f1e00000)
  to   space 16896K, 0% used [0x00000000f0100000,0x00000000f0100000,0x00000000f1180000)
 ParOldGen       total 38400K, used 32421K [0x00000000c0000000, 0x00000000c2580000, 0x00000000eab00000)
  object space 38400K, 84% used [0x00000000c0000000,0x00000000c1fa9430,0x00000000c2580000)
 Metaspace       used 6175K, capacity 7152K, committed 7296K, reserved 1056768K
  class space    used 573K, capacity 616K, committed 640K, reserved 1048576K
Event: 54.101 GC heap after
Heap after GC invocations=11 (full 0):
 PSYoungGen      total 104960K, used 10571K [0x00000000eab00000, 0x00000000f5600000, 0x0000000100000000)
  eden space 88064K, 0% used [0x00000000eab00000,0x00000000eab00000,0x00000000f0100000)
  from space 16896K, 62% used [0x00000000f0100000,0x00000000f0b52cf8,0x00000000f1180000)
  to   space 16896K, 0% used [0x00000000f4580000,0x00000000f4580000,0x00000000f5600000)
 ParOldGen       total 45056K, used 44891K [0x00000000c0000000, 0x00000000c2c00000, 0x00000000eab00000)
  object space 45056K, 99% used [0x00000000c0000000,0x00000000c2bd6d50,0x00000000c2c00000)
 Metaspace       used 6175K, capacity 7152K, committed 7296K, reserved 1056768K
  class space    used 573K, capacity 616K, committed 640K, reserved 1048576K
}
Event: 54.102 GC heap before
{Heap before GC invocations=12 (full 1):
 PSYoungGen      total 104960K, used 10571K [0x00000000eab00000, 0x00000000f5600000, 0x0000000100000000)
  eden space 88064K, 0% used [0x00000000eab00000,0x00000000eab00000,0x00000000f0100000)
  from space 16896K, 62% used [0x00000000f0100000,0x00000000f0b52cf8,0x00000000f1180000)
  to   space 16896K, 0% used [0x00000000f4580000,0x00000000f4580000,0x00000000f5600000)
 ParOldGen       total 45056K, used 44891K [0x00000000c0000000, 0x00000000c2c00000, 0x00000000eab00000)
  object space 45056K, 99% used [0x00000000c0000000,0x00000000c2bd6d50,0x00000000c2c00000)
 Metaspace       used 6175K, capacity 7152K, committed 7296K, reserved 1056768K
  class space    used 573K, capacity 616K, committed 640K, reserved 1048576K
Event: 57.706 GC heap after
Heap after GC invocations=12 (full 1):
 PSYoungGen      total 104960K, used 4356K [0x00000000eab00000, 0x00000000f5600000, 0x0000000100000000)
  eden space 88064K, 0% used [0x00000000eab00000,0x00000000eab00000,0x00000000f0100000)
  from space 16896K, 25% used [0x00000000f0100000,0x00000000f0541320,0x00000000f1180000)
  to   space 16896K, 0% used [0x00000000f4580000,0x00000000f4580000,0x00000000f5600000)
 ParOldGen       total 77824K, used 44670K [0x00000000c0000000, 0x00000000c4c00000, 0x00000000eab00000)
  object space 77824K, 57% used [0x00000000c0000000,0x00000000c2b9fbe8,0x00000000c4c00000)
 Metaspace       used 6175K, capacity 7152K, committed 7296K, reserved 1056768K
  class space    used 573K, capacity 616K, committed 640K, reserved 1048576K
}
Event: 64.387 GC heap before
{Heap before GC invocations=13 (full 1):
 PSYoungGen      total 104960K, used 92420K [0x00000000eab00000, 0x00000000f5600000, 0x0000000100000000)
  eden space 88064K, 100% used [0x00000000eab00000,0x00000000f0100000,0x00000000f0100000)
  from space 16896K, 25% used [0x00000000f0100000,0x00000000f0541320,0x00000000f1180000)
  to   space 16896K, 0% used [0x00000000f4580000,0x00000000f4580000,0x00000000f5600000)
 ParOldGen       total 77824K, used 44670K [0x00000000c0000000, 0x00000000c4c00000, 0x00000000eab00000)
  object space 77824K, 57% used [0x00000000c0000000,0x00000000c2b9fbe8,0x00000000c4c00000)
 Metaspace       used 6187K, capacity 7152K, committed 7296K, reserved 1056768K
  class space    used 573K, capacity 616K, committed 640K, reserved 1048576K
Event: 64.930 GC heap after
Heap after GC invocations=13 (full 1):
 PSYoungGen      total 125952K, used 15059K [0x00000000eab00000, 0x00000000f5480000, 0x0000000100000000)
  eden space 110592K, 0% used [0x00000000eab00000,0x00000000eab00000,0x00000000f1700000)
  from space 15360K, 98% used [0x00000000f4580000,0x00000000f5434c20,0x00000000f5480000)
  to   space 18432K, 0% used [0x00000000f3080000,0x00000000f3080000,0x00000000f4280000)
 ParOldGen       total 77824K, used 48608K [0x00000000c0000000, 0x00000000c4c00000, 0x00000000eab00000)
  object space 77824K, 62% used [0x00000000c0000000,0x00000000c2f78140,0x00000000c4c00000)
 Metaspace       used 6187K, capacity 7152K, committed 7296K, reserved 1056768K
  class space    used 573K, capacity 616K, committed 640K, reserved 1048576K
}
Event: 71.260 GC heap before
{Heap before GC invocations=14 (full 1):
 PSYoungGen      total 125952K, used 125651K [0x00000000eab00000, 0x00000000f5480000, 0x0000000100000000)
  eden space 110592K, 100% used [0x00000000eab00000,0x00000000f1700000,0x00000000f1700000)
  from space 15360K, 98% used [0x00000000f4580000,0x00000000f5434c20,0x00000000f5480000)
  to   space 18432K, 0% used [0x00000000f3080000,0x00000000f3080000,0x00000000f4280000)
 ParOldGen       total 77824K, used 48608K [0x00000000c0000000, 0x00000000c4c00000, 0x00000000eab00000)
  object space 77824K, 62% used [0x00000000c0000000,0x00000000c2f78140,0x00000000c4c00000)
 Metaspace       used 6190K, capacity 7216K, committed 7296K, reserved 1056768K
  class space    used 573K, capacity 616K, committed 640K, reserved 1048576K
Event: 71.566 GC heap after
Heap after GC invocations=14 (full 1):
 PSYoungGen      total 129024K, used 18418K [0x00000000eab00000, 0x00000000f5480000, 0x0000000100000000)
  eden space 110592K, 0% used [0x00000000eab00000,0x00000000eab00000,0x00000000f1700000)
  from space 18432K, 99% used [0x00000000f3080000,0x00000000f427c9c0,0x00000000f4280000)
  to   space 15360K, 0% used [0x00000000f4580000,0x00000000f4580000,0x00000000f5480000)
 ParOldGen       total 77824K, used 61008K [0x00000000c0000000, 0x00000000c4c00000, 0x00000000eab00000)
  object space 77824K, 78% used [0x00000000c0000000,0x00000000c3b943b0,0x00000000c4c00000)
 Metaspace       used 6190K, capacity 7216K, committed 7296K, reserved 1056768K
  class space    used 573K, capacity 616K, committed 640K, reserved 1048576K
}

