# JRE version: OpenJDK Runtime Environment (8.0_76-b03) (build 1.8.0_76-release-b03)
# Java VM: OpenJDK 64-Bit Server VM (25.76-b03 mixed mode windows-amd64 compressed oops)
Heap:
 PSYoungGen      total 244736K, used 15928K [0x00000000eab00000, 0x00000000fe500000, 0x0000000100000000)
  eden space 185856K, 2% used [0x00000000eab00000,0x00000000eaeadd90,0x00000000f6080000)
  from space 58880K, 20% used [0x00000000f6080000,0x00000000f6c60468,0x00000000f9a00000)
  to   space 55296K, 0% used [0x00000000faf00000,0x00000000faf00000,0x00000000fe500000)
 ParOldGen       total 352256K, used 219173K [0x00000000c0000000, 0x00000000d5800000, 0x00000000eab00000)
  object space 352256K, 62% used [0x00000000c0000000,0x00000000cd609620,0x00000000d5800000)
 Metaspace       used 6230K, capacity 7216K, committed 7296K, reserved 1056768K
  class space    used 574K, capacity 616K, committed 640K, reserved 1048576K
GC Heap History (10 events):
Event: 47.115 GC heap before
{Heap before GC invocations=17 (full 3):
 PSYoungGen      total 210944K, used 37873K [0x00000000eab00000, 0x00000000fbe00000, 0x0000000100000000)
  eden space 173056K, 0% used [0x00000000eab00000,0x00000000eab00000,0x00000000f5400000)
  from space 37888K, 99% used [0x00000000f8380000,0x00000000fa87c580,0x00000000fa880000)
  to   space 48640K, 0% used [0x00000000f5400000,0x00000000f5400000,0x00000000f8380000)
 ParOldGen       total 131584K, used 121087K [0x00000000c0000000, 0x00000000c8080000, 0x00000000eab00000)
  object space 131584K, 92% used [0x00000000c0000000,0x00000000c763fc40,0x00000000c8080000)
 Metaspace       used 6210K, capacity 7216K, committed 7296K, reserved 1056768K
  class space    used 572K, capacity 616K, committed 640K, reserved 1048576K
Event: 50.117 GC heap after
Heap after GC invocations=17 (full 3):
 PSYoungGen      total 210944K, used 25001K [0x00000000eab00000, 0x00000000fbe00000, 0x0000000100000000)
  eden space 173056K, 0% used [0x00000000eab00000,0x00000000eab00000,0x00000000f5400000)
  from space 37888K, 65% used [0x00000000f8380000,0x00000000f9bea4f8,0x00000000fa880000)
  to   space 48640K, 0% used [0x00000000f5400000,0x00000000f5400000,0x00000000f8380000)
 ParOldGen       total 219648K, used 131564K [0x00000000c0000000, 0x00000000cd680000, 0x00000000eab00000)
  object space 219648K, 59% used [0x00000000c0000000,0x00000000c807b080,0x00000000cd680000)
 Metaspace       used 6210K, capacity 7216K, committed 7296K, reserved 1056768K
  class space    used 572K, capacity 616K, committed 640K, reserved 1048576K
}
Event: 56.947 GC heap before
{Heap before GC invocations=18 (full 3):
 PSYoungGen      total 210944K, used 198057K [0x00000000eab00000, 0x00000000fbe00000, 0x0000000100000000)
  eden space 173056K, 100% used [0x00000000eab00000,0x00000000f5400000,0x00000000f5400000)
  from space 37888K, 65% used [0x00000000f8380000,0x00000000f9bea4f8,0x00000000fa880000)
  to   space 48640K, 0% used [0x00000000f5400000,0x00000000f5400000,0x00000000f8380000)
 ParOldGen       total 219648K, used 131564K [0x00000000c0000000, 0x00000000cd680000, 0x00000000eab00000)
  object space 219648K, 59% used [0x00000000c0000000,0x00000000c807b080,0x00000000cd680000)
 Metaspace       used 6215K, capacity 7216K, committed 7296K, reserved 1056768K
  class space    used 573K, capacity 616K, committed 640K, reserved 1048576K
Event: 57.252 GC heap after
Heap after GC invocations=18 (full 3):
 PSYoungGen      total 221696K, used 28064K [0x00000000eab00000, 0x00000000fca00000, 0x0000000100000000)
  eden space 173056K, 0% used [0x00000000eab00000,0x00000000eab00000,0x00000000f5400000)
  from space 48640K, 57% used [0x00000000f5400000,0x00000000f6f68000,0x00000000f8380000)
  to   space 49152K, 0% used [0x00000000f9a00000,0x00000000f9a00000,0x00000000fca00000)
 ParOldGen       total 219648K, used 156793K [0x00000000c0000000, 0x00000000cd680000, 0x00000000eab00000)
  object space 219648K, 71% used [0x00000000c0000000,0x00000000c991e4a0,0x00000000cd680000)
 Metaspace       used 6215K, capacity 7216K, committed 7296K, reserved 1056768K
  class space    used 573K, capacity 616K, committed 640K, reserved 1048576K
}
Event: 61.510 GC heap before
{Heap before GC invocations=19 (full 3):
 PSYoungGen      total 221696K, used 201120K [0x00000000eab00000, 0x00000000fca00000, 0x0000000100000000)
  eden space 173056K, 100% used [0x00000000eab00000,0x00000000f5400000,0x00000000f5400000)
  from space 48640K, 57% used [0x00000000f5400000,0x00000000f6f68000,0x00000000f8380000)
  to   space 49152K, 0% used [0x00000000f9a00000,0x00000000f9a00000,0x00000000fca00000)
 ParOldGen       total 219648K, used 156793K [0x00000000c0000000, 0x00000000cd680000, 0x00000000eab00000)
  object space 219648K, 71% used [0x00000000c0000000,0x00000000c991e4a0,0x00000000cd680000)
 Metaspace       used 6230K, capacity 7216K, committed 7296K, reserved 1056768K
  class space    used 574K, capacity 616K, committed 640K, reserved 1048576K
Event: 61.883 GC heap after
Heap after GC invocations=19 (full 3):
 PSYoungGen      total 235008K, used 49125K [0x00000000eab00000, 0x00000000fe100000, 0x0000000100000000)
  eden space 185856K, 0% used [0x00000000eab00000,0x00000000eab00000,0x00000000f6080000)
  from space 49152K, 99% used [0x00000000f9a00000,0x00000000fc9f9500,0x00000000fca00000)
  to   space 58880K, 0% used [0x00000000f6080000,0x00000000f6080000,0x00000000f9a00000)
 ParOldGen       total 219648K, used 161631K [0x00000000c0000000, 0x00000000cd680000, 0x00000000eab00000)
  object space 219648K, 73% used [0x00000000c0000000,0x00000000c9dd7de8,0x00000000cd680000)
 Metaspace       used 6230K, capacity 7216K, committed 7296K, reserved 1056768K
  class space    used 574K, capacity 616K, committed 640K, reserved 1048576K
}
Event: 65.835 GC heap before
{Heap before GC invocations=20 (full 3):
 PSYoungGen      total 235008K, used 234981K [0x00000000eab00000, 0x00000000fe100000, 0x0000000100000000)
  eden space 185856K, 100% used [0x00000000eab00000,0x00000000f6080000,0x00000000f6080000)
  from space 49152K, 99% used [0x00000000f9a00000,0x00000000fc9f9500,0x00000000fca00000)
  to   space 58880K, 0% used [0x00000000f6080000,0x00000000f6080000,0x00000000f9a00000)
 ParOldGen       total 219648K, used 161631K [0x00000000c0000000, 0x00000000cd680000, 0x00000000eab00000)
  object space 219648K, 73% used [0x00000000c0000000,0x00000000c9dd7de8,0x00000000cd680000)
 Metaspace       used 6230K, capacity 7216K, committed 7296K, reserved 1056768K
  class space    used 574K, capacity 616K, committed 640K, reserved 1048576K
Event: 66.512 GC heap after
Heap after GC invocations=20 (full 3):
 PSYoungGen      total 244736K, used 23141K [0x00000000eab00000, 0x00000000fe500000, 0x0000000100000000)
  eden space 185856K, 0% used [0x00000000eab00000,0x00000000eab00000,0x00000000f6080000)
  from space 58880K, 39% used [0x00000000f6080000,0x00000000f7719730,0x00000000f9a00000)
  to   space 55296K, 0% used [0x00000000faf00000,0x00000000faf00000,0x00000000fe500000)
 ParOldGen       total 219648K, used 210979K [0x00000000c0000000, 0x00000000cd680000, 0x00000000eab00000)
  object space 219648K, 96% used [0x00000000c0000000,0x00000000cce08c60,0x00000000cd680000)
 Metaspace       used 6230K, capacity 7216K, committed 7296K, reserved 1056768K
  class space    used 574K, capacity 616K, committed 640K, reserved 1048576K
}
Event: 66.512 GC heap before
{Heap before GC invocations=21 (full 4):
 PSYoungGen      total 244736K, used 23141K [0x00000000eab00000, 0x00000000fe500000, 0x0000000100000000)
  eden space 185856K, 0% used [0x00000000eab00000,0x00000000eab00000,0x00000000f6080000)
  from space 58880K, 39% used [0x00000000f6080000,0x00000000f7719730,0x00000000f9a00000)
  to   space 55296K, 0% used [0x00000000faf00000,0x00000000faf00000,0x00000000fe500000)
 ParOldGen       total 219648K, used 210979K [0x00000000c0000000, 0x00000000cd680000, 0x00000000eab00000)
  object space 219648K, 96% used [0x00000000c0000000,0x00000000cce08c60,0x00000000cd680000)
 Metaspace       used 6230K, capacity 7216K, committed 7296K, reserved 1056768K
  class space    used 574K, capacity 616K, committed 640K, reserved 1048576K
Event: 72.090 GC heap after
Heap after GC invocations=21 (full 4):
 PSYoungGen      total 244736K, used 12161K [0x00000000eab00000, 0x00000000fe500000, 0x0000000100000000)
  eden space 185856K, 0% used [0x00000000eab00000,0x00000000eab00000,0x00000000f6080000)
  from space 58880K, 20% used [0x00000000f6080000,0x00000000f6c60468,0x00000000f9a00000)
  to   space 55296K, 0% used [0x00000000faf00000,0x00000000faf00000,0x00000000fe500000)
 ParOldGen       total 352256K, used 219173K [0x00000000c0000000, 0x00000000d5800000, 0x00000000eab00000)
  object space 352256K, 62% used [0x00000000c0000000,0x00000000cd609620,0x00000000d5800000)
 Metaspace       used 6230K, capacity 7216K, committed 7296K, reserved 1056768K
  class space    used 574K, capacity 616K, committed 640K, reserved 1048576K
}

