# JRE version: OpenJDK Runtime Environment (8.0_76-b03) (build 1.8.0_76-release-b03)
# Java VM: OpenJDK 64-Bit Server VM (25.76-b03 mixed mode windows-amd64 compressed oops)
Heap:
 PSYoungGen      total 235008K, used 67227K [0x00000000eab00000, 0x00000000fee80000, 0x0000000100000000)
  eden space 186368K, 9% used [0x00000000eab00000,0x00000000ebd2ed20,0x00000000f6100000)
  from space 48640K, 99% used [0x00000000f9980000,0x00000000fc8f82a0,0x00000000fc900000)
  to   space 57856K, 0% used [0x00000000f6100000,0x00000000f6100000,0x00000000f9980000)
 ParOldGen       total 228352K, used 163334K [0x00000000c0000000, 0x00000000cdf00000, 0x00000000eab00000)
  object space 228352K, 71% used [0x00000000c0000000,0x00000000c9f81938,0x00000000cdf00000)
 Metaspace       used 6229K, capacity 7216K, committed 7296K, reserved 1056768K
  class space    used 573K, capacity 616K, committed 640K, reserved 1048576K
GC Heap History (10 events):
Event: 54.735 GC heap before
{Heap before GC invocations=15 (full 2):
 PSYoungGen      total 183808K, used 183779K [0x00000000eab00000, 0x00000000fa280000, 0x0000000100000000)
  eden space 155648K, 100% used [0x00000000eab00000,0x00000000f4300000,0x00000000f4300000)
  from space 28160K, 99% used [0x00000000f6600000,0x00000000f8178ce0,0x00000000f8180000)
  to   space 35840K, 0% used [0x00000000f4300000,0x00000000f4300000,0x00000000f6600000)
 ParOldGen       total 137728K, used 81607K [0x00000000c0000000, 0x00000000c8680000, 0x00000000eab00000)
  object space 137728K, 59% used [0x00000000c0000000,0x00000000c4fb1c90,0x00000000c8680000)
 Metaspace       used 6205K, capacity 7216K, committed 7296K, reserved 1056768K
  class space    used 573K, capacity 616K, committed 640K, reserved 1048576K
Event: 55.105 GC heap after
Heap after GC invocations=15 (full 2):
 PSYoungGen      total 191488K, used 27072K [0x00000000eab00000, 0x00000000fa400000, 0x0000000100000000)
  eden space 155648K, 0% used [0x00000000eab00000,0x00000000eab00000,0x00000000f4300000)
  from space 35840K, 75% used [0x00000000f4300000,0x00000000f5d70010,0x00000000f6600000)
  to   space 38400K, 0% used [0x00000000f7e80000,0x00000000f7e80000,0x00000000fa400000)
 ParOldGen       total 137728K, used 109967K [0x00000000c0000000, 0x00000000c8680000, 0x00000000eab00000)
  object space 137728K, 79% used [0x00000000c0000000,0x00000000c6b63d58,0x00000000c8680000)
 Metaspace       used 6205K, capacity 7216K, committed 7296K, reserved 1056768K
  class space    used 573K, capacity 616K, committed 640K, reserved 1048576K
}
Event: 58.907 GC heap before
{Heap before GC invocations=16 (full 2):
 PSYoungGen      total 191488K, used 182720K [0x00000000eab00000, 0x00000000fa400000, 0x0000000100000000)
  eden space 155648K, 100% used [0x00000000eab00000,0x00000000f4300000,0x00000000f4300000)
  from space 35840K, 75% used [0x00000000f4300000,0x00000000f5d70010,0x00000000f6600000)
  to   space 38400K, 0% used [0x00000000f7e80000,0x00000000f7e80000,0x00000000fa400000)
 ParOldGen       total 137728K, used 109967K [0x00000000c0000000, 0x00000000c8680000, 0x00000000eab00000)
  object space 137728K, 79% used [0x00000000c0000000,0x00000000c6b63d58,0x00000000c8680000)
 Metaspace       used 6210K, capacity 7216K, committed 7296K, reserved 1056768K
  class space    used 573K, capacity 616K, committed 640K, reserved 1048576K
Event: 59.140 GC heap after
Heap after GC invocations=16 (full 2):
 PSYoungGen      total 205824K, used 38374K [0x00000000eab00000, 0x00000000fba80000, 0x0000000100000000)
  eden space 167424K, 0% used [0x00000000eab00000,0x00000000eab00000,0x00000000f4e80000)
  from space 38400K, 99% used [0x00000000f7e80000,0x00000000fa3f98b8,0x00000000fa400000)
  to   space 49152K, 0% used [0x00000000f4e80000,0x00000000f4e80000,0x00000000f7e80000)
 ParOldGen       total 137728K, used 122487K [0x00000000c0000000, 0x00000000c8680000, 0x00000000eab00000)
  object space 137728K, 88% used [0x00000000c0000000,0x00000000c779dd50,0x00000000c8680000)
 Metaspace       used 6210K, capacity 7216K, committed 7296K, reserved 1056768K
  class space    used 573K, capacity 616K, committed 640K, reserved 1048576K
}
Event: 59.140 GC heap before
{Heap before GC invocations=17 (full 3):
 PSYoungGen      total 205824K, used 38374K [0x00000000eab00000, 0x00000000fba80000, 0x0000000100000000)
  eden space 167424K, 0% used [0x00000000eab00000,0x00000000eab00000,0x00000000f4e80000)
  from space 38400K, 99% used [0x00000000f7e80000,0x00000000fa3f98b8,0x00000000fa400000)
  to   space 49152K, 0% used [0x00000000f4e80000,0x00000000f4e80000,0x00000000f7e80000)
 ParOldGen       total 137728K, used 122487K [0x00000000c0000000, 0x00000000c8680000, 0x00000000eab00000)
  object space 137728K, 88% used [0x00000000c0000000,0x00000000c779dd50,0x00000000c8680000)
 Metaspace       used 6210K, capacity 7216K, committed 7296K, reserved 1056768K
  class space    used 573K, capacity 616K, committed 640K, reserved 1048576K
Event: 62.732 GC heap after
Heap after GC invocations=17 (full 3):
 PSYoungGen      total 205824K, used 21906K [0x00000000eab00000, 0x00000000fba80000, 0x0000000100000000)
  eden space 167424K, 0% used [0x00000000eab00000,0x00000000eab00000,0x00000000f4e80000)
  from space 38400K, 57% used [0x00000000f7e80000,0x00000000f93e4ac8,0x00000000fa400000)
  to   space 49152K, 0% used [0x00000000f4e80000,0x00000000f4e80000,0x00000000f7e80000)
 ParOldGen       total 228352K, used 137493K [0x00000000c0000000, 0x00000000cdf00000, 0x00000000eab00000)
  object space 228352K, 60% used [0x00000000c0000000,0x00000000c8645660,0x00000000cdf00000)
 Metaspace       used 6210K, capacity 7216K, committed 7296K, reserved 1056768K
  class space    used 573K, capacity 616K, committed 640K, reserved 1048576K
}
Event: 65.574 GC heap before
{Heap before GC invocations=18 (full 3):
 PSYoungGen      total 205824K, used 189330K [0x00000000eab00000, 0x00000000fba80000, 0x0000000100000000)
  eden space 167424K, 100% used [0x00000000eab00000,0x00000000f4e80000,0x00000000f4e80000)
  from space 38400K, 57% used [0x00000000f7e80000,0x00000000f93e4ac8,0x00000000fa400000)
  to   space 49152K, 0% used [0x00000000f4e80000,0x00000000f4e80000,0x00000000f7e80000)
 ParOldGen       total 228352K, used 137493K [0x00000000c0000000, 0x00000000cdf00000, 0x00000000eab00000)
  object space 228352K, 60% used [0x00000000c0000000,0x00000000c8645660,0x00000000cdf00000)
 Metaspace       used 6216K, capacity 7216K, committed 7296K, reserved 1056768K
  class space    used 573K, capacity 616K, committed 640K, reserved 1048576K
Event: 66.194 GC heap after
Heap after GC invocations=18 (full 3):
 PSYoungGen      total 216576K, used 26880K [0x00000000eab00000, 0x00000000fc900000, 0x0000000100000000)
  eden space 167424K, 0% used [0x00000000eab00000,0x00000000eab00000,0x00000000f4e80000)
  from space 49152K, 54% used [0x00000000f4e80000,0x00000000f68c0000,0x00000000f7e80000)
  to   space 48640K, 0% used [0x00000000f9980000,0x00000000f9980000,0x00000000fc900000)
 ParOldGen       total 228352K, used 159588K [0x00000000c0000000, 0x00000000cdf00000, 0x00000000eab00000)
  object space 228352K, 69% used [0x00000000c0000000,0x00000000c9bd9360,0x00000000cdf00000)
 Metaspace       used 6216K, capacity 7216K, committed 7296K, reserved 1056768K
  class space    used 573K, capacity 616K, committed 640K, reserved 1048576K
}
Event: 69.049 GC heap before
{Heap before GC invocations=19 (full 3):
 PSYoungGen      total 216576K, used 194304K [0x00000000eab00000, 0x00000000fc900000, 0x0000000100000000)
  eden space 167424K, 100% used [0x00000000eab00000,0x00000000f4e80000,0x00000000f4e80000)
  from space 49152K, 54% used [0x00000000f4e80000,0x00000000f68c0000,0x00000000f7e80000)
  to   space 48640K, 0% used [0x00000000f9980000,0x00000000f9980000,0x00000000fc900000)
 ParOldGen       total 228352K, used 159588K [0x00000000c0000000, 0x00000000cdf00000, 0x00000000eab00000)
  object space 228352K, 69% used [0x00000000c0000000,0x00000000c9bd9360,0x00000000cdf00000)
 Metaspace       used 6229K, capacity 7216K, committed 7296K, reserved 1056768K
  class space    used 573K, capacity 616K, committed 640K, reserved 1048576K
Event: 70.776 GC heap after
Heap after GC invocations=19 (full 3):
 PSYoungGen      total 235008K, used 48608K [0x00000000eab00000, 0x00000000fee80000, 0x0000000100000000)
  eden space 186368K, 0% used [0x00000000eab00000,0x00000000eab00000,0x00000000f6100000)
  from space 48640K, 99% used [0x00000000f9980000,0x00000000fc8f82a0,0x00000000fc900000)
  to   space 57856K, 0% used [0x00000000f6100000,0x00000000f6100000,0x00000000f9980000)
 ParOldGen       total 228352K, used 163334K [0x00000000c0000000, 0x00000000cdf00000, 0x00000000eab00000)
  object space 228352K, 71% used [0x00000000c0000000,0x00000000c9f81938,0x00000000cdf00000)
 Metaspace       used 6229K, capacity 7216K, committed 7296K, reserved 1056768K
  class space    used 573K, capacity 616K, committed 640K, reserved 1048576K
}

