# JRE version: OpenJDK Runtime Environment (8.0_76-b03) (build 1.8.0_76-release-b03)
# Java VM: OpenJDK 64-Bit Server VM (25.76-b03 mixed mode windows-amd64 compressed oops)
Heap:
 PSYoungGen      total 215040K, used 65262K [0x00000000eab00000, 0x00000000fc100000, 0x0000000100000000)
  eden space 166400K, 9% used [0x00000000eab00000,0x00000000ebb3faa8,0x00000000f4d80000)
  from space 48640K, 99% used [0x00000000f9180000,0x00000000fc0fc108,0x00000000fc100000)
  to   space 48640K, 0% used [0x00000000f4d80000,0x00000000f4d80000,0x00000000f7d00000)
 ParOldGen       total 220160K, used 159407K [0x00000000c0000000, 0x00000000cd700000, 0x00000000eab00000)
  object space 220160K, 72% used [0x00000000c0000000,0x00000000c9babc80,0x00000000cd700000)
 Metaspace       used 6226K, capacity 7216K, committed 7296K, reserved 1056768K
  class space    used 574K, capacity 616K, committed 640K, reserved 1048576K
GC Heap History (10 events):
Event: 44.150 GC heap before
{Heap before GC invocations=15 (full 2):
 PSYoungGen      total 182272K, used 182243K [0x00000000eab00000, 0x00000000fa180000, 0x0000000100000000)
  eden space 157184K, 100% used [0x00000000eab00000,0x00000000f4480000,0x00000000f4480000)
  from space 25088K, 99% used [0x00000000f6680000,0x00000000f7ef8ce0,0x00000000f7f00000)
  to   space 34816K, 0% used [0x00000000f4480000,0x00000000f4480000,0x00000000f6680000)
 ParOldGen       total 131584K, used 82020K [0x00000000c0000000, 0x00000000c8080000, 0x00000000eab00000)
  object space 131584K, 62% used [0x00000000c0000000,0x00000000c5019190,0x00000000c8080000)
 Metaspace       used 6211K, capacity 7216K, committed 7296K, reserved 1056768K
  class space    used 572K, capacity 616K, committed 640K, reserved 1048576K
Event: 44.357 GC heap after
Heap after GC invocations=15 (full 2):
 PSYoungGen      total 192000K, used 27635K [0x00000000eab00000, 0x00000000fa180000, 0x0000000100000000)
  eden space 157184K, 0% used [0x00000000eab00000,0x00000000eab00000,0x00000000f4480000)
  from space 34816K, 79% used [0x00000000f4480000,0x00000000f5f7ceb0,0x00000000f6680000)
  to   space 37376K, 0% used [0x00000000f7d00000,0x00000000f7d00000,0x00000000fa180000)
 ParOldGen       total 131584K, used 106984K [0x00000000c0000000, 0x00000000c8080000, 0x00000000eab00000)
  object space 131584K, 81% used [0x00000000c0000000,0x00000000c687a1b8,0x00000000c8080000)
 Metaspace       used 6211K, capacity 7216K, committed 7296K, reserved 1056768K
  class space    used 572K, capacity 616K, committed 640K, reserved 1048576K
}
Event: 48.280 GC heap before
{Heap before GC invocations=16 (full 2):
 PSYoungGen      total 192000K, used 184819K [0x00000000eab00000, 0x00000000fa180000, 0x0000000100000000)
  eden space 157184K, 100% used [0x00000000eab00000,0x00000000f4480000,0x00000000f4480000)
  from space 34816K, 79% used [0x00000000f4480000,0x00000000f5f7ceb0,0x00000000f6680000)
  to   space 37376K, 0% used [0x00000000f7d00000,0x00000000f7d00000,0x00000000fa180000)
 ParOldGen       total 131584K, used 106984K [0x00000000c0000000, 0x00000000c8080000, 0x00000000eab00000)
  object space 131584K, 81% used [0x00000000c0000000,0x00000000c687a1b8,0x00000000c8080000)
 Metaspace       used 6215K, capacity 7216K, committed 7296K, reserved 1056768K
  class space    used 572K, capacity 616K, committed 640K, reserved 1048576K
Event: 48.519 GC heap after
Heap after GC invocations=16 (full 2):
 PSYoungGen      total 203776K, used 37361K [0x00000000eab00000, 0x00000000fb900000, 0x0000000100000000)
  eden space 166400K, 0% used [0x00000000eab00000,0x00000000eab00000,0x00000000f4d80000)
  from space 37376K, 99% used [0x00000000f7d00000,0x00000000fa17c580,0x00000000fa180000)
  to   space 48640K, 0% used [0x00000000f4d80000,0x00000000f4d80000,0x00000000f7d00000)
 ParOldGen       total 131584K, used 120559K [0x00000000c0000000, 0x00000000c8080000, 0x00000000eab00000)
  object space 131584K, 91% used [0x00000000c0000000,0x00000000c75bbc40,0x00000000c8080000)
 Metaspace       used 6215K, capacity 7216K, committed 7296K, reserved 1056768K
  class space    used 572K, capacity 616K, committed 640K, reserved 1048576K
}
Event: 48.519 GC heap before
{Heap before GC invocations=17 (full 3):
 PSYoungGen      total 203776K, used 37361K [0x00000000eab00000, 0x00000000fb900000, 0x0000000100000000)
  eden space 166400K, 0% used [0x00000000eab00000,0x00000000eab00000,0x00000000f4d80000)
  from space 37376K, 99% used [0x00000000f7d00000,0x00000000fa17c580,0x00000000fa180000)
  to   space 48640K, 0% used [0x00000000f4d80000,0x00000000f4d80000,0x00000000f7d00000)
 ParOldGen       total 131584K, used 120559K [0x00000000c0000000, 0x00000000c8080000, 0x00000000eab00000)
  object space 131584K, 91% used [0x00000000c0000000,0x00000000c75bbc40,0x00000000c8080000)
 Metaspace       used 6215K, capacity 7216K, committed 7296K, reserved 1056768K
  class space    used 572K, capacity 616K, committed 640K, reserved 1048576K
Event: 52.601 GC heap after
Heap after GC invocations=17 (full 3):
 PSYoungGen      total 203776K, used 23959K [0x00000000eab00000, 0x00000000fb900000, 0x0000000100000000)
  eden space 166400K, 0% used [0x00000000eab00000,0x00000000eab00000,0x00000000f4d80000)
  from space 37376K, 64% used [0x00000000f7d00000,0x00000000f9465ce8,0x00000000fa180000)
  to   space 48640K, 0% used [0x00000000f4d80000,0x00000000f4d80000,0x00000000f7d00000)
 ParOldGen       total 220160K, used 131306K [0x00000000c0000000, 0x00000000cd700000, 0x00000000eab00000)
  object space 220160K, 59% used [0x00000000c0000000,0x00000000c803aa68,0x00000000cd700000)
 Metaspace       used 6215K, capacity 7216K, committed 7296K, reserved 1056768K
  class space    used 572K, capacity 616K, committed 640K, reserved 1048576K
}
Event: 56.497 GC heap before
{Heap before GC invocations=18 (full 3):
 PSYoungGen      total 203776K, used 190359K [0x00000000eab00000, 0x00000000fb900000, 0x0000000100000000)
  eden space 166400K, 100% used [0x00000000eab00000,0x00000000f4d80000,0x00000000f4d80000)
  from space 37376K, 64% used [0x00000000f7d00000,0x00000000f9465ce8,0x00000000fa180000)
  to   space 48640K, 0% used [0x00000000f4d80000,0x00000000f4d80000,0x00000000f7d00000)
 ParOldGen       total 220160K, used 131306K [0x00000000c0000000, 0x00000000cd700000, 0x00000000eab00000)
  object space 220160K, 59% used [0x00000000c0000000,0x00000000c803aa68,0x00000000cd700000)
 Metaspace       used 6221K, capacity 7216K, committed 7296K, reserved 1056768K
  class space    used 574K, capacity 616K, committed 640K, reserved 1048576K
Event: 56.874 GC heap after
Heap after GC invocations=18 (full 3):
 PSYoungGen      total 215040K, used 27156K [0x00000000eab00000, 0x00000000fc100000, 0x0000000100000000)
  eden space 166400K, 0% used [0x00000000eab00000,0x00000000eab00000,0x00000000f4d80000)
  from space 48640K, 55% used [0x00000000f4d80000,0x00000000f68053e0,0x00000000f7d00000)
  to   space 48640K, 0% used [0x00000000f9180000,0x00000000f9180000,0x00000000fc100000)
 ParOldGen       total 220160K, used 155468K [0x00000000c0000000, 0x00000000cd700000, 0x00000000eab00000)
  object space 220160K, 70% used [0x00000000c0000000,0x00000000c97d32a0,0x00000000cd700000)
 Metaspace       used 6221K, capacity 7216K, committed 7296K, reserved 1056768K
  class space    used 574K, capacity 616K, committed 640K, reserved 1048576K
}
Event: 60.220 GC heap before
{Heap before GC invocations=19 (full 3):
 PSYoungGen      total 215040K, used 193556K [0x00000000eab00000, 0x00000000fc100000, 0x0000000100000000)
  eden space 166400K, 100% used [0x00000000eab00000,0x00000000f4d80000,0x00000000f4d80000)
  from space 48640K, 55% used [0x00000000f4d80000,0x00000000f68053e0,0x00000000f7d00000)
  to   space 48640K, 0% used [0x00000000f9180000,0x00000000f9180000,0x00000000fc100000)
 ParOldGen       total 220160K, used 155468K [0x00000000c0000000, 0x00000000cd700000, 0x00000000eab00000)
  object space 220160K, 70% used [0x00000000c0000000,0x00000000c97d32a0,0x00000000cd700000)
 Metaspace       used 6226K, capacity 7216K, committed 7296K, reserved 1056768K
  class space    used 574K, capacity 616K, committed 640K, reserved 1048576K
Event: 60.577 GC heap after
Heap after GC invocations=19 (full 3):
 PSYoungGen      total 215040K, used 48624K [0x00000000eab00000, 0x00000000fc100000, 0x0000000100000000)
  eden space 166400K, 0% used [0x00000000eab00000,0x00000000eab00000,0x00000000f4d80000)
  from space 48640K, 99% used [0x00000000f9180000,0x00000000fc0fc108,0x00000000fc100000)
  to   space 48640K, 0% used [0x00000000f4d80000,0x00000000f4d80000,0x00000000f7d00000)
 ParOldGen       total 220160K, used 159407K [0x00000000c0000000, 0x00000000cd700000, 0x00000000eab00000)
  object space 220160K, 72% used [0x00000000c0000000,0x00000000c9babc80,0x00000000cd700000)
 Metaspace       used 6226K, capacity 7216K, committed 7296K, reserved 1056768K
  class space    used 574K, capacity 616K, committed 640K, reserved 1048576K
}

