# JRE version: OpenJDK Runtime Environment (8.0_76-b03) (build 1.8.0_76-release-b03)
# Java VM: OpenJDK 64-Bit Server VM (25.76-b03 mixed mode windows-amd64 compressed oops)
Heap:
 PSYoungGen      total 130560K, used 117760K [0x00000000eab00000, 0x00000000fb900000, 0x0000000100000000)
  eden space 117760K, 100% used [0x00000000eab00000,0x00000000f1e00000,0x00000000f1e00000)
  from space 12800K, 0% used [0x00000000f1e00000,0x00000000f1e00000,0x00000000f2a80000)
  to   space 20480K, 0% used [0x00000000fa500000,0x00000000fa500000,0x00000000fb900000)
 ParOldGen       total 38400K, used 38223K [0x00000000c0000000, 0x00000000c2580000, 0x00000000eab00000)
  object space 38400K, 99% used [0x00000000c0000000,0x00000000c2553d88,0x00000000c2580000)
 Metaspace       used 6203K, capacity 7216K, committed 7296K, reserved 1056768K
  class space    used 573K, capacity 616K, committed 640K, reserved 1048576K
GC Heap History (10 events):
Event: 50.714 GC heap after
Heap after GC invocations=14 (full 7):
 PSYoungGen      total 130560K, used 75515K [0x00000000eab00000, 0x00000000fb900000, 0x0000000100000000)
  eden space 117760K, 64% used [0x00000000eab00000,0x00000000ef4bec80,0x00000000f1e00000)
  from space 12800K, 0% used [0x00000000f1e00000,0x00000000f1e00000,0x00000000f2a80000)
  to   space 20480K, 0% used [0x00000000fa500000,0x00000000fa500000,0x00000000fb900000)
 ParOldGen       total 38400K, used 38223K [0x00000000c0000000, 0x00000000c2580000, 0x00000000eab00000)
  object space 38400K, 99% used [0x00000000c0000000,0x00000000c2553e08,0x00000000c2580000)
 Metaspace       used 6201K, capacity 7216K, committed 7296K, reserved 1056768K
  class space    used 573K, capacity 616K, committed 640K, reserved 1048576K
}
Event: 51.869 GC heap before
{Heap before GC invocations=15 (full 8):
 PSYoungGen      total 130560K, used 117760K [0x00000000eab00000, 0x00000000fb900000, 0x0000000100000000)
  eden space 117760K, 100% used [0x00000000eab00000,0x00000000f1e00000,0x00000000f1e00000)
  from space 12800K, 0% used [0x00000000f1e00000,0x00000000f1e00000,0x00000000f2a80000)
  to   space 20480K, 0% used [0x00000000fa500000,0x00000000fa500000,0x00000000fb900000)
 ParOldGen       total 38400K, used 38223K [0x00000000c0000000, 0x00000000c2580000, 0x00000000eab00000)
  object space 38400K, 99% used [0x00000000c0000000,0x00000000c2553e08,0x00000000c2580000)
 Metaspace       used 6203K, capacity 7216K, committed 7296K, reserved 1056768K
  class space    used 573K, capacity 616K, committed 640K, reserved 1048576K
Event: 53.280 GC heap after
Heap after GC invocations=15 (full 8):
 PSYoungGen      total 130560K, used 83284K [0x00000000eab00000, 0x00000000fb900000, 0x0000000100000000)
  eden space 117760K, 70% used [0x00000000eab00000,0x00000000efc550c0,0x00000000f1e00000)
  from space 12800K, 0% used [0x00000000f1e00000,0x00000000f1e00000,0x00000000f2a80000)
  to   space 20480K, 0% used [0x00000000fa500000,0x00000000fa500000,0x00000000fb900000)
 ParOldGen       total 38400K, used 38223K [0x00000000c0000000, 0x00000000c2580000, 0x00000000eab00000)
  object space 38400K, 99% used [0x00000000c0000000,0x00000000c2553d88,0x00000000c2580000)
 Metaspace       used 6203K, capacity 7216K, committed 7296K, reserved 1056768K
  class space    used 573K, capacity 616K, committed 640K, reserved 1048576K
}
Event: 54.025 GC heap before
{Heap before GC invocations=16 (full 9):
 PSYoungGen      total 130560K, used 117760K [0x00000000eab00000, 0x00000000fb900000, 0x0000000100000000)
  eden space 117760K, 100% used [0x00000000eab00000,0x00000000f1e00000,0x00000000f1e00000)
  from space 12800K, 0% used [0x00000000f1e00000,0x00000000f1e00000,0x00000000f2a80000)
  to   space 20480K, 0% used [0x00000000fa500000,0x00000000fa500000,0x00000000fb900000)
 ParOldGen       total 38400K, used 38223K [0x00000000c0000000, 0x00000000c2580000, 0x00000000eab00000)
  object space 38400K, 99% used [0x00000000c0000000,0x00000000c2553d88,0x00000000c2580000)
 Metaspace       used 6203K, capacity 7216K, committed 7296K, reserved 1056768K
  class space    used 573K, capacity 616K, committed 640K, reserved 1048576K
Event: 55.086 GC heap after
Heap after GC invocations=16 (full 9):
 PSYoungGen      total 130560K, used 89076K [0x00000000eab00000, 0x00000000fb900000, 0x0000000100000000)
  eden space 117760K, 75% used [0x00000000eab00000,0x00000000f01fd158,0x00000000f1e00000)
  from space 12800K, 0% used [0x00000000f1e00000,0x00000000f1e00000,0x00000000f2a80000)
  to   space 20480K, 0% used [0x00000000fa500000,0x00000000fa500000,0x00000000fb900000)
 ParOldGen       total 38400K, used 38223K [0x00000000c0000000, 0x00000000c2580000, 0x00000000eab00000)
  object space 38400K, 99% used [0x00000000c0000000,0x00000000c2553d88,0x00000000c2580000)
 Metaspace       used 6203K, capacity 7216K, committed 7296K, reserved 1056768K
  class space    used 573K, capacity 616K, committed 640K, reserved 1048576K
}
Event: 55.755 GC heap before
{Heap before GC invocations=17 (full 10):
 PSYoungGen      total 130560K, used 117760K [0x00000000eab00000, 0x00000000fb900000, 0x0000000100000000)
  eden space 117760K, 100% used [0x00000000eab00000,0x00000000f1e00000,0x00000000f1e00000)
  from space 12800K, 0% used [0x00000000f1e00000,0x00000000f1e00000,0x00000000f2a80000)
  to   space 20480K, 0% used [0x00000000fa500000,0x00000000fa500000,0x00000000fb900000)
 ParOldGen       total 38400K, used 38223K [0x00000000c0000000, 0x00000000c2580000, 0x00000000eab00000)
  object space 38400K, 99% used [0x00000000c0000000,0x00000000c2553d88,0x00000000c2580000)
 Metaspace       used 6203K, capacity 7216K, committed 7296K, reserved 1056768K
  class space    used 573K, capacity 616K, committed 640K, reserved 1048576K
Event: 56.794 GC heap after
Heap after GC invocations=17 (full 10):
 PSYoungGen      total 130560K, used 92974K [0x00000000eab00000, 0x00000000fb900000, 0x0000000100000000)
  eden space 117760K, 78% used [0x00000000eab00000,0x00000000f05cb940,0x00000000f1e00000)
  from space 12800K, 0% used [0x00000000f1e00000,0x00000000f1e00000,0x00000000f2a80000)
  to   space 20480K, 0% used [0x00000000fa500000,0x00000000fa500000,0x00000000fb900000)
 ParOldGen       total 38400K, used 38223K [0x00000000c0000000, 0x00000000c2580000, 0x00000000eab00000)
  object space 38400K, 99% used [0x00000000c0000000,0x00000000c2553d88,0x00000000c2580000)
 Metaspace       used 6203K, capacity 7216K, committed 7296K, reserved 1056768K
  class space    used 573K, capacity 616K, committed 640K, reserved 1048576K
}
Event: 57.241 GC heap before
{Heap before GC invocations=18 (full 11):
 PSYoungGen      total 130560K, used 117760K [0x00000000eab00000, 0x00000000fb900000, 0x0000000100000000)
  eden space 117760K, 100% used [0x00000000eab00000,0x00000000f1e00000,0x00000000f1e00000)
  from space 12800K, 0% used [0x00000000f1e00000,0x00000000f1e00000,0x00000000f2a80000)
  to   space 20480K, 0% used [0x00000000fa500000,0x00000000fa500000,0x00000000fb900000)
 ParOldGen       total 38400K, used 38223K [0x00000000c0000000, 0x00000000c2580000, 0x00000000eab00000)
  object space 38400K, 99% used [0x00000000c0000000,0x00000000c2553d88,0x00000000c2580000)
 Metaspace       used 6203K, capacity 7216K, committed 7296K, reserved 1056768K
  class space    used 573K, capacity 616K, committed 640K, reserved 1048576K
Event: 58.462 GC heap after
Heap after GC invocations=18 (full 11):
 PSYoungGen      total 130560K, used 96531K [0x00000000eab00000, 0x00000000fb900000, 0x0000000100000000)
  eden space 117760K, 81% used [0x00000000eab00000,0x00000000f0944d60,0x00000000f1e00000)
  from space 12800K, 0% used [0x00000000f1e00000,0x00000000f1e00000,0x00000000f2a80000)
  to   space 20480K, 0% used [0x00000000fa500000,0x00000000fa500000,0x00000000fb900000)
 ParOldGen       total 38400K, used 38223K [0x00000000c0000000, 0x00000000c2580000, 0x00000000eab00000)
  object space 38400K, 99% used [0x00000000c0000000,0x00000000c2553d88,0x00000000c2580000)
 Metaspace       used 6203K, capacity 7216K, committed 7296K, reserved 1056768K
  class space    used 573K, capacity 616K, committed 640K, reserved 1048576K
}
Event: 58.811 GC heap before
{Heap before GC invocations=19 (full 12):
 PSYoungGen      total 130560K, used 117760K [0x00000000eab00000, 0x00000000fb900000, 0x0000000100000000)
  eden space 117760K, 100% used [0x00000000eab00000,0x00000000f1e00000,0x00000000f1e00000)
  from space 12800K, 0% used [0x00000000f1e00000,0x00000000f1e00000,0x00000000f2a80000)
  to   space 20480K, 0% used [0x00000000fa500000,0x00000000fa500000,0x00000000fb900000)
 ParOldGen       total 38400K, used 38223K [0x00000000c0000000, 0x00000000c2580000, 0x00000000eab00000)
  object space 38400K, 99% used [0x00000000c0000000,0x00000000c2553d88,0x00000000c2580000)
 Metaspace       used 6203K, capacity 7216K, committed 7296K, reserved 1056768K
  class space    used 573K, capacity 616K, committed 640K, reserved 1048576K

