# JRE version: OpenJDK Runtime Environment (8.0_76-b03) (build 1.8.0_76-release-b03)
# Java VM: OpenJDK 64-Bit Server VM (25.76-b03 mixed mode windows-amd64 compressed oops)
Heap:
 PSYoungGen      total 246272K, used 22992K [0x00000000eab00000, 0x00000000fd280000, 0x0000000100000000)
  eden space 198144K, 2% used [0x00000000eab00000,0x00000000eaefaff8,0x00000000f6c80000)
  from space 48128K, 39% used [0x00000000fa380000,0x00000000fb5f90b0,0x00000000fd280000)
  to   space 52224K, 0% used [0x00000000f6c80000,0x00000000f6c80000,0x00000000f9f80000)
 ParOldGen       total 363520K, used 225159K [0x00000000c0000000, 0x00000000d6300000, 0x00000000eab00000)
  object space 363520K, 61% used [0x00000000c0000000,0x00000000cdbe1d00,0x00000000d6300000)
 Metaspace       used 6334K, capacity 7280K, committed 7552K, reserved 1056768K
  class space    used 579K, capacity 616K, committed 640K, reserved 1048576K
GC Heap History (10 events):
Event: 55.496 GC heap before
{Heap before GC invocations=18 (full 3):
 PSYoungGen      total 203264K, used 186773K [0x00000000eab00000, 0x00000000fb900000, 0x0000000100000000)
  eden space 166400K, 100% used [0x00000000eab00000,0x00000000f4d80000,0x00000000f4d80000)
  from space 36864K, 55% used [0x00000000f7c00000,0x00000000f8fe56e0,0x00000000fa000000)
  to   space 47616K, 0% used [0x00000000f4d80000,0x00000000f4d80000,0x00000000f7c00000)
 ParOldGen       total 225280K, used 134390K [0x00000000c0000000, 0x00000000cdc00000, 0x00000000eab00000)
  object space 225280K, 59% used [0x00000000c0000000,0x00000000c833db20,0x00000000cdc00000)
 Metaspace       used 6211K, capacity 7216K, committed 7296K, reserved 1056768K
  class space    used 573K, capacity 616K, committed 640K, reserved 1048576K
Event: 55.787 GC heap after
Heap after GC invocations=18 (full 3):
 PSYoungGen      total 214016K, used 27017K [0x00000000eab00000, 0x00000000fc280000, 0x0000000100000000)
  eden space 166400K, 0% used [0x00000000eab00000,0x00000000eab00000,0x00000000f4d80000)
  from space 47616K, 56% used [0x00000000f4d80000,0x00000000f67e27c8,0x00000000f7c00000)
  to   space 48128K, 0% used [0x00000000f9380000,0x00000000f9380000,0x00000000fc280000)
 ParOldGen       total 225280K, used 154998K [0x00000000c0000000, 0x00000000cdc00000, 0x00000000eab00000)
  object space 225280K, 68% used [0x00000000c0000000,0x00000000c975d9b0,0x00000000cdc00000)
 Metaspace       used 6211K, capacity 7216K, committed 7296K, reserved 1056768K
  class space    used 573K, capacity 616K, committed 640K, reserved 1048576K
}
Event: 61.042 GC heap before
{Heap before GC invocations=19 (full 3):
 PSYoungGen      total 214016K, used 193417K [0x00000000eab00000, 0x00000000fc280000, 0x0000000100000000)
  eden space 166400K, 100% used [0x00000000eab00000,0x00000000f4d80000,0x00000000f4d80000)
  from space 47616K, 56% used [0x00000000f4d80000,0x00000000f67e27c8,0x00000000f7c00000)
  to   space 48128K, 0% used [0x00000000f9380000,0x00000000f9380000,0x00000000fc280000)
 ParOldGen       total 225280K, used 154998K [0x00000000c0000000, 0x00000000cdc00000, 0x00000000eab00000)
  object space 225280K, 68% used [0x00000000c0000000,0x00000000c975d9b0,0x00000000cdc00000)
 Metaspace       used 6225K, capacity 7216K, committed 7296K, reserved 1056768K
  class space    used 573K, capacity 616K, committed 640K, reserved 1048576K
Event: 61.436 GC heap after
Heap after GC invocations=19 (full 3):
 PSYoungGen      total 228864K, used 48112K [0x00000000eab00000, 0x00000000fd680000, 0x0000000100000000)
  eden space 180736K, 0% used [0x00000000eab00000,0x00000000eab00000,0x00000000f5b80000)
  from space 48128K, 99% used [0x00000000f9380000,0x00000000fc27c108,0x00000000fc280000)
  to   space 57344K, 0% used [0x00000000f5b80000,0x00000000f5b80000,0x00000000f9380000)
 ParOldGen       total 225280K, used 159001K [0x00000000c0000000, 0x00000000cdc00000, 0x00000000eab00000)
  object space 225280K, 70% used [0x00000000c0000000,0x00000000c9b46658,0x00000000cdc00000)
 Metaspace       used 6225K, capacity 7216K, committed 7296K, reserved 1056768K
  class space    used 573K, capacity 616K, committed 640K, reserved 1048576K
}
Event: 66.281 GC heap before
{Heap before GC invocations=20 (full 3):
 PSYoungGen      total 228864K, used 228848K [0x00000000eab00000, 0x00000000fd680000, 0x0000000100000000)
  eden space 180736K, 100% used [0x00000000eab00000,0x00000000f5b80000,0x00000000f5b80000)
  from space 48128K, 99% used [0x00000000f9380000,0x00000000fc27c108,0x00000000fc280000)
  to   space 57344K, 0% used [0x00000000f5b80000,0x00000000f5b80000,0x00000000f9380000)
 ParOldGen       total 225280K, used 159001K [0x00000000c0000000, 0x00000000cdc00000, 0x00000000eab00000)
  object space 225280K, 70% used [0x00000000c0000000,0x00000000c9b46658,0x00000000cdc00000)
 Metaspace       used 6225K, capacity 7216K, committed 7296K, reserved 1056768K
  class space    used 573K, capacity 616K, committed 640K, reserved 1048576K
Event: 66.599 GC heap after
Heap after GC invocations=20 (full 3):
 PSYoungGen      total 238080K, used 25298K [0x00000000eab00000, 0x00000000fd900000, 0x0000000100000000)
  eden space 180736K, 0% used [0x00000000eab00000,0x00000000eab00000,0x00000000f5b80000)
  from space 57344K, 44% used [0x00000000f5b80000,0x00000000f7434b98,0x00000000f9380000)
  to   space 54784K, 0% used [0x00000000fa380000,0x00000000fa380000,0x00000000fd900000)
 ParOldGen       total 225280K, used 207250K [0x00000000c0000000, 0x00000000cdc00000, 0x00000000eab00000)
  object space 225280K, 91% used [0x00000000c0000000,0x00000000cca64b98,0x00000000cdc00000)
 Metaspace       used 6225K, capacity 7216K, committed 7296K, reserved 1056768K
  class space    used 573K, capacity 616K, committed 640K, reserved 1048576K
}
Event: 66.600 GC heap before
{Heap before GC invocations=21 (full 4):
 PSYoungGen      total 238080K, used 25298K [0x00000000eab00000, 0x00000000fd900000, 0x0000000100000000)
  eden space 180736K, 0% used [0x00000000eab00000,0x00000000eab00000,0x00000000f5b80000)
  from space 57344K, 44% used [0x00000000f5b80000,0x00000000f7434b98,0x00000000f9380000)
  to   space 54784K, 0% used [0x00000000fa380000,0x00000000fa380000,0x00000000fd900000)
 ParOldGen       total 225280K, used 207250K [0x00000000c0000000, 0x00000000cdc00000, 0x00000000eab00000)
  object space 225280K, 91% used [0x00000000c0000000,0x00000000cca64b98,0x00000000cdc00000)
 Metaspace       used 6225K, capacity 7216K, committed 7296K, reserved 1056768K
  class space    used 573K, capacity 616K, committed 640K, reserved 1048576K
Event: 70.854 GC heap after
Heap after GC invocations=21 (full 4):
 PSYoungGen      total 238080K, used 4690K [0x00000000eab00000, 0x00000000fd900000, 0x0000000100000000)
  eden space 180736K, 0% used [0x00000000eab00000,0x00000000eab00000,0x00000000f5b80000)
  from space 57344K, 8% used [0x00000000f5b80000,0x00000000f6014be8,0x00000000f9380000)
  to   space 54784K, 0% used [0x00000000fa380000,0x00000000fa380000,0x00000000fd900000)
 ParOldGen       total 363520K, used 225151K [0x00000000c0000000, 0x00000000d6300000, 0x00000000eab00000)
  object space 363520K, 61% used [0x00000000c0000000,0x00000000cdbdfd00,0x00000000d6300000)
 Metaspace       used 6225K, capacity 7216K, committed 7296K, reserved 1056768K
  class space    used 573K, capacity 616K, committed 640K, reserved 1048576K
}
Event: 73.524 GC heap before
{Heap before GC invocations=22 (full 4):
 PSYoungGen      total 238080K, used 185426K [0x00000000eab00000, 0x00000000fd900000, 0x0000000100000000)
  eden space 180736K, 100% used [0x00000000eab00000,0x00000000f5b80000,0x00000000f5b80000)
  from space 57344K, 8% used [0x00000000f5b80000,0x00000000f6014be8,0x00000000f9380000)
  to   space 54784K, 0% used [0x00000000fa380000,0x00000000fa380000,0x00000000fd900000)
 ParOldGen       total 363520K, used 225151K [0x00000000c0000000, 0x00000000d6300000, 0x00000000eab00000)
  object space 363520K, 61% used [0x00000000c0000000,0x00000000cdbdfd00,0x00000000d6300000)
 Metaspace       used 6300K, capacity 7216K, committed 7296K, reserved 1056768K
  class space    used 577K, capacity 616K, committed 640K, reserved 1048576K
Event: 73.887 GC heap after
Heap after GC invocations=22 (full 4):
 PSYoungGen      total 246272K, used 18916K [0x00000000eab00000, 0x00000000fd280000, 0x0000000100000000)
  eden space 198144K, 0% used [0x00000000eab00000,0x00000000eab00000,0x00000000f6c80000)
  from space 48128K, 39% used [0x00000000fa380000,0x00000000fb5f90b0,0x00000000fd280000)
  to   space 52224K, 0% used [0x00000000f6c80000,0x00000000f6c80000,0x00000000f9f80000)
 ParOldGen       total 363520K, used 225159K [0x00000000c0000000, 0x00000000d6300000, 0x00000000eab00000)
  object space 363520K, 61% used [0x00000000c0000000,0x00000000cdbe1d00,0x00000000d6300000)
 Metaspace       used 6300K, capacity 7216K, committed 7296K, reserved 1056768K
  class space    used 577K, capacity 616K, committed 640K, reserved 1048576K
}

