# JRE version: OpenJDK Runtime Environment (8.0_76-b03) (build 1.8.0_76-release-b03)
# Java VM: OpenJDK 64-Bit Server VM (25.76-b03 mixed mode windows-amd64 compressed oops)
Heap:
 PSYoungGen      total 129536K, used 13650K [0x00000000eab00000, 0x00000000f8880000, 0x0000000100000000)
  eden space 114176K, 3% used [0x00000000eab00000,0x00000000eaf74c48,0x00000000f1a80000)
  from space 15360K, 59% used [0x00000000f1a80000,0x00000000f235fbf0,0x00000000f2980000)
  to   space 22016K, 0% used [0x00000000f7300000,0x00000000f7300000,0x00000000f8880000)
 ParOldGen       total 38912K, used 38641K [0x00000000c0000000, 0x00000000c2600000, 0x00000000eab00000)
  object space 38912K, 99% used [0x00000000c0000000,0x00000000c25bc4a0,0x00000000c2600000)
 Metaspace       used 6175K, capacity 7152K, committed 7296K, reserved 1056768K
  class space    used 572K, capacity 616K, committed 640K, reserved 1048576K
GC Heap History (10 events):
Event: 12.390 GC heap before
{Heap before GC invocations=6 (full 0):
 PSYoungGen      total 31744K, used 31737K [0x00000000eab00000, 0x00000000ef200000, 0x0000000100000000)
  eden space 29696K, 100% used [0x00000000eab00000,0x00000000ec800000,0x00000000ec800000)
  from space 2048K, 99% used [0x00000000ec800000,0x00000000ec9fe7e0,0x00000000eca00000)
  to   space 6656K, 0% used [0x00000000eeb80000,0x00000000eeb80000,0x00000000ef200000)
 ParOldGen       total 38400K, used 15448K [0x00000000c0000000, 0x00000000c2580000, 0x00000000eab00000)
  object space 38400K, 40% used [0x00000000c0000000,0x00000000c0f160d0,0x00000000c2580000)
 Metaspace       used 6017K, capacity 7088K, committed 7296K, reserved 1056768K
  class space    used 570K, capacity 616K, committed 640K, reserved 1048576K
Event: 12.444 GC heap after
Heap after GC invocations=6 (full 0):
 PSYoungGen      total 65536K, used 6434K [0x00000000eab00000, 0x00000000ef300000, 0x0000000100000000)
  eden space 58880K, 0% used [0x00000000eab00000,0x00000000eab00000,0x00000000ee480000)
  from space 6656K, 96% used [0x00000000eeb80000,0x00000000ef1c89e0,0x00000000ef200000)
  to   space 7168K, 0% used [0x00000000ee480000,0x00000000ee480000,0x00000000eeb80000)
 ParOldGen       total 38400K, used 15456K [0x00000000c0000000, 0x00000000c2580000, 0x00000000eab00000)
  object space 38400K, 40% used [0x00000000c0000000,0x00000000c0f180d0,0x00000000c2580000)
 Metaspace       used 6017K, capacity 7088K, committed 7296K, reserved 1056768K
  class space    used 570K, capacity 616K, committed 640K, reserved 1048576K
}
Event: 19.858 GC heap before
{Heap before GC invocations=7 (full 0):
 PSYoungGen      total 65536K, used 65314K [0x00000000eab00000, 0x00000000ef300000, 0x0000000100000000)
  eden space 58880K, 100% used [0x00000000eab00000,0x00000000ee480000,0x00000000ee480000)
  from space 6656K, 96% used [0x00000000eeb80000,0x00000000ef1c89e0,0x00000000ef200000)
  to   space 7168K, 0% used [0x00000000ee480000,0x00000000ee480000,0x00000000eeb80000)
 ParOldGen       total 38400K, used 15456K [0x00000000c0000000, 0x00000000c2580000, 0x00000000eab00000)
  object space 38400K, 40% used [0x00000000c0000000,0x00000000c0f180d0,0x00000000c2580000)
 Metaspace       used 6045K, capacity 7088K, committed 7296K, reserved 1056768K
  class space    used 571K, capacity 616K, committed 640K, reserved 1048576K
Event: 20.371 GC heap after
Heap after GC invocations=7 (full 0):
 PSYoungGen      total 66048K, used 7145K [0x00000000eab00000, 0x00000000f3500000, 0x0000000100000000)
  eden space 58880K, 0% used [0x00000000eab00000,0x00000000eab00000,0x00000000ee480000)
  from space 7168K, 99% used [0x00000000ee480000,0x00000000eeb7a5c8,0x00000000eeb80000)
  to   space 11776K, 0% used [0x00000000f2980000,0x00000000f2980000,0x00000000f3500000)
 ParOldGen       total 38400K, used 22963K [0x00000000c0000000, 0x00000000c2580000, 0x00000000eab00000)
  object space 38400K, 59% used [0x00000000c0000000,0x00000000c166cdf8,0x00000000c2580000)
 Metaspace       used 6045K, capacity 7088K, committed 7296K, reserved 1056768K
  class space    used 571K, capacity 616K, committed 640K, reserved 1048576K
}
Event: 28.538 GC heap before
{Heap before GC invocations=8 (full 0):
 PSYoungGen      total 66048K, used 66025K [0x00000000eab00000, 0x00000000f3500000, 0x0000000100000000)
  eden space 58880K, 100% used [0x00000000eab00000,0x00000000ee480000,0x00000000ee480000)
  from space 7168K, 99% used [0x00000000ee480000,0x00000000eeb7a5c8,0x00000000eeb80000)
  to   space 11776K, 0% used [0x00000000f2980000,0x00000000f2980000,0x00000000f3500000)
 ParOldGen       total 38400K, used 22963K [0x00000000c0000000, 0x00000000c2580000, 0x00000000eab00000)
  object space 38400K, 59% used [0x00000000c0000000,0x00000000c166cdf8,0x00000000c2580000)
 Metaspace       used 6079K, capacity 7088K, committed 7296K, reserved 1056768K
  class space    used 571K, capacity 616K, committed 640K, reserved 1048576K
Event: 28.880 GC heap after
Heap after GC invocations=8 (full 0):
 PSYoungGen      total 125952K, used 11765K [0x00000000eab00000, 0x00000000f3c00000, 0x0000000100000000)
  eden space 114176K, 0% used [0x00000000eab00000,0x00000000eab00000,0x00000000f1a80000)
  from space 11776K, 99% used [0x00000000f2980000,0x00000000f34fd618,0x00000000f3500000)
  to   space 15360K, 0% used [0x00000000f1a80000,0x00000000f1a80000,0x00000000f2980000)
 ParOldGen       total 38400K, used 28040K [0x00000000c0000000, 0x00000000c2580000, 0x00000000eab00000)
  object space 38400K, 73% used [0x00000000c0000000,0x00000000c1b62328,0x00000000c2580000)
 Metaspace       used 6079K, capacity 7088K, committed 7296K, reserved 1056768K
  class space    used 571K, capacity 616K, committed 640K, reserved 1048576K
}
Event: 38.551 GC heap before
{Heap before GC invocations=9 (full 0):
 PSYoungGen      total 125952K, used 125941K [0x00000000eab00000, 0x00000000f3c00000, 0x0000000100000000)
  eden space 114176K, 100% used [0x00000000eab00000,0x00000000f1a80000,0x00000000f1a80000)
  from space 11776K, 99% used [0x00000000f2980000,0x00000000f34fd618,0x00000000f3500000)
  to   space 15360K, 0% used [0x00000000f1a80000,0x00000000f1a80000,0x00000000f2980000)
 ParOldGen       total 38400K, used 28040K [0x00000000c0000000, 0x00000000c2580000, 0x00000000eab00000)
  object space 38400K, 73% used [0x00000000c0000000,0x00000000c1b62328,0x00000000c2580000)
 Metaspace       used 6175K, capacity 7152K, committed 7296K, reserved 1056768K
  class space    used 572K, capacity 616K, committed 640K, reserved 1048576K
Event: 38.966 GC heap after
Heap after GC invocations=9 (full 0):
 PSYoungGen      total 129536K, used 15336K [0x00000000eab00000, 0x00000000f8880000, 0x0000000100000000)
  eden space 114176K, 0% used [0x00000000eab00000,0x00000000eab00000,0x00000000f1a80000)
  from space 15360K, 99% used [0x00000000f1a80000,0x00000000f297a250,0x00000000f2980000)
  to   space 22016K, 0% used [0x00000000f7300000,0x00000000f7300000,0x00000000f8880000)
 ParOldGen       total 38912K, used 38901K [0x00000000c0000000, 0x00000000c2600000, 0x00000000eab00000)
  object space 38912K, 99% used [0x00000000c0000000,0x00000000c25fd7c0,0x00000000c2600000)
 Metaspace       used 6175K, capacity 7152K, committed 7296K, reserved 1056768K
  class space    used 572K, capacity 616K, committed 640K, reserved 1048576K
}
Event: 38.967 GC heap before
{Heap before GC invocations=10 (full 1):
 PSYoungGen      total 129536K, used 15336K [0x00000000eab00000, 0x00000000f8880000, 0x0000000100000000)
  eden space 114176K, 0% used [0x00000000eab00000,0x00000000eab00000,0x00000000f1a80000)
  from space 15360K, 99% used [0x00000000f1a80000,0x00000000f297a250,0x00000000f2980000)
  to   space 22016K, 0% used [0x00000000f7300000,0x00000000f7300000,0x00000000f8880000)
 ParOldGen       total 38912K, used 38901K [0x00000000c0000000, 0x00000000c2600000, 0x00000000eab00000)
  object space 38912K, 99% used [0x00000000c0000000,0x00000000c25fd7c0,0x00000000c2600000)
 Metaspace       used 6175K, capacity 7152K, committed 7296K, reserved 1056768K
  class space    used 572K, capacity 616K, committed 640K, reserved 1048576K
Event: 42.749 GC heap after
Heap after GC invocations=10 (full 1):
 PSYoungGen      total 129536K, used 9086K [0x00000000eab00000, 0x00000000f8880000, 0x0000000100000000)
  eden space 114176K, 0% used [0x00000000eab00000,0x00000000eab00000,0x00000000f1a80000)
  from space 15360K, 59% used [0x00000000f1a80000,0x00000000f235fbf0,0x00000000f2980000)
  to   space 22016K, 0% used [0x00000000f7300000,0x00000000f7300000,0x00000000f8880000)
 ParOldGen       total 38912K, used 38641K [0x00000000c0000000, 0x00000000c2600000, 0x00000000eab00000)
  object space 38912K, 99% used [0x00000000c0000000,0x00000000c25bc4a0,0x00000000c2600000)
 Metaspace       used 6175K, capacity 7152K, committed 7296K, reserved 1056768K
  class space    used 572K, capacity 616K, committed 640K, reserved 1048576K
}

